[0.000000] (-) TimerEvent: {}
[0.000137] (-) JobUnselected: {'identifier': 'cleanbot_control'}
[0.000327] (-) JobUnselected: {'identifier': 'cleanbot_description'}
[0.000570] (-) JobUnselected: {'identifier': 'rplidar_ros'}
[0.000710] (cleanbot_navigation) JobQueued: {'identifier': 'cleanbot_navigation', 'dependencies': OrderedDict()}
[0.000860] (cleanbot_navigation) JobStarted: {'identifier': 'cleanbot_navigation'}
[0.099533] (-) TimerEvent: {}
[0.199678] (-) TimerEvent: {}
[0.299832] (-) TimerEvent: {}
[0.400005] (-) TimerEvent: {}
[0.481249] (cleanbot_navigation) Command: {'cmd': ['/usr/bin/python3', '-W', 'ignore:setup.py install is deprecated', '-W', 'ignore:easy_install command is deprecated', 'setup.py', 'egg_info', '--egg-base', '../../build/cleanbot_navigation', 'build', '--build-base', '/home/xiaoming/桌面/MOON/Electronic/CleanBot_ws/build/cleanbot_navigation/build', 'install', '--record', '/home/xiaoming/桌面/MOON/Electronic/CleanBot_ws/build/cleanbot_navigation/install.log', '--single-version-externally-managed', 'install_data'], 'cwd': '/home/xiaoming/桌面/MOON/Electronic/CleanBot_ws/src/cleanbot_navigation', 'env': {'GJS_DEBUG_TOPICS': 'JS ERROR;JS LOG', 'LESSOPEN': '| /usr/bin/lesspipe %s', 'VSCODE_CWD': '/home/xiaoming', 'VSCODE_ESM_ENTRYPOINT': 'vs/workbench/api/node/extensionHostProcess', 'GZ_SIM_RESOURCE_PATH': '/opt/ros/jazzy/share', 'USER': 'xiaoming', 'VSCODE_NLS_CONFIG': '{"userLocale":"en-us","osLocale":"zh-cn","resolvedLanguage":"en","defaultMessagesFile":"/usr/share/cursor/resources/app/out/nls.messages.json","locale":"en-us","availableLanguages":{}}', 'GZ_CONFIG_PATH': '/opt/ros/jazzy/opt/gz_sim_vendor/share/gz:/opt/ros/jazzy/opt/sdformat_vendor/share/gz:/opt/ros/jazzy/opt/gz_gui_vendor/share/gz:/opt/ros/jazzy/opt/gz_transport_vendor/share/gz:/opt/ros/jazzy/opt/gz_rendering_vendor/share/gz:/opt/ros/jazzy/opt/gz_plugin_vendor/share/gz:/opt/ros/jazzy/opt/gz_fuel_tools_vendor/share/gz:/opt/ros/jazzy/opt/gz_msgs_vendor/share/gz:/opt/ros/jazzy/opt/gz_common_vendor/share/gz', 'VSCODE_HANDLES_UNCAUGHT_ERRORS': 'true', 'XDG_SESSION_TYPE': 'x11', 'CLUTTER_DISABLE_MIPMAPPED_TEXT': '1', 'SHLVL': '1', 'LD_LIBRARY_PATH': '/home/xiaoming/桌面/MOON/Electronic/CleanBot_ws/install/cleanbot_control/lib:/opt/ros/jazzy/opt/gz_sim_vendor/lib:/opt/ros/jazzy/opt/gz_sensors_vendor/lib:/opt/ros/jazzy/opt/gz_physics_vendor/lib:/opt/ros/jazzy/opt/sdformat_vendor/lib:/opt/ros/jazzy/opt/rviz_ogre_vendor/lib:/opt/ros/jazzy/lib/x86_64-linux-gnu:/opt/ros/jazzy/opt/gz_gui_vendor/lib:/opt/ros/jazzy/opt/gz_transport_vendor/lib:/opt/ros/jazzy/opt/gz_rendering_vendor/lib:/opt/ros/jazzy/opt/gz_plugin_vendor/lib:/opt/ros/jazzy/opt/gz_fuel_tools_vendor/lib:/opt/ros/jazzy/opt/gz_msgs_vendor/lib:/opt/ros/jazzy/opt/gz_common_vendor/lib:/opt/ros/jazzy/opt/gz_math_vendor/lib:/opt/ros/jazzy/opt/gz_utils_vendor/lib:/opt/ros/jazzy/opt/gz_tools_vendor/lib:/opt/ros/jazzy/opt/gz_ogre_next_vendor/lib:/opt/ros/jazzy/opt/gz_dartsim_vendor/lib:/opt/ros/jazzy/opt/gz_cmake_vendor/lib:/opt/ros/jazzy/lib', 'HOME': '/home/xiaoming', 'CHROME_DESKTOP': 'cursor.desktop', 'OLDPWD': '/home/xiaoming/桌面/MOON/Electronic/CleanBot_ws', 'DESKTOP_SESSION': 'ubuntu', 'VSCODE_IPC_HOOK': '/run/user/1000/vscode-279de512-2.1.-main.sock', 'GIO_LAUNCHED_DESKTOP_FILE': '/usr/share/applications/cursor.desktop', 'ROS_PYTHON_VERSION': '3', 'GNOME_SHELL_SESSION_MODE': 'ubuntu', 'GTK_MODULES': 'gail:atk-bridge', 'MANAGERPID': '2309', 'SYSTEMD_EXEC_PID': '2709', 'GSM_SKIP_SSH_AGENT_WORKAROUND': 'true', 'NO_COLOR': '1', 'DBUS_SESSION_BUS_ADDRESS': 'unix:path=/run/user/1000/bus', 'GIO_LAUNCHED_DESKTOP_FILE_PID': '5870', 'VSCODE_CRASH_REPORTER_PROCESS_TYPE': 'extensionHost', 'DEBUGINFOD_URLS': 'https://debuginfod.ubuntu.com', 'VSCODE_L10N_BUNDLE_LOCATION': '', 'COLCON_PREFIX_PATH': '/home/xiaoming/桌面/MOON/Electronic/CleanBot_ws/install', 'ROS_DISTRO': 'jazzy', 'LOGNAME': 'xiaoming', 'FORCE_COLOR': '0', 'JOURNAL_STREAM': '9:27832', '_': '/usr/bin/colcon', 'ROS_VERSION': '2', 'MEMORY_PRESSURE_WATCH': '/sys/fs/cgroup/user.slice/user-1000.slice/user@1000.service/session.slice/org.gnome.Shell@x11.service/memory.pressure', 'XDG_SESSION_CLASS': 'user', 'USERNAME': 'xiaoming', 'TERM': 'dumb', 'GNOME_DESKTOP_SESSION_ID': 'this-is-deprecated', 'COMPOSER_NO_INTERACTION': '1', 'WINDOWPATH': '2', 'PATH': '/opt/ros/jazzy/opt/gz_msgs_vendor/bin:/opt/ros/jazzy/opt/gz_tools_vendor/bin:/opt/ros/jazzy/opt/gz_ogre_next_vendor/bin:/opt/ros/jazzy/bin:/usr/local/sbin:/usr/local/bin:/usr/sbin:/usr/bin:/sbin:/bin:/usr/games:/usr/local/games:/snap/bin:/snap/bin', 'SESSION_MANAGER': 'local/Jarvis:@/tmp/.ICE-unix/2665,unix/Jarvis:/tmp/.ICE-unix/2665', 'INVOCATION_ID': 'dc8489456b734c62a1d9ef850ffd32af', 'XDG_MENU_PREFIX': 'gnome-', 'VSCODE_PROCESS_TITLE': 'extension-host  [1-1]', 'XDG_RUNTIME_DIR': '/run/user/1000', 'GDK_BACKEND': 'x11', 'CURSOR_AGENT': '1', 'DISPLAY': ':1', 'LANG': 'zh_CN.UTF-8', 'XDG_CURRENT_DESKTOP': 'Unity', 'XMODIFIERS': '@im=ibus', 'XDG_SESSION_DESKTOP': 'ubuntu', 'XAUTHORITY': '/run/user/1000/gdm/Xauthority', 'LS_COLORS': '', 'SBX_CHROME_API_RQ': '1', 'CURSOR_TRACE_ID': 'a8619cd097c64cbc87f8886855f32224', 'SSH_AUTH_SOCK': '/run/user/1000/keyring/ssh', 'ROS_DOMAIN_ID': '42', 'AMENT_PREFIX_PATH': '/home/xiaoming/桌面/MOON/Electronic/CleanBot_ws/install/rplidar_ros:/home/xiaoming/桌面/MOON/Electronic/CleanBot_ws/install/cleanbot_navigation:/home/xiaoming/桌面/MOON/Electronic/CleanBot_ws/install/cleanbot_description:/home/xiaoming/桌面/MOON/Electronic/CleanBot_ws/install/cleanbot_control:/opt/ros/jazzy', 'ORIGINAL_XDG_CURRENT_DESKTOP': 'ubuntu:GNOME', 'SHELL': '/bin/bash', 'QT_ACCESSIBILITY': '1', 'GDMSESSION': 'ubuntu', 'LESSCLOSE': '/usr/bin/lesspipe %s %s', 'GPG_AGENT_INFO': '/run/user/1000/gnupg/S.gpg-agent:0:1', 'GJS_DEBUG_OUTPUT': 'stderr', 'ROS_AUTOMATIC_DISCOVERY_RANGE': 'SUBNET', 'QT_IM_MODULE': 'ibus', 'PWD': '/home/xiaoming/桌面/MOON/Electronic/CleanBot_ws/build/cleanbot_navigation', 'XDG_CONFIG_DIRS': '/etc/xdg/xdg-ubuntu:/etc/xdg', 'VSCODE_CODE_CACHE_PATH': '/home/xiaoming/.config/Cursor/CachedData/60d42bed27e5775c43ec0428d8c653c49e58e260', 'XDG_DATA_DIRS': '/usr/share/ubuntu:/usr/share/gnome:/usr/local/share/:/usr/share/:/var/lib/snapd/desktop', 'QTWEBENGINE_DICTIONARIES_PATH': '/usr/share/hunspell-bdic/', 'PYTHONPATH': '/home/xiaoming/桌面/MOON/Electronic/CleanBot_ws/build/cleanbot_navigation/prefix_override:/usr/lib/python3/dist-packages/colcon_core/task/python/colcon_distutils_commands:/home/xiaoming/桌面/MOON/Electronic/CleanBot_ws/install/cleanbot_navigation/lib/python3.12/site-packages:/home/xiaoming/桌面/MOON/Electronic/CleanBot_ws/install/cleanbot_navigation/lib/python3.12/site-packages:/opt/ros/jazzy/lib/python3.12/site-packages', 'COLCON': '1', '_ZO_DOCTOR': '0', 'MEMORY_PRESSURE_WRITE': 'c29tZSAyMDAwMDAgMjAwMDAwMAA=', 'CMAKE_PREFIX_PATH': '/home/xiaoming/桌面/MOON/Electronic/CleanBot_ws/install/rplidar_ros:/home/xiaoming/桌面/MOON/Electronic/CleanBot_ws/install/cleanbot_description:/home/xiaoming/桌面/MOON/Electronic/CleanBot_ws/install/cleanbot_control:/opt/ros/jazzy/opt/gz_sim_vendor:/opt/ros/jazzy/opt/gz_sensors_vendor:/opt/ros/jazzy/opt/gz_physics_vendor:/opt/ros/jazzy/opt/sdformat_vendor:/opt/ros/jazzy/opt/gz_gui_vendor:/opt/ros/jazzy/opt/gz_transport_vendor:/opt/ros/jazzy/opt/gz_rendering_vendor:/opt/ros/jazzy/opt/gz_plugin_vendor:/opt/ros/jazzy/opt/gz_fuel_tools_vendor:/opt/ros/jazzy/opt/gz_msgs_vendor:/opt/ros/jazzy/opt/gz_common_vendor:/opt/ros/jazzy/opt/gz_math_vendor:/opt/ros/jazzy/opt/gz_utils_vendor:/opt/ros/jazzy/opt/gz_tools_vendor:/opt/ros/jazzy/opt/gz_ogre_next_vendor:/opt/ros/jazzy/opt/gz_dartsim_vendor:/opt/ros/jazzy/opt/gz_cmake_vendor', 'VSCODE_PID': '5870'}, 'shell': False}
[0.500116] (-) TimerEvent: {}
[0.600336] (-) TimerEvent: {}
[0.647633] (cleanbot_navigation) StdoutLine: {'line': b'running egg_info\n'}
[0.658116] (cleanbot_navigation) StdoutLine: {'line': b'writing ../../build/cleanbot_navigation/cleanbot_navigation.egg-info/PKG-INFO\n'}
[0.658349] (cleanbot_navigation) StdoutLine: {'line': b'writing dependency_links to ../../build/cleanbot_navigation/cleanbot_navigation.egg-info/dependency_links.txt\n'}
[0.658552] (cleanbot_navigation) StdoutLine: {'line': b'writing entry points to ../../build/cleanbot_navigation/cleanbot_navigation.egg-info/entry_points.txt\n'}
[0.658673] (cleanbot_navigation) StdoutLine: {'line': b'writing requirements to ../../build/cleanbot_navigation/cleanbot_navigation.egg-info/requires.txt\n'}
[0.658769] (cleanbot_navigation) StdoutLine: {'line': b'writing top-level names to ../../build/cleanbot_navigation/cleanbot_navigation.egg-info/top_level.txt\n'}
[0.679075] (cleanbot_navigation) StdoutLine: {'line': b"reading manifest file '../../build/cleanbot_navigation/cleanbot_navigation.egg-info/SOURCES.txt'\n"}
[0.679560] (cleanbot_navigation) StdoutLine: {'line': b"writing manifest file '../../build/cleanbot_navigation/cleanbot_navigation.egg-info/SOURCES.txt'\n"}
[0.679696] (cleanbot_navigation) StdoutLine: {'line': b'running build\n'}
[0.679804] (cleanbot_navigation) StdoutLine: {'line': b'running build_py\n'}
[0.679892] (cleanbot_navigation) StdoutLine: {'line': b'copying cleanbot_navigation/navigation_mode_manager.py -> /home/xiaoming/\xe6\xa1\x8c\xe9\x9d\xa2/MOON/Electronic/CleanBot_ws/build/cleanbot_navigation/build/lib/cleanbot_navigation\n'}
[0.679999] (cleanbot_navigation) StdoutLine: {'line': b'running install\n'}
[0.683834] (cleanbot_navigation) StdoutLine: {'line': b'running install_lib\n'}
[0.694596] (cleanbot_navigation) StdoutLine: {'line': b'copying /home/xiaoming/\xe6\xa1\x8c\xe9\x9d\xa2/MOON/Electronic/CleanBot_ws/build/cleanbot_navigation/build/lib/cleanbot_navigation/navigation_mode_manager.py -> /home/xiaoming/\xe6\xa1\x8c\xe9\x9d\xa2/MOON/Electronic/CleanBot_ws/install/cleanbot_navigation/lib/python3.12/site-packages/cleanbot_navigation\n'}
[0.694952] (cleanbot_navigation) StdoutLine: {'line': b'byte-compiling /home/xiaoming/\xe6\xa1\x8c\xe9\x9d\xa2/MOON/Electronic/CleanBot_ws/install/cleanbot_navigation/lib/python3.12/site-packages/cleanbot_navigation/navigation_mode_manager.py to navigation_mode_manager.cpython-312.pyc\n'}
[0.697340] (cleanbot_navigation) StdoutLine: {'line': b'running install_data\n'}
[0.697443] (cleanbot_navigation) StdoutLine: {'line': b'copying config/slam_toolbox.yaml -> /home/xiaoming/\xe6\xa1\x8c\xe9\x9d\xa2/MOON/Electronic/CleanBot_ws/install/cleanbot_navigation/share/cleanbot_navigation/config\n'}
[0.697591] (cleanbot_navigation) StdoutLine: {'line': b'running install_egg_info\n'}
[0.700434] (-) TimerEvent: {}
[0.710422] (cleanbot_navigation) StdoutLine: {'line': b"removing '/home/xiaoming/\xe6\xa1\x8c\xe9\x9d\xa2/MOON/Electronic/CleanBot_ws/install/cleanbot_navigation/lib/python3.12/site-packages/cleanbot_navigation-0.0.0-py3.12.egg-info' (and everything under it)\n"}
[0.710598] (cleanbot_navigation) StdoutLine: {'line': b'Copying ../../build/cleanbot_navigation/cleanbot_navigation.egg-info to /home/xiaoming/\xe6\xa1\x8c\xe9\x9d\xa2/MOON/Electronic/CleanBot_ws/install/cleanbot_navigation/lib/python3.12/site-packages/cleanbot_navigation-0.0.0-py3.12.egg-info\n'}
[0.711058] (cleanbot_navigation) StdoutLine: {'line': b'running install_scripts\n'}
[0.785159] (cleanbot_navigation) StdoutLine: {'line': b'Installing navigation_mode_manager script to /home/xiaoming/\xe6\xa1\x8c\xe9\x9d\xa2/MOON/Electronic/CleanBot_ws/install/cleanbot_navigation/lib/cleanbot_navigation\n'}
[0.785381] (cleanbot_navigation) StdoutLine: {'line': b"writing list of installed files to '/home/xiaoming/\xe6\xa1\x8c\xe9\x9d\xa2/MOON/Electronic/CleanBot_ws/build/cleanbot_navigation/install.log'\n"}
[0.800518] (-) TimerEvent: {}
[0.805517] (cleanbot_navigation) CommandEnded: {'returncode': 0}
[0.810595] (cleanbot_navigation) JobEnded: {'identifier': 'cleanbot_navigation', 'rc': 0}
[0.810924] (-) EventReactorShutdown: {}
