[0.469s] Invoking command in '/home/xiaoming/桌面/MOON/Electronic/CleanBot_ws/src/cleanbot_navigation': DEBUGINFOD_URLS=https://debuginfod.ubuntu.com PYTHONPATH=/home/xiaoming/桌面/MOON/Electronic/CleanBot_ws/build/cleanbot_navigation/prefix_override:/usr/lib/python3/dist-packages/colcon_core/task/python/colcon_distutils_commands:/home/xiaoming/桌面/MOON/Electronic/CleanBot_ws/install/cleanbot_navigation/lib/python3.12/site-packages:${PYTHONPATH} /usr/bin/python3 -W ignore:setup.py install is deprecated -W ignore:easy_install command is deprecated setup.py egg_info --egg-base ../../build/cleanbot_navigation build --build-base /home/xiaoming/桌面/MOON/Electronic/CleanBot_ws/build/cleanbot_navigation/build install --record /home/xiaoming/桌面/MOON/Electronic/CleanBot_ws/build/cleanbot_navigation/install.log --single-version-externally-managed install_data
[0.616s] running egg_info
[0.625s] writing ../../build/cleanbot_navigation/cleanbot_navigation.egg-info/PKG-INFO
[0.625s] writing dependency_links to ../../build/cleanbot_navigation/cleanbot_navigation.egg-info/dependency_links.txt
[0.625s] writing entry points to ../../build/cleanbot_navigation/cleanbot_navigation.egg-info/entry_points.txt
[0.625s] writing requirements to ../../build/cleanbot_navigation/cleanbot_navigation.egg-info/requires.txt
[0.625s] writing top-level names to ../../build/cleanbot_navigation/cleanbot_navigation.egg-info/top_level.txt
[0.645s] reading manifest file '../../build/cleanbot_navigation/cleanbot_navigation.egg-info/SOURCES.txt'
[0.645s] writing manifest file '../../build/cleanbot_navigation/cleanbot_navigation.egg-info/SOURCES.txt'
[0.645s] running build
[0.645s] running build_py
[0.645s] running install
[0.649s] running install_lib
[0.659s] running install_data
[0.659s] copying launch/slam_only.launch.py -> /home/xiaoming/桌面/MOON/Electronic/CleanBot_ws/install/cleanbot_navigation/share/cleanbot_navigation/launch
[0.659s] copying config/slam_toolbox.yaml -> /home/xiaoming/桌面/MOON/Electronic/CleanBot_ws/install/cleanbot_navigation/share/cleanbot_navigation/config
[0.659s] running install_egg_info
[0.669s] removing '/home/xiaoming/桌面/MOON/Electronic/CleanBot_ws/install/cleanbot_navigation/lib/python3.12/site-packages/cleanbot_navigation-0.0.0-py3.12.egg-info' (and everything under it)
[0.670s] Copying ../../build/cleanbot_navigation/cleanbot_navigation.egg-info to /home/xiaoming/桌面/MOON/Electronic/CleanBot_ws/install/cleanbot_navigation/lib/python3.12/site-packages/cleanbot_navigation-0.0.0-py3.12.egg-info
[0.670s] running install_scripts
[0.739s] Installing navigation_mode_manager script to /home/xiaoming/桌面/MOON/Electronic/CleanBot_ws/install/cleanbot_navigation/lib/cleanbot_navigation
[0.739s] writing list of installed files to '/home/xiaoming/桌面/MOON/Electronic/CleanBot_ws/build/cleanbot_navigation/install.log'
[0.755s] Invoked command in '/home/xiaoming/桌面/MOON/Electronic/CleanBot_ws/src/cleanbot_navigation' returned '0': DEBUGINFOD_URLS=https://debuginfod.ubuntu.com PYTHONPATH=/home/xiaoming/桌面/MOON/Electronic/CleanBot_ws/build/cleanbot_navigation/prefix_override:/usr/lib/python3/dist-packages/colcon_core/task/python/colcon_distutils_commands:/home/xiaoming/桌面/MOON/Electronic/CleanBot_ws/install/cleanbot_navigation/lib/python3.12/site-packages:${PYTHONPATH} /usr/bin/python3 -W ignore:setup.py install is deprecated -W ignore:easy_install command is deprecated setup.py egg_info --egg-base ../../build/cleanbot_navigation build --build-base /home/xiaoming/桌面/MOON/Electronic/CleanBot_ws/build/cleanbot_navigation/build install --record /home/xiaoming/桌面/MOON/Electronic/CleanBot_ws/build/cleanbot_navigation/install.log --single-version-externally-managed install_data
