[0.011s] Invoking command in '/home/xiaoming/桌面/MOON/Electronic/CleanBot_ws/build/cleanbot_control': CMAKE_PREFIX_PATH=${CMAKE_PREFIX_PATH}:/opt/ros/jazzy DEBUGINFOD_URLS=https://debuginfod.ubuntu.com /usr/bin/cmake /home/xiaoming/桌面/MOON/Electronic/CleanBot_ws/src/cleanbot_control -DCMAKE_INSTALL_PREFIX=/home/xiaoming/桌面/MOON/Electronic/CleanBot_ws/install/cleanbot_control
[0.036s] -- Found ament_cmake: 2.5.4 (/opt/ros/jazzy/share/ament_cmake/cmake)
[0.187s] -- Override CMake install command with custom implementation using symlinks instead of copying resources
[0.199s] -- Found rclcpp: 28.1.13 (/opt/ros/jazzy/share/rclcpp/cmake)
[0.224s] -- Found rosidl_generator_c: 4.6.6 (/opt/ros/jazzy/share/rosidl_generator_c/cmake)
[0.231s] -- Found rosidl_generator_cpp: 4.6.6 (/opt/ros/jazzy/share/rosidl_generator_cpp/cmake)
[0.240s] -- Using all available rosidl_typesupport_c: rosidl_typesupport_fastrtps_c;rosidl_typesupport_introspection_c
[0.252s] -- Using all available rosidl_typesupport_cpp: rosidl_typesupport_fastrtps_cpp;rosidl_typesupport_introspection_cpp
[0.300s] -- Found rmw_implementation_cmake: 7.3.2 (/opt/ros/jazzy/share/rmw_implementation_cmake/cmake)
[0.302s] -- Found rmw_fastrtps_cpp: 8.4.3 (/opt/ros/jazzy/share/rmw_fastrtps_cpp/cmake)
[0.358s] -- Using RMW implementation 'rmw_fastrtps_cpp' as default
[0.409s] -- Found rclpy: 7.1.6 (/opt/ros/jazzy/share/rclpy/cmake)
[0.409s] -- Found std_msgs: 5.3.6 (/opt/ros/jazzy/share/std_msgs/cmake)
[0.420s] -- Found sensor_msgs: 5.3.6 (/opt/ros/jazzy/share/sensor_msgs/cmake)
[0.448s] -- Found nav_msgs: 5.3.6 (/opt/ros/jazzy/share/nav_msgs/cmake)
[0.469s] -- Found tf2: 0.36.16 (/opt/ros/jazzy/share/tf2/cmake)
[0.473s] -- Found tf2_ros: 0.36.16 (/opt/ros/jazzy/share/tf2_ros/cmake)
[0.737s] -- 找到ros2_control依赖，将编译硬件接口
[0.739s] -- Found ament_lint_auto: 0.17.3 (/opt/ros/jazzy/share/ament_lint_auto/cmake)
[0.803s] -- Added test 'cppcheck' to perform static code analysis on C / C++ code
[0.803s] -- Configured cppcheck include dirs: $<BUILD_INTERFACE:/home/xiaoming/桌面/MOON/Electronic/CleanBot_ws/src/cleanbot_control/include>
[0.804s] -- Configured cppcheck exclude dirs and/or files: 
[0.804s] -- Added test 'flake8' to check Python code syntax and style conventions
[0.804s] -- Configured 'flake8' exclude dirs and/or files: 
[0.804s] -- Added test 'lint_cmake' to check CMake code style
[0.804s] -- Added test 'pep257' to check Python code against some of the docstring style conventions in PEP 257
[0.805s] -- Added test 'uncrustify' to check C / C++ code style
[0.805s] -- Configured uncrustify additional arguments: 
[0.805s] -- Added test 'xmllint' to check XML markup files
[0.808s] -- Configuring done (0.8s)
[0.823s] -- Generating done (0.0s)
[0.826s] -- Build files have been written to: /home/xiaoming/桌面/MOON/Electronic/CleanBot_ws/build/cleanbot_control
[0.834s] Invoked command in '/home/xiaoming/桌面/MOON/Electronic/CleanBot_ws/build/cleanbot_control' returned '0': CMAKE_PREFIX_PATH=${CMAKE_PREFIX_PATH}:/opt/ros/jazzy DEBUGINFOD_URLS=https://debuginfod.ubuntu.com /usr/bin/cmake /home/xiaoming/桌面/MOON/Electronic/CleanBot_ws/src/cleanbot_control -DCMAKE_INSTALL_PREFIX=/home/xiaoming/桌面/MOON/Electronic/CleanBot_ws/install/cleanbot_control
[0.835s] Invoking command in '/home/xiaoming/桌面/MOON/Electronic/CleanBot_ws/build/cleanbot_control': CMAKE_PREFIX_PATH=${CMAKE_PREFIX_PATH}:/opt/ros/jazzy DEBUGINFOD_URLS=https://debuginfod.ubuntu.com /usr/bin/cmake --build /home/xiaoming/桌面/MOON/Electronic/CleanBot_ws/build/cleanbot_control -- -j20 -l20
[0.893s] [ 50%] [32mBuilding CXX object CMakeFiles/cleanbot_control.dir/src/cleanbot_hardware_interface.cpp.o[0m
[2.607s] [01m[K/home/xiaoming/桌面/MOON/Electronic/CleanBot_ws/src/cleanbot_control/src/cleanbot_hardware_interface.cpp:[m[K In member function ‘[01m[Kvirtual hardware_interface::CallbackReturn cleanbot_control::CleanBotHardwareInterface::[01;32m[Kon_init[m[K(const hardware_interface::HardwareInfo&)[m[K’:
[2.607s] [01m[K/home/xiaoming/桌面/MOON/Electronic/CleanBot_ws/src/cleanbot_control/src/cleanbot_hardware_interface.cpp:21:49:[m[K [01;35m[Kwarning: [m[K‘[01m[Kvirtual rclcpp_lifecycle::node_interfaces::LifecycleNodeInterface::CallbackReturn hardware_interface::HardwareComponentInterface::[01;32m[Kon_init[m[K(const hardware_interface::HardwareInfo&)[m[K’ is deprecated: Use on_init(const HardwareComponentInterfaceParams & params) instead. [[01;35m[K]8;;https://gcc.gnu.org/onlinedocs/gcc/Warning-Options.html#index-Wdeprecated-declarations-Wdeprecated-declarations]8;;[m[K]
[2.607s]    21 |     [01;35m[Khardware_interface::SystemInterface::on_init(info)[m[K !=
[2.607s]       |     [01;35m[K~~~~~~~~~~~~~~~~~~~~~~~~~~~~~~~~~~~~~~~~~~~~^~~~~~[m[K
[2.607s] In file included from [01m[K/opt/ros/jazzy/include/hardware_interface/hardware_interface/system_interface.hpp:18[m[K,
[2.607s]                  from [01m[K/home/xiaoming/桌面/MOON/Electronic/CleanBot_ws/src/cleanbot_control/include/cleanbot_control/cleanbot_hardware_interface.hpp:10[m[K,
[2.607s]                  from [01m[K/home/xiaoming/桌面/MOON/Electronic/CleanBot_ws/src/cleanbot_control/src/cleanbot_hardware_interface.cpp:1[m[K:
[2.607s] [01m[K/opt/ros/jazzy/include/hardware_interface/hardware_interface/hardware_component_interface.hpp:235:26:[m[K [01;36m[Knote: [m[Kdeclared here
[2.607s]   235 |   virtual CallbackReturn [01;36m[Kon_init[m[K(const HardwareInfo & hardware_info)
[2.607s]       |                          [01;36m[K^~~~~~~[m[K
[7.158s] [100%] [32m[1mLinking CXX shared library libcleanbot_control.so[0m
[7.498s] [100%] Built target cleanbot_control
[7.506s] Invoked command in '/home/xiaoming/桌面/MOON/Electronic/CleanBot_ws/build/cleanbot_control' returned '0': CMAKE_PREFIX_PATH=${CMAKE_PREFIX_PATH}:/opt/ros/jazzy DEBUGINFOD_URLS=https://debuginfod.ubuntu.com /usr/bin/cmake --build /home/xiaoming/桌面/MOON/Electronic/CleanBot_ws/build/cleanbot_control -- -j20 -l20
[7.507s] Invoking command in '/home/xiaoming/桌面/MOON/Electronic/CleanBot_ws/build/cleanbot_control': CMAKE_PREFIX_PATH=${CMAKE_PREFIX_PATH}:/opt/ros/jazzy DEBUGINFOD_URLS=https://debuginfod.ubuntu.com /usr/bin/cmake --install /home/xiaoming/桌面/MOON/Electronic/CleanBot_ws/build/cleanbot_control
[7.512s] -- Install configuration: ""
[7.512s] -- Execute custom install script
[7.512s] -- Up-to-date symlink: /home/xiaoming/桌面/MOON/Electronic/CleanBot_ws/install/cleanbot_control/share/cleanbot_control//cleanbot_control.xml
[7.512s] -- Up-to-date symlink: /home/xiaoming/桌面/MOON/Electronic/CleanBot_ws/install/cleanbot_control/lib/libcleanbot_control.so
[7.512s] -- Up-to-date symlink: /home/xiaoming/桌面/MOON/Electronic/CleanBot_ws/install/cleanbot_control/include/cleanbot_control/cleanbot_hardware_interface.hpp
[7.513s] -- Up-to-date symlink: /home/xiaoming/桌面/MOON/Electronic/CleanBot_ws/install/cleanbot_control/lib/cleanbot_control/usb_communication_node.py
[7.513s] -- Up-to-date symlink: /home/xiaoming/桌面/MOON/Electronic/CleanBot_ws/install/cleanbot_control/lib/cleanbot_control/web_control_node.py
[7.513s] -- Up-to-date symlink: /home/xiaoming/桌面/MOON/Electronic/CleanBot_ws/install/cleanbot_control/share/cleanbot_control/launch/cleanbot.launch.py
[7.513s] -- Up-to-date symlink: /home/xiaoming/桌面/MOON/Electronic/CleanBot_ws/install/cleanbot_control/share/cleanbot_control/config/cleanbot.ros2_control.xacro
[7.513s] -- Up-to-date symlink: /home/xiaoming/桌面/MOON/Electronic/CleanBot_ws/install/cleanbot_control/share/cleanbot_control/config/cleanbot_controllers.yaml
[7.513s] -- Up-to-date symlink: /home/xiaoming/桌面/MOON/Electronic/CleanBot_ws/install/cleanbot_control/share/cleanbot_control/config/cleanbot_real.ros2_control.xacro
[7.513s] -- Up-to-date symlink: /home/xiaoming/桌面/MOON/Electronic/CleanBot_ws/install/cleanbot_control/share/cleanbot_control/config/cleanbot_real.urdf.xacro
[7.513s] -- Up-to-date symlink: /home/xiaoming/桌面/MOON/Electronic/CleanBot_ws/install/cleanbot_control/share/cleanbot_control/config/ekf.yaml
[7.513s] -- Up-to-date symlink: /home/xiaoming/桌面/MOON/Electronic/CleanBot_ws/install/cleanbot_control/share/cleanbot_control/web/static/control.js
[7.513s] -- Up-to-date symlink: /home/xiaoming/桌面/MOON/Electronic/CleanBot_ws/install/cleanbot_control/share/cleanbot_control/web/templates/index.html
[7.513s] -- Up-to-date symlink: /home/xiaoming/桌面/MOON/Electronic/CleanBot_ws/install/cleanbot_control/share/cleanbot_control/environment/library_path.sh
[7.513s] -- Up-to-date symlink: /home/xiaoming/桌面/MOON/Electronic/CleanBot_ws/install/cleanbot_control/share/cleanbot_control/environment/library_path.dsv
[7.514s] -- Up-to-date symlink: /home/xiaoming/桌面/MOON/Electronic/CleanBot_ws/install/cleanbot_control/share/ament_index/resource_index/package_run_dependencies/cleanbot_control
[7.514s] -- Up-to-date symlink: /home/xiaoming/桌面/MOON/Electronic/CleanBot_ws/install/cleanbot_control/share/ament_index/resource_index/parent_prefix_path/cleanbot_control
[7.514s] -- Up-to-date symlink: /home/xiaoming/桌面/MOON/Electronic/CleanBot_ws/install/cleanbot_control/share/cleanbot_control/environment/ament_prefix_path.sh
[7.514s] -- Up-to-date symlink: /home/xiaoming/桌面/MOON/Electronic/CleanBot_ws/install/cleanbot_control/share/cleanbot_control/environment/ament_prefix_path.dsv
[7.514s] -- Up-to-date symlink: /home/xiaoming/桌面/MOON/Electronic/CleanBot_ws/install/cleanbot_control/share/cleanbot_control/environment/path.sh
[7.514s] -- Up-to-date symlink: /home/xiaoming/桌面/MOON/Electronic/CleanBot_ws/install/cleanbot_control/share/cleanbot_control/environment/path.dsv
[7.514s] -- Up-to-date symlink: /home/xiaoming/桌面/MOON/Electronic/CleanBot_ws/install/cleanbot_control/share/cleanbot_control/local_setup.bash
[7.514s] -- Up-to-date symlink: /home/xiaoming/桌面/MOON/Electronic/CleanBot_ws/install/cleanbot_control/share/cleanbot_control/local_setup.sh
[7.514s] -- Up-to-date symlink: /home/xiaoming/桌面/MOON/Electronic/CleanBot_ws/install/cleanbot_control/share/cleanbot_control/local_setup.zsh
[7.514s] -- Up-to-date symlink: /home/xiaoming/桌面/MOON/Electronic/CleanBot_ws/install/cleanbot_control/share/cleanbot_control/local_setup.dsv
[7.514s] -- Symlinking: /home/xiaoming/桌面/MOON/Electronic/CleanBot_ws/install/cleanbot_control/share/cleanbot_control/package.dsv
[7.521s] -- Up-to-date symlink: /home/xiaoming/桌面/MOON/Electronic/CleanBot_ws/install/cleanbot_control/share/ament_index/resource_index/packages/cleanbot_control
[7.521s] -- Up-to-date symlink: /home/xiaoming/桌面/MOON/Electronic/CleanBot_ws/install/cleanbot_control/share/ament_index/resource_index/hardware_interface__pluginlib__plugin/cleanbot_control
[7.522s] -- Up-to-date symlink: /home/xiaoming/桌面/MOON/Electronic/CleanBot_ws/install/cleanbot_control/share/cleanbot_control/cmake/ament_cmake_export_include_directories-extras.cmake
[7.522s] -- Up-to-date symlink: /home/xiaoming/桌面/MOON/Electronic/CleanBot_ws/install/cleanbot_control/share/cleanbot_control/cmake/ament_cmake_export_libraries-extras.cmake
[7.522s] -- Up-to-date symlink: /home/xiaoming/桌面/MOON/Electronic/CleanBot_ws/install/cleanbot_control/share/cleanbot_control/cmake/ament_cmake_export_dependencies-extras.cmake
[7.522s] -- Up-to-date symlink: /home/xiaoming/桌面/MOON/Electronic/CleanBot_ws/install/cleanbot_control/share/cleanbot_control/cmake/cleanbot_controlConfig.cmake
[7.522s] -- Up-to-date symlink: /home/xiaoming/桌面/MOON/Electronic/CleanBot_ws/install/cleanbot_control/share/cleanbot_control/cmake/cleanbot_controlConfig-version.cmake
[7.522s] -- Up-to-date symlink: /home/xiaoming/桌面/MOON/Electronic/CleanBot_ws/install/cleanbot_control/share/cleanbot_control/package.xml
[7.524s] Invoked command in '/home/xiaoming/桌面/MOON/Electronic/CleanBot_ws/build/cleanbot_control' returned '0': CMAKE_PREFIX_PATH=${CMAKE_PREFIX_PATH}:/opt/ros/jazzy DEBUGINFOD_URLS=https://debuginfod.ubuntu.com /usr/bin/cmake --install /home/xiaoming/桌面/MOON/Electronic/CleanBot_ws/build/cleanbot_control
