[0.610s] Invoking command in '/home/xiaoming/桌面/MOON/Electronic/CleanBot_ws/src/cleanbot_navigation': DEBUGINFOD_URLS=https://debuginfod.ubuntu.com PYTHONPATH=/home/xiaoming/桌面/MOON/Electronic/CleanBot_ws/build/cleanbot_navigation/prefix_override:/usr/lib/python3/dist-packages/colcon_core/task/python/colcon_distutils_commands:/home/xiaoming/桌面/MOON/Electronic/CleanBot_ws/install/cleanbot_navigation/lib/python3.12/site-packages:${PYTHONPATH} /usr/bin/python3 -W ignore:setup.py install is deprecated -W ignore:easy_install command is deprecated setup.py egg_info --egg-base ../../build/cleanbot_navigation build --build-base /home/xiaoming/桌面/MOON/Electronic/CleanBot_ws/build/cleanbot_navigation/build install --record /home/xiaoming/桌面/MOON/Electronic/CleanBot_ws/build/cleanbot_navigation/install.log --single-version-externally-managed install_data
[0.788s] running egg_info
[0.798s] writing ../../build/cleanbot_navigation/cleanbot_navigation.egg-info/PKG-INFO
[0.798s] writing dependency_links to ../../build/cleanbot_navigation/cleanbot_navigation.egg-info/dependency_links.txt
[0.798s] writing entry points to ../../build/cleanbot_navigation/cleanbot_navigation.egg-info/entry_points.txt
[0.798s] writing requirements to ../../build/cleanbot_navigation/cleanbot_navigation.egg-info/requires.txt
[0.798s] writing top-level names to ../../build/cleanbot_navigation/cleanbot_navigation.egg-info/top_level.txt
[0.819s] reading manifest file '../../build/cleanbot_navigation/cleanbot_navigation.egg-info/SOURCES.txt'
[0.820s] writing manifest file '../../build/cleanbot_navigation/cleanbot_navigation.egg-info/SOURCES.txt'
[0.820s] running build
[0.820s] running build_py
[0.820s] running install
[0.824s] running install_lib
[0.835s] running install_data
[0.835s] creating /home/xiaoming/桌面/MOON/Electronic/CleanBot_ws/install/cleanbot_navigation/share/cleanbot_navigation/rviz
[0.836s] copying rviz/nav2_default_view.rviz -> /home/xiaoming/桌面/MOON/Electronic/CleanBot_ws/install/cleanbot_navigation/share/cleanbot_navigation/rviz
[0.836s] running install_egg_info
[0.848s] removing '/home/xiaoming/桌面/MOON/Electronic/CleanBot_ws/install/cleanbot_navigation/lib/python3.12/site-packages/cleanbot_navigation-0.0.0-py3.12.egg-info' (and everything under it)
[0.849s] Copying ../../build/cleanbot_navigation/cleanbot_navigation.egg-info to /home/xiaoming/桌面/MOON/Electronic/CleanBot_ws/install/cleanbot_navigation/lib/python3.12/site-packages/cleanbot_navigation-0.0.0-py3.12.egg-info
[0.849s] running install_scripts
[0.926s] Installing navigation_mode_manager script to /home/xiaoming/桌面/MOON/Electronic/CleanBot_ws/install/cleanbot_navigation/lib/cleanbot_navigation
[0.926s] writing list of installed files to '/home/xiaoming/桌面/MOON/Electronic/CleanBot_ws/build/cleanbot_navigation/install.log'
[0.948s] Invoked command in '/home/xiaoming/桌面/MOON/Electronic/CleanBot_ws/src/cleanbot_navigation' returned '0': DEBUGINFOD_URLS=https://debuginfod.ubuntu.com PYTHONPATH=/home/xiaoming/桌面/MOON/Electronic/CleanBot_ws/build/cleanbot_navigation/prefix_override:/usr/lib/python3/dist-packages/colcon_core/task/python/colcon_distutils_commands:/home/xiaoming/桌面/MOON/Electronic/CleanBot_ws/install/cleanbot_navigation/lib/python3.12/site-packages:${PYTHONPATH} /usr/bin/python3 -W ignore:setup.py install is deprecated -W ignore:easy_install command is deprecated setup.py egg_info --egg-base ../../build/cleanbot_navigation build --build-base /home/xiaoming/桌面/MOON/Electronic/CleanBot_ws/build/cleanbot_navigation/build install --record /home/xiaoming/桌面/MOON/Electronic/CleanBot_ws/build/cleanbot_navigation/install.log --single-version-externally-managed install_data
