[0.461s] Invoking command in '/home/xiaoming/桌面/MOON/Electronic/CleanBot_ws/src/cleanbot_navigation': DEBUGINFOD_URLS=https://debuginfod.ubuntu.com PYTHONPATH=/home/xiaoming/桌面/MOON/Electronic/CleanBot_ws/build/cleanbot_navigation/prefix_override:/usr/lib/python3/dist-packages/colcon_core/task/python/colcon_distutils_commands:/home/xiaoming/桌面/MOON/Electronic/CleanBot_ws/install/cleanbot_navigation/lib/python3.12/site-packages:${PYTHONPATH} /usr/bin/python3 -W ignore:setup.py install is deprecated -W ignore:easy_install command is deprecated setup.py egg_info --egg-base ../../build/cleanbot_navigation build --build-base /home/xiaoming/桌面/MOON/Electronic/CleanBot_ws/build/cleanbot_navigation/build install --record /home/xiaoming/桌面/MOON/Electronic/CleanBot_ws/build/cleanbot_navigation/install.log --single-version-externally-managed install_data
[0.606s] running egg_info
[0.616s] writing ../../build/cleanbot_navigation/cleanbot_navigation.egg-info/PKG-INFO
[0.616s] writing dependency_links to ../../build/cleanbot_navigation/cleanbot_navigation.egg-info/dependency_links.txt
[0.616s] writing entry points to ../../build/cleanbot_navigation/cleanbot_navigation.egg-info/entry_points.txt
[0.616s] writing requirements to ../../build/cleanbot_navigation/cleanbot_navigation.egg-info/requires.txt
[0.616s] writing top-level names to ../../build/cleanbot_navigation/cleanbot_navigation.egg-info/top_level.txt
[0.635s] reading manifest file '../../build/cleanbot_navigation/cleanbot_navigation.egg-info/SOURCES.txt'
[0.636s] writing manifest file '../../build/cleanbot_navigation/cleanbot_navigation.egg-info/SOURCES.txt'
[0.636s] running build
[0.636s] running build_py
[0.636s] running install
[0.640s] running install_lib
[0.649s] running install_data
[0.650s] running install_egg_info
[0.660s] removing '/home/xiaoming/桌面/MOON/Electronic/CleanBot_ws/install/cleanbot_navigation/lib/python3.12/site-packages/cleanbot_navigation-0.0.0-py3.12.egg-info' (and everything under it)
[0.660s] Copying ../../build/cleanbot_navigation/cleanbot_navigation.egg-info to /home/xiaoming/桌面/MOON/Electronic/CleanBot_ws/install/cleanbot_navigation/lib/python3.12/site-packages/cleanbot_navigation-0.0.0-py3.12.egg-info
[0.660s] running install_scripts
[0.729s] Installing navigation_mode_manager script to /home/xiaoming/桌面/MOON/Electronic/CleanBot_ws/install/cleanbot_navigation/lib/cleanbot_navigation
[0.729s] writing list of installed files to '/home/xiaoming/桌面/MOON/Electronic/CleanBot_ws/build/cleanbot_navigation/install.log'
[0.746s] Invoked command in '/home/xiaoming/桌面/MOON/Electronic/CleanBot_ws/src/cleanbot_navigation' returned '0': DEBUGINFOD_URLS=https://debuginfod.ubuntu.com PYTHONPATH=/home/xiaoming/桌面/MOON/Electronic/CleanBot_ws/build/cleanbot_navigation/prefix_override:/usr/lib/python3/dist-packages/colcon_core/task/python/colcon_distutils_commands:/home/xiaoming/桌面/MOON/Electronic/CleanBot_ws/install/cleanbot_navigation/lib/python3.12/site-packages:${PYTHONPATH} /usr/bin/python3 -W ignore:setup.py install is deprecated -W ignore:easy_install command is deprecated setup.py egg_info --egg-base ../../build/cleanbot_navigation build --build-base /home/xiaoming/桌面/MOON/Electronic/CleanBot_ws/build/cleanbot_navigation/build install --record /home/xiaoming/桌面/MOON/Electronic/CleanBot_ws/build/cleanbot_navigation/install.log --single-version-externally-managed install_data
