[0.089s] DEBUG:colcon:Command line arguments: ['/usr/bin/colcon', 'build']
[0.089s] DEBUG:colcon:Parsed command line arguments: Namespace(log_base=None, log_level=None, verb_name='build', build_base='build', install_base='install', merge_install=False, symlink_install=False, test_result_base=None, continue_on_error=False, executor='parallel', parallel_workers=20, event_handlers=None, ignore_user_meta=False, metas=['./colcon.meta'], base_paths=['.'], packages_ignore=None, packages_ignore_regex=None, paths=None, packages_up_to=None, packages_up_to_regex=None, packages_above=None, packages_above_and_dependencies=None, packages_above_depth=None, packages_select_by_dep=None, packages_skip_by_dep=None, packages_skip_up_to=None, packages_select_build_failed=False, packages_skip_build_finished=False, packages_select_test_failures=False, packages_skip_test_passed=False, packages_select=None, packages_skip=None, packages_select_regex=None, packages_skip_regex=None, packages_start=None, packages_end=None, allow_overriding=[], cmake_args=None, cmake_target=None, cmake_target_skip_unavailable=False, cmake_clean_cache=False, cmake_clean_first=False, cmake_force_configure=False, ament_cmake_args=None, catkin_cmake_args=None, catkin_skip_building_tests=False, verb_parser=<colcon_defaults.argument_parser.defaults.DefaultArgumentsDecorator object at 0x774d30182360>, verb_extension=<colcon_core.verb.build.BuildVerb object at 0x774d301821b0>, main=<bound method BuildVerb.main of <colcon_core.verb.build.BuildVerb object at 0x774d301821b0>>)
[0.127s] Level 1:colcon.colcon_core.package_discovery:discover_packages(colcon_meta) check parameters
[0.127s] Level 1:colcon.colcon_core.package_discovery:discover_packages(recursive) check parameters
[0.127s] Level 1:colcon.colcon_core.package_discovery:discover_packages(ignore) check parameters
[0.127s] Level 1:colcon.colcon_core.package_discovery:discover_packages(path) check parameters
[0.127s] Level 1:colcon.colcon_core.package_discovery:discover_packages(colcon_meta) discover
[0.127s] Level 1:colcon.colcon_core.package_discovery:discover_packages(recursive) discover
[0.127s] INFO:colcon.colcon_core.package_discovery:Crawling recursively for packages in '/home/xiaoming/桌面/MOON/Electronic/CleanBot_ws'
[0.127s] Level 1:colcon.colcon_core.package_identification:_identify(.) by extensions ['ignore', 'ignore_ament_install']
[0.127s] Level 1:colcon.colcon_core.package_identification:_identify(.) by extension 'ignore'
[0.127s] Level 1:colcon.colcon_core.package_identification:_identify(.) by extension 'ignore_ament_install'
[0.127s] Level 1:colcon.colcon_core.package_identification:_identify(.) by extensions ['colcon_pkg']
[0.127s] Level 1:colcon.colcon_core.package_identification:_identify(.) by extension 'colcon_pkg'
[0.128s] Level 1:colcon.colcon_core.package_identification:_identify(.) by extensions ['colcon_meta']
[0.128s] Level 1:colcon.colcon_core.package_identification:_identify(.) by extension 'colcon_meta'
[0.128s] Level 1:colcon.colcon_core.package_identification:_identify(.) by extensions ['ros']
[0.128s] Level 1:colcon.colcon_core.package_identification:_identify(.) by extension 'ros'
[0.146s] Level 1:colcon.colcon_core.package_identification:_identify(.) by extensions ['cmake', 'python']
[0.146s] Level 1:colcon.colcon_core.package_identification:_identify(.) by extension 'cmake'
[0.146s] Level 1:colcon.colcon_core.package_identification:_identify(.) by extension 'python'
[0.146s] Level 1:colcon.colcon_core.package_identification:_identify(.) by extensions ['python_setup_py']
[0.146s] Level 1:colcon.colcon_core.package_identification:_identify(.) by extension 'python_setup_py'
[0.146s] Level 1:colcon.colcon_core.package_identification:_identify(build) by extensions ['ignore', 'ignore_ament_install']
[0.146s] Level 1:colcon.colcon_core.package_identification:_identify(build) by extension 'ignore'
[0.146s] Level 1:colcon.colcon_core.package_identification:_identify(build) ignored
[0.146s] Level 1:colcon.colcon_core.package_identification:_identify(docs) by extensions ['ignore', 'ignore_ament_install']
[0.146s] Level 1:colcon.colcon_core.package_identification:_identify(docs) by extension 'ignore'
[0.146s] Level 1:colcon.colcon_core.package_identification:_identify(docs) by extension 'ignore_ament_install'
[0.146s] Level 1:colcon.colcon_core.package_identification:_identify(docs) by extensions ['colcon_pkg']
[0.146s] Level 1:colcon.colcon_core.package_identification:_identify(docs) by extension 'colcon_pkg'
[0.146s] Level 1:colcon.colcon_core.package_identification:_identify(docs) by extensions ['colcon_meta']
[0.146s] Level 1:colcon.colcon_core.package_identification:_identify(docs) by extension 'colcon_meta'
[0.146s] Level 1:colcon.colcon_core.package_identification:_identify(docs) by extensions ['ros']
[0.146s] Level 1:colcon.colcon_core.package_identification:_identify(docs) by extension 'ros'
[0.146s] Level 1:colcon.colcon_core.package_identification:_identify(docs) by extensions ['cmake', 'python']
[0.146s] Level 1:colcon.colcon_core.package_identification:_identify(docs) by extension 'cmake'
[0.146s] Level 1:colcon.colcon_core.package_identification:_identify(docs) by extension 'python'
[0.146s] Level 1:colcon.colcon_core.package_identification:_identify(docs) by extensions ['python_setup_py']
[0.146s] Level 1:colcon.colcon_core.package_identification:_identify(docs) by extension 'python_setup_py'
[0.146s] Level 1:colcon.colcon_core.package_identification:_identify(install) by extensions ['ignore', 'ignore_ament_install']
[0.146s] Level 1:colcon.colcon_core.package_identification:_identify(install) by extension 'ignore'
[0.146s] Level 1:colcon.colcon_core.package_identification:_identify(install) ignored
[0.146s] Level 1:colcon.colcon_core.package_identification:_identify(log) by extensions ['ignore', 'ignore_ament_install']
[0.146s] Level 1:colcon.colcon_core.package_identification:_identify(log) by extension 'ignore'
[0.146s] Level 1:colcon.colcon_core.package_identification:_identify(log) ignored
[0.146s] Level 1:colcon.colcon_core.package_identification:_identify(src) by extensions ['ignore', 'ignore_ament_install']
[0.146s] Level 1:colcon.colcon_core.package_identification:_identify(src) by extension 'ignore'
[0.147s] Level 1:colcon.colcon_core.package_identification:_identify(src) by extension 'ignore_ament_install'
[0.147s] Level 1:colcon.colcon_core.package_identification:_identify(src) by extensions ['colcon_pkg']
[0.147s] Level 1:colcon.colcon_core.package_identification:_identify(src) by extension 'colcon_pkg'
[0.147s] Level 1:colcon.colcon_core.package_identification:_identify(src) by extensions ['colcon_meta']
[0.147s] Level 1:colcon.colcon_core.package_identification:_identify(src) by extension 'colcon_meta'
[0.147s] Level 1:colcon.colcon_core.package_identification:_identify(src) by extensions ['ros']
[0.147s] Level 1:colcon.colcon_core.package_identification:_identify(src) by extension 'ros'
[0.147s] Level 1:colcon.colcon_core.package_identification:_identify(src) by extensions ['cmake', 'python']
[0.147s] Level 1:colcon.colcon_core.package_identification:_identify(src) by extension 'cmake'
[0.147s] Level 1:colcon.colcon_core.package_identification:_identify(src) by extension 'python'
[0.147s] Level 1:colcon.colcon_core.package_identification:_identify(src) by extensions ['python_setup_py']
[0.147s] Level 1:colcon.colcon_core.package_identification:_identify(src) by extension 'python_setup_py'
[0.147s] Level 1:colcon.colcon_core.package_identification:_identify(src/cleanbot_control) by extensions ['ignore', 'ignore_ament_install']
[0.147s] Level 1:colcon.colcon_core.package_identification:_identify(src/cleanbot_control) by extension 'ignore'
[0.147s] Level 1:colcon.colcon_core.package_identification:_identify(src/cleanbot_control) by extension 'ignore_ament_install'
[0.147s] Level 1:colcon.colcon_core.package_identification:_identify(src/cleanbot_control) by extensions ['colcon_pkg']
[0.147s] Level 1:colcon.colcon_core.package_identification:_identify(src/cleanbot_control) by extension 'colcon_pkg'
[0.147s] Level 1:colcon.colcon_core.package_identification:_identify(src/cleanbot_control) by extensions ['colcon_meta']
[0.147s] Level 1:colcon.colcon_core.package_identification:_identify(src/cleanbot_control) by extension 'colcon_meta'
[0.147s] Level 1:colcon.colcon_core.package_identification:_identify(src/cleanbot_control) by extensions ['ros']
[0.147s] Level 1:colcon.colcon_core.package_identification:_identify(src/cleanbot_control) by extension 'ros'
[0.149s] DEBUG:colcon.colcon_core.package_identification:Package 'src/cleanbot_control' with type 'ros.ament_cmake' and name 'cleanbot_control'
[0.150s] Level 1:colcon.colcon_core.package_identification:_identify(src/cleanbot_description) by extensions ['ignore', 'ignore_ament_install']
[0.150s] Level 1:colcon.colcon_core.package_identification:_identify(src/cleanbot_description) by extension 'ignore'
[0.150s] Level 1:colcon.colcon_core.package_identification:_identify(src/cleanbot_description) by extension 'ignore_ament_install'
[0.150s] Level 1:colcon.colcon_core.package_identification:_identify(src/cleanbot_description) by extensions ['colcon_pkg']
[0.150s] Level 1:colcon.colcon_core.package_identification:_identify(src/cleanbot_description) by extension 'colcon_pkg'
[0.150s] Level 1:colcon.colcon_core.package_identification:_identify(src/cleanbot_description) by extensions ['colcon_meta']
[0.150s] Level 1:colcon.colcon_core.package_identification:_identify(src/cleanbot_description) by extension 'colcon_meta'
[0.150s] Level 1:colcon.colcon_core.package_identification:_identify(src/cleanbot_description) by extensions ['ros']
[0.150s] Level 1:colcon.colcon_core.package_identification:_identify(src/cleanbot_description) by extension 'ros'
[0.150s] DEBUG:colcon.colcon_core.package_identification:Package 'src/cleanbot_description' with type 'ros.ament_cmake' and name 'cleanbot_description'
[0.150s] Level 1:colcon.colcon_core.package_identification:_identify(src/cleanbot_navigation) by extensions ['ignore', 'ignore_ament_install']
[0.150s] Level 1:colcon.colcon_core.package_identification:_identify(src/cleanbot_navigation) by extension 'ignore'
[0.150s] Level 1:colcon.colcon_core.package_identification:_identify(src/cleanbot_navigation) by extension 'ignore_ament_install'
[0.150s] Level 1:colcon.colcon_core.package_identification:_identify(src/cleanbot_navigation) by extensions ['colcon_pkg']
[0.150s] Level 1:colcon.colcon_core.package_identification:_identify(src/cleanbot_navigation) by extension 'colcon_pkg'
[0.150s] Level 1:colcon.colcon_core.package_identification:_identify(src/cleanbot_navigation) by extensions ['colcon_meta']
[0.150s] Level 1:colcon.colcon_core.package_identification:_identify(src/cleanbot_navigation) by extension 'colcon_meta'
[0.150s] Level 1:colcon.colcon_core.package_identification:_identify(src/cleanbot_navigation) by extensions ['ros']
[0.150s] Level 1:colcon.colcon_core.package_identification:_identify(src/cleanbot_navigation) by extension 'ros'
[0.151s] DEBUG:colcon.colcon_core.package_identification:Package 'src/cleanbot_navigation' with type 'ros.ament_python' and name 'cleanbot_navigation'
[0.151s] Level 1:colcon.colcon_core.package_identification:_identify(src/rplidar_ros) by extensions ['ignore', 'ignore_ament_install']
[0.151s] Level 1:colcon.colcon_core.package_identification:_identify(src/rplidar_ros) by extension 'ignore'
[0.151s] Level 1:colcon.colcon_core.package_identification:_identify(src/rplidar_ros) by extension 'ignore_ament_install'
[0.151s] Level 1:colcon.colcon_core.package_identification:_identify(src/rplidar_ros) by extensions ['colcon_pkg']
[0.151s] Level 1:colcon.colcon_core.package_identification:_identify(src/rplidar_ros) by extension 'colcon_pkg'
[0.151s] Level 1:colcon.colcon_core.package_identification:_identify(src/rplidar_ros) by extensions ['colcon_meta']
[0.151s] Level 1:colcon.colcon_core.package_identification:_identify(src/rplidar_ros) by extension 'colcon_meta'
[0.151s] Level 1:colcon.colcon_core.package_identification:_identify(src/rplidar_ros) by extensions ['ros']
[0.151s] Level 1:colcon.colcon_core.package_identification:_identify(src/rplidar_ros) by extension 'ros'
[0.151s] DEBUG:colcon.colcon_core.package_identification:Package 'src/rplidar_ros' with type 'ros.ament_cmake' and name 'rplidar_ros'
[0.151s] Level 1:colcon.colcon_core.package_discovery:discover_packages(recursive) using defaults
[0.151s] Level 1:colcon.colcon_core.package_discovery:discover_packages(ignore) discover
[0.151s] Level 1:colcon.colcon_core.package_discovery:discover_packages(ignore) using defaults
[0.151s] Level 1:colcon.colcon_core.package_discovery:discover_packages(path) discover
[0.151s] Level 1:colcon.colcon_core.package_discovery:discover_packages(path) using defaults
[0.167s] Level 1:colcon.colcon_core.package_discovery:discover_packages(prefix_path) check parameters
[0.167s] Level 1:colcon.colcon_core.package_discovery:discover_packages(prefix_path) discover
[0.169s] DEBUG:colcon.colcon_installed_package_information.package_discovery:Found 4 installed packages in /home/xiaoming/桌面/MOON/Electronic/CleanBot_ws/install
[0.170s] DEBUG:colcon.colcon_installed_package_information.package_discovery:Found 422 installed packages in /opt/ros/jazzy
[0.171s] Level 1:colcon.colcon_core.package_discovery:discover_packages(prefix_path) using defaults
[0.202s] Level 5:colcon.colcon_core.verb:set package 'cleanbot_control' build argument 'cmake_args' from command line to 'None'
[0.202s] Level 5:colcon.colcon_core.verb:set package 'cleanbot_control' build argument 'cmake_target' from command line to 'None'
[0.202s] Level 5:colcon.colcon_core.verb:set package 'cleanbot_control' build argument 'cmake_target_skip_unavailable' from command line to 'False'
[0.202s] Level 5:colcon.colcon_core.verb:set package 'cleanbot_control' build argument 'cmake_clean_cache' from command line to 'False'
[0.202s] Level 5:colcon.colcon_core.verb:set package 'cleanbot_control' build argument 'cmake_clean_first' from command line to 'False'
[0.202s] Level 5:colcon.colcon_core.verb:set package 'cleanbot_control' build argument 'cmake_force_configure' from command line to 'False'
[0.202s] Level 5:colcon.colcon_core.verb:set package 'cleanbot_control' build argument 'ament_cmake_args' from command line to 'None'
[0.202s] Level 5:colcon.colcon_core.verb:set package 'cleanbot_control' build argument 'catkin_cmake_args' from command line to 'None'
[0.202s] Level 5:colcon.colcon_core.verb:set package 'cleanbot_control' build argument 'catkin_skip_building_tests' from command line to 'False'
[0.202s] DEBUG:colcon.colcon_core.verb:Building package 'cleanbot_control' with the following arguments: {'ament_cmake_args': None, 'build_base': '/home/xiaoming/桌面/MOON/Electronic/CleanBot_ws/build/cleanbot_control', 'catkin_cmake_args': None, 'catkin_skip_building_tests': False, 'cmake_args': None, 'cmake_clean_cache': False, 'cmake_clean_first': False, 'cmake_force_configure': False, 'cmake_target': None, 'cmake_target_skip_unavailable': False, 'install_base': '/home/xiaoming/桌面/MOON/Electronic/CleanBot_ws/install/cleanbot_control', 'merge_install': False, 'path': '/home/xiaoming/桌面/MOON/Electronic/CleanBot_ws/src/cleanbot_control', 'symlink_install': False, 'test_result_base': None}
[0.202s] Level 5:colcon.colcon_core.verb:set package 'cleanbot_description' build argument 'cmake_args' from command line to 'None'
[0.202s] Level 5:colcon.colcon_core.verb:set package 'cleanbot_description' build argument 'cmake_target' from command line to 'None'
[0.202s] Level 5:colcon.colcon_core.verb:set package 'cleanbot_description' build argument 'cmake_target_skip_unavailable' from command line to 'False'
[0.202s] Level 5:colcon.colcon_core.verb:set package 'cleanbot_description' build argument 'cmake_clean_cache' from command line to 'False'
[0.202s] Level 5:colcon.colcon_core.verb:set package 'cleanbot_description' build argument 'cmake_clean_first' from command line to 'False'
[0.202s] Level 5:colcon.colcon_core.verb:set package 'cleanbot_description' build argument 'cmake_force_configure' from command line to 'False'
[0.202s] Level 5:colcon.colcon_core.verb:set package 'cleanbot_description' build argument 'ament_cmake_args' from command line to 'None'
[0.202s] Level 5:colcon.colcon_core.verb:set package 'cleanbot_description' build argument 'catkin_cmake_args' from command line to 'None'
[0.203s] Level 5:colcon.colcon_core.verb:set package 'cleanbot_description' build argument 'catkin_skip_building_tests' from command line to 'False'
[0.203s] DEBUG:colcon.colcon_core.verb:Building package 'cleanbot_description' with the following arguments: {'ament_cmake_args': None, 'build_base': '/home/xiaoming/桌面/MOON/Electronic/CleanBot_ws/build/cleanbot_description', 'catkin_cmake_args': None, 'catkin_skip_building_tests': False, 'cmake_args': None, 'cmake_clean_cache': False, 'cmake_clean_first': False, 'cmake_force_configure': False, 'cmake_target': None, 'cmake_target_skip_unavailable': False, 'install_base': '/home/xiaoming/桌面/MOON/Electronic/CleanBot_ws/install/cleanbot_description', 'merge_install': False, 'path': '/home/xiaoming/桌面/MOON/Electronic/CleanBot_ws/src/cleanbot_description', 'symlink_install': False, 'test_result_base': None}
[0.203s] Level 5:colcon.colcon_core.verb:set package 'cleanbot_navigation' build argument 'cmake_args' from command line to 'None'
[0.203s] Level 5:colcon.colcon_core.verb:set package 'cleanbot_navigation' build argument 'cmake_target' from command line to 'None'
[0.203s] Level 5:colcon.colcon_core.verb:set package 'cleanbot_navigation' build argument 'cmake_target_skip_unavailable' from command line to 'False'
[0.203s] Level 5:colcon.colcon_core.verb:set package 'cleanbot_navigation' build argument 'cmake_clean_cache' from command line to 'False'
[0.203s] Level 5:colcon.colcon_core.verb:set package 'cleanbot_navigation' build argument 'cmake_clean_first' from command line to 'False'
[0.203s] Level 5:colcon.colcon_core.verb:set package 'cleanbot_navigation' build argument 'cmake_force_configure' from command line to 'False'
[0.203s] Level 5:colcon.colcon_core.verb:set package 'cleanbot_navigation' build argument 'ament_cmake_args' from command line to 'None'
[0.203s] Level 5:colcon.colcon_core.verb:set package 'cleanbot_navigation' build argument 'catkin_cmake_args' from command line to 'None'
[0.203s] Level 5:colcon.colcon_core.verb:set package 'cleanbot_navigation' build argument 'catkin_skip_building_tests' from command line to 'False'
[0.203s] DEBUG:colcon.colcon_core.verb:Building package 'cleanbot_navigation' with the following arguments: {'ament_cmake_args': None, 'build_base': '/home/xiaoming/桌面/MOON/Electronic/CleanBot_ws/build/cleanbot_navigation', 'catkin_cmake_args': None, 'catkin_skip_building_tests': False, 'cmake_args': None, 'cmake_clean_cache': False, 'cmake_clean_first': False, 'cmake_force_configure': False, 'cmake_target': None, 'cmake_target_skip_unavailable': False, 'install_base': '/home/xiaoming/桌面/MOON/Electronic/CleanBot_ws/install/cleanbot_navigation', 'merge_install': False, 'path': '/home/xiaoming/桌面/MOON/Electronic/CleanBot_ws/src/cleanbot_navigation', 'symlink_install': False, 'test_result_base': None}
[0.203s] Level 5:colcon.colcon_core.verb:set package 'rplidar_ros' build argument 'cmake_args' from command line to 'None'
[0.203s] Level 5:colcon.colcon_core.verb:set package 'rplidar_ros' build argument 'cmake_target' from command line to 'None'
[0.203s] Level 5:colcon.colcon_core.verb:set package 'rplidar_ros' build argument 'cmake_target_skip_unavailable' from command line to 'False'
[0.203s] Level 5:colcon.colcon_core.verb:set package 'rplidar_ros' build argument 'cmake_clean_cache' from command line to 'False'
[0.203s] Level 5:colcon.colcon_core.verb:set package 'rplidar_ros' build argument 'cmake_clean_first' from command line to 'False'
[0.203s] Level 5:colcon.colcon_core.verb:set package 'rplidar_ros' build argument 'cmake_force_configure' from command line to 'False'
[0.203s] Level 5:colcon.colcon_core.verb:set package 'rplidar_ros' build argument 'ament_cmake_args' from command line to 'None'
[0.203s] Level 5:colcon.colcon_core.verb:set package 'rplidar_ros' build argument 'catkin_cmake_args' from command line to 'None'
[0.203s] Level 5:colcon.colcon_core.verb:set package 'rplidar_ros' build argument 'catkin_skip_building_tests' from command line to 'False'
[0.203s] DEBUG:colcon.colcon_core.verb:Building package 'rplidar_ros' with the following arguments: {'ament_cmake_args': None, 'build_base': '/home/xiaoming/桌面/MOON/Electronic/CleanBot_ws/build/rplidar_ros', 'catkin_cmake_args': None, 'catkin_skip_building_tests': False, 'cmake_args': None, 'cmake_clean_cache': False, 'cmake_clean_first': False, 'cmake_force_configure': False, 'cmake_target': None, 'cmake_target_skip_unavailable': False, 'install_base': '/home/xiaoming/桌面/MOON/Electronic/CleanBot_ws/install/rplidar_ros', 'merge_install': False, 'path': '/home/xiaoming/桌面/MOON/Electronic/CleanBot_ws/src/rplidar_ros', 'symlink_install': False, 'test_result_base': None}
[0.203s] INFO:colcon.colcon_core.executor:Executing jobs using 'parallel' executor
[0.204s] DEBUG:colcon.colcon_parallel_executor.executor.parallel:run_until_complete
[0.204s] INFO:colcon.colcon_ros.task.ament_cmake.build:Building ROS package in '/home/xiaoming/桌面/MOON/Electronic/CleanBot_ws/src/cleanbot_control' with build type 'ament_cmake'
[0.204s] INFO:colcon.colcon_cmake.task.cmake.build:Building CMake package in '/home/xiaoming/桌面/MOON/Electronic/CleanBot_ws/src/cleanbot_control'
[0.207s] INFO:colcon.colcon_core.plugin_system:Skipping extension 'colcon_core.shell.bat': Not used on non-Windows systems
[0.207s] INFO:colcon.colcon_core.shell:Skip shell extension 'powershell' for command environment: Not usable outside of PowerShell
[0.207s] DEBUG:colcon.colcon_core.shell:Skip shell extension 'dsv' for command environment
[0.209s] INFO:colcon.colcon_ros.task.ament_cmake.build:Building ROS package in '/home/xiaoming/桌面/MOON/Electronic/CleanBot_ws/src/cleanbot_description' with build type 'ament_cmake'
[0.209s] INFO:colcon.colcon_cmake.task.cmake.build:Building CMake package in '/home/xiaoming/桌面/MOON/Electronic/CleanBot_ws/src/cleanbot_description'
[0.210s] INFO:colcon.colcon_core.shell:Skip shell extension 'powershell' for command environment: Not usable outside of PowerShell
[0.210s] DEBUG:colcon.colcon_core.shell:Skip shell extension 'dsv' for command environment
[0.212s] INFO:colcon.colcon_ros.task.ament_python.build:Building ROS package in '/home/xiaoming/桌面/MOON/Electronic/CleanBot_ws/src/cleanbot_navigation' with build type 'ament_python'
[0.212s] Level 1:colcon.colcon_core.shell:create_environment_hook('cleanbot_navigation', 'ament_prefix_path')
[0.212s] INFO:colcon.colcon_core.shell:Creating environment hook '/home/xiaoming/桌面/MOON/Electronic/CleanBot_ws/install/cleanbot_navigation/share/cleanbot_navigation/hook/ament_prefix_path.ps1'
[0.212s] INFO:colcon.colcon_core.shell:Creating environment descriptor '/home/xiaoming/桌面/MOON/Electronic/CleanBot_ws/install/cleanbot_navigation/share/cleanbot_navigation/hook/ament_prefix_path.dsv'
[0.213s] INFO:colcon.colcon_core.shell:Creating environment hook '/home/xiaoming/桌面/MOON/Electronic/CleanBot_ws/install/cleanbot_navigation/share/cleanbot_navigation/hook/ament_prefix_path.sh'
[0.213s] INFO:colcon.colcon_core.shell:Skip shell extension 'powershell' for command environment: Not usable outside of PowerShell
[0.213s] DEBUG:colcon.colcon_core.shell:Skip shell extension 'dsv' for command environment
[0.215s] INFO:colcon.colcon_ros.task.ament_cmake.build:Building ROS package in '/home/xiaoming/桌面/MOON/Electronic/CleanBot_ws/src/rplidar_ros' with build type 'ament_cmake'
[0.215s] INFO:colcon.colcon_cmake.task.cmake.build:Building CMake package in '/home/xiaoming/桌面/MOON/Electronic/CleanBot_ws/src/rplidar_ros'
[0.215s] INFO:colcon.colcon_core.shell:Skip shell extension 'powershell' for command environment: Not usable outside of PowerShell
[0.215s] DEBUG:colcon.colcon_core.shell:Skip shell extension 'dsv' for command environment
[0.220s] DEBUG:colcon.colcon_core.event_handler.log_command:Invoking command in '/home/xiaoming/桌面/MOON/Electronic/CleanBot_ws/build/cleanbot_control': CMAKE_PREFIX_PATH=${CMAKE_PREFIX_PATH}:/home/xiaoming/桌面/MOON/Electronic/CleanBot_ws/install/cleanbot_navigation:/opt/ros/jazzy DEBUGINFOD_URLS=https://debuginfod.ubuntu.com /usr/bin/cmake --build /home/xiaoming/桌面/MOON/Electronic/CleanBot_ws/build/cleanbot_control -- -j20 -l20
[0.221s] DEBUG:colcon.colcon_core.event_handler.log_command:Invoking command in '/home/xiaoming/桌面/MOON/Electronic/CleanBot_ws/build/cleanbot_description': CMAKE_PREFIX_PATH=${CMAKE_PREFIX_PATH}:/home/xiaoming/桌面/MOON/Electronic/CleanBot_ws/install/cleanbot_navigation:/opt/ros/jazzy DEBUGINFOD_URLS=https://debuginfod.ubuntu.com /usr/bin/cmake --build /home/xiaoming/桌面/MOON/Electronic/CleanBot_ws/build/cleanbot_description -- -j20 -l20
[0.348s] INFO:colcon.colcon_core.task.python.build:Building Python package in '/home/xiaoming/桌面/MOON/Electronic/CleanBot_ws/src/cleanbot_navigation'
[0.348s] INFO:colcon.colcon_core.shell:Skip shell extension 'powershell' for command environment: Not usable outside of PowerShell
[0.349s] DEBUG:colcon.colcon_core.shell:Skip shell extension 'dsv' for command environment
[0.353s] DEBUG:colcon.colcon_core.event_handler.log_command:Invoking command in '/home/xiaoming/桌面/MOON/Electronic/CleanBot_ws/build/rplidar_ros': CMAKE_PREFIX_PATH=${CMAKE_PREFIX_PATH}:/home/xiaoming/桌面/MOON/Electronic/CleanBot_ws/install/cleanbot_navigation:/opt/ros/jazzy DEBUGINFOD_URLS=https://debuginfod.ubuntu.com /usr/bin/cmake --build /home/xiaoming/桌面/MOON/Electronic/CleanBot_ws/build/rplidar_ros -- -j20 -l20
[0.354s] DEBUG:colcon.colcon_core.event_handler.log_command:Invoked command in '/home/xiaoming/桌面/MOON/Electronic/CleanBot_ws/build/cleanbot_description' returned '0': CMAKE_PREFIX_PATH=${CMAKE_PREFIX_PATH}:/home/xiaoming/桌面/MOON/Electronic/CleanBot_ws/install/cleanbot_navigation:/opt/ros/jazzy DEBUGINFOD_URLS=https://debuginfod.ubuntu.com /usr/bin/cmake --build /home/xiaoming/桌面/MOON/Electronic/CleanBot_ws/build/cleanbot_description -- -j20 -l20
[0.363s] DEBUG:colcon.colcon_core.event_handler.log_command:Invoking command in '/home/xiaoming/桌面/MOON/Electronic/CleanBot_ws/build/cleanbot_description': CMAKE_PREFIX_PATH=${CMAKE_PREFIX_PATH}:/home/xiaoming/桌面/MOON/Electronic/CleanBot_ws/install/cleanbot_navigation:/opt/ros/jazzy DEBUGINFOD_URLS=https://debuginfod.ubuntu.com /usr/bin/cmake --install /home/xiaoming/桌面/MOON/Electronic/CleanBot_ws/build/cleanbot_description
[0.379s] Level 1:colcon.colcon_core.environment:create_environment_scripts_only(cleanbot_description)
[0.379s] DEBUG:colcon.colcon_core.event_handler.log_command:Invoked command in '/home/xiaoming/桌面/MOON/Electronic/CleanBot_ws/build/cleanbot_description' returned '0': CMAKE_PREFIX_PATH=${CMAKE_PREFIX_PATH}:/home/xiaoming/桌面/MOON/Electronic/CleanBot_ws/install/cleanbot_navigation:/opt/ros/jazzy DEBUGINFOD_URLS=https://debuginfod.ubuntu.com /usr/bin/cmake --install /home/xiaoming/桌面/MOON/Electronic/CleanBot_ws/build/cleanbot_description
[0.385s] Level 1:colcon.colcon_core.environment:checking '/home/xiaoming/桌面/MOON/Electronic/CleanBot_ws/install/cleanbot_description' for CMake module files
[0.385s] Level 1:colcon.colcon_core.environment:checking '/home/xiaoming/桌面/MOON/Electronic/CleanBot_ws/install/cleanbot_description' for CMake config files
[0.385s] Level 1:colcon.colcon_core.shell:create_environment_hook('cleanbot_description', 'cmake_prefix_path')
[0.385s] INFO:colcon.colcon_core.shell:Creating environment hook '/home/xiaoming/桌面/MOON/Electronic/CleanBot_ws/install/cleanbot_description/share/cleanbot_description/hook/cmake_prefix_path.ps1'
[0.386s] INFO:colcon.colcon_core.shell:Creating environment descriptor '/home/xiaoming/桌面/MOON/Electronic/CleanBot_ws/install/cleanbot_description/share/cleanbot_description/hook/cmake_prefix_path.dsv'
[0.386s] INFO:colcon.colcon_core.shell:Creating environment hook '/home/xiaoming/桌面/MOON/Electronic/CleanBot_ws/install/cleanbot_description/share/cleanbot_description/hook/cmake_prefix_path.sh'
[0.387s] Level 1:colcon.colcon_core.environment:checking '/home/xiaoming/桌面/MOON/Electronic/CleanBot_ws/install/cleanbot_description/bin'
[0.387s] Level 1:colcon.colcon_core.environment:checking '/home/xiaoming/桌面/MOON/Electronic/CleanBot_ws/install/cleanbot_description/lib/pkgconfig/cleanbot_description.pc'
[0.387s] Level 1:colcon.colcon_core.environment:checking '/home/xiaoming/桌面/MOON/Electronic/CleanBot_ws/install/cleanbot_description/lib/python3.12/site-packages'
[0.387s] Level 1:colcon.colcon_core.environment:checking '/home/xiaoming/桌面/MOON/Electronic/CleanBot_ws/install/cleanbot_description/bin'
[0.387s] INFO:colcon.colcon_core.shell:Creating package script '/home/xiaoming/桌面/MOON/Electronic/CleanBot_ws/install/cleanbot_description/share/cleanbot_description/package.ps1'
[0.388s] INFO:colcon.colcon_core.shell:Creating package descriptor '/home/xiaoming/桌面/MOON/Electronic/CleanBot_ws/install/cleanbot_description/share/cleanbot_description/package.dsv'
[0.389s] INFO:colcon.colcon_core.shell:Creating package script '/home/xiaoming/桌面/MOON/Electronic/CleanBot_ws/install/cleanbot_description/share/cleanbot_description/package.sh'
[0.389s] INFO:colcon.colcon_core.shell:Creating package script '/home/xiaoming/桌面/MOON/Electronic/CleanBot_ws/install/cleanbot_description/share/cleanbot_description/package.bash'
[0.390s] INFO:colcon.colcon_core.shell:Creating package script '/home/xiaoming/桌面/MOON/Electronic/CleanBot_ws/install/cleanbot_description/share/cleanbot_description/package.zsh'
[0.391s] Level 1:colcon.colcon_core.environment:create_file_with_runtime_dependencies(/home/xiaoming/桌面/MOON/Electronic/CleanBot_ws/install/cleanbot_description/share/colcon-core/packages/cleanbot_description)
[0.391s] Level 1:colcon.colcon_core.environment:create_environment_scripts_only(cleanbot_description)
[0.392s] Level 1:colcon.colcon_core.environment:checking '/home/xiaoming/桌面/MOON/Electronic/CleanBot_ws/install/cleanbot_description' for CMake module files
[0.392s] Level 1:colcon.colcon_core.environment:checking '/home/xiaoming/桌面/MOON/Electronic/CleanBot_ws/install/cleanbot_description' for CMake config files
[0.392s] Level 1:colcon.colcon_core.shell:create_environment_hook('cleanbot_description', 'cmake_prefix_path')
[0.392s] INFO:colcon.colcon_core.shell:Creating environment hook '/home/xiaoming/桌面/MOON/Electronic/CleanBot_ws/install/cleanbot_description/share/cleanbot_description/hook/cmake_prefix_path.ps1'
[0.393s] INFO:colcon.colcon_core.shell:Creating environment descriptor '/home/xiaoming/桌面/MOON/Electronic/CleanBot_ws/install/cleanbot_description/share/cleanbot_description/hook/cmake_prefix_path.dsv'
[0.393s] INFO:colcon.colcon_core.shell:Creating environment hook '/home/xiaoming/桌面/MOON/Electronic/CleanBot_ws/install/cleanbot_description/share/cleanbot_description/hook/cmake_prefix_path.sh'
[0.393s] Level 1:colcon.colcon_core.environment:checking '/home/xiaoming/桌面/MOON/Electronic/CleanBot_ws/install/cleanbot_description/bin'
[0.393s] Level 1:colcon.colcon_core.environment:checking '/home/xiaoming/桌面/MOON/Electronic/CleanBot_ws/install/cleanbot_description/lib/pkgconfig/cleanbot_description.pc'
[0.393s] Level 1:colcon.colcon_core.environment:checking '/home/xiaoming/桌面/MOON/Electronic/CleanBot_ws/install/cleanbot_description/lib/python3.12/site-packages'
[0.393s] Level 1:colcon.colcon_core.environment:checking '/home/xiaoming/桌面/MOON/Electronic/CleanBot_ws/install/cleanbot_description/bin'
[0.394s] INFO:colcon.colcon_core.shell:Creating package script '/home/xiaoming/桌面/MOON/Electronic/CleanBot_ws/install/cleanbot_description/share/cleanbot_description/package.ps1'
[0.394s] INFO:colcon.colcon_core.shell:Creating package descriptor '/home/xiaoming/桌面/MOON/Electronic/CleanBot_ws/install/cleanbot_description/share/cleanbot_description/package.dsv'
[0.394s] INFO:colcon.colcon_core.shell:Creating package script '/home/xiaoming/桌面/MOON/Electronic/CleanBot_ws/install/cleanbot_description/share/cleanbot_description/package.sh'
[0.394s] INFO:colcon.colcon_core.shell:Creating package script '/home/xiaoming/桌面/MOON/Electronic/CleanBot_ws/install/cleanbot_description/share/cleanbot_description/package.bash'
[0.394s] INFO:colcon.colcon_core.shell:Creating package script '/home/xiaoming/桌面/MOON/Electronic/CleanBot_ws/install/cleanbot_description/share/cleanbot_description/package.zsh'
[0.395s] Level 1:colcon.colcon_core.environment:create_file_with_runtime_dependencies(/home/xiaoming/桌面/MOON/Electronic/CleanBot_ws/install/cleanbot_description/share/colcon-core/packages/cleanbot_description)
[0.415s] DEBUG:colcon.colcon_core.event_handler.log_command:Invoked command in '/home/xiaoming/桌面/MOON/Electronic/CleanBot_ws/build/rplidar_ros' returned '0': CMAKE_PREFIX_PATH=${CMAKE_PREFIX_PATH}:/home/xiaoming/桌面/MOON/Electronic/CleanBot_ws/install/cleanbot_navigation:/opt/ros/jazzy DEBUGINFOD_URLS=https://debuginfod.ubuntu.com /usr/bin/cmake --build /home/xiaoming/桌面/MOON/Electronic/CleanBot_ws/build/rplidar_ros -- -j20 -l20
[0.416s] DEBUG:colcon.colcon_core.event_handler.log_command:Invoking command in '/home/xiaoming/桌面/MOON/Electronic/CleanBot_ws/build/rplidar_ros': CMAKE_PREFIX_PATH=${CMAKE_PREFIX_PATH}:/home/xiaoming/桌面/MOON/Electronic/CleanBot_ws/install/cleanbot_navigation:/opt/ros/jazzy DEBUGINFOD_URLS=https://debuginfod.ubuntu.com /usr/bin/cmake --install /home/xiaoming/桌面/MOON/Electronic/CleanBot_ws/build/rplidar_ros
[0.433s] Level 1:colcon.colcon_core.environment:create_environment_scripts_only(rplidar_ros)
[0.433s] Level 1:colcon.colcon_core.environment:checking '/home/xiaoming/桌面/MOON/Electronic/CleanBot_ws/install/rplidar_ros' for CMake module files
[0.434s] DEBUG:colcon.colcon_core.event_handler.log_command:Invoked command in '/home/xiaoming/桌面/MOON/Electronic/CleanBot_ws/build/rplidar_ros' returned '0': CMAKE_PREFIX_PATH=${CMAKE_PREFIX_PATH}:/home/xiaoming/桌面/MOON/Electronic/CleanBot_ws/install/cleanbot_navigation:/opt/ros/jazzy DEBUGINFOD_URLS=https://debuginfod.ubuntu.com /usr/bin/cmake --install /home/xiaoming/桌面/MOON/Electronic/CleanBot_ws/build/rplidar_ros
[0.434s] Level 1:colcon.colcon_core.environment:checking '/home/xiaoming/桌面/MOON/Electronic/CleanBot_ws/install/rplidar_ros' for CMake config files
[0.435s] Level 1:colcon.colcon_core.shell:create_environment_hook('rplidar_ros', 'cmake_prefix_path')
[0.435s] INFO:colcon.colcon_core.shell:Creating environment hook '/home/xiaoming/桌面/MOON/Electronic/CleanBot_ws/install/rplidar_ros/share/rplidar_ros/hook/cmake_prefix_path.ps1'
[0.435s] INFO:colcon.colcon_core.shell:Creating environment descriptor '/home/xiaoming/桌面/MOON/Electronic/CleanBot_ws/install/rplidar_ros/share/rplidar_ros/hook/cmake_prefix_path.dsv'
[0.435s] INFO:colcon.colcon_core.shell:Creating environment hook '/home/xiaoming/桌面/MOON/Electronic/CleanBot_ws/install/rplidar_ros/share/rplidar_ros/hook/cmake_prefix_path.sh'
[0.435s] Level 1:colcon.colcon_core.environment:checking '/home/xiaoming/桌面/MOON/Electronic/CleanBot_ws/install/rplidar_ros/lib'
[0.436s] Level 1:colcon.colcon_core.environment:checking '/home/xiaoming/桌面/MOON/Electronic/CleanBot_ws/install/rplidar_ros/bin'
[0.436s] Level 1:colcon.colcon_core.environment:checking '/home/xiaoming/桌面/MOON/Electronic/CleanBot_ws/install/rplidar_ros/lib/pkgconfig/rplidar_ros.pc'
[0.436s] Level 1:colcon.colcon_core.environment:checking '/home/xiaoming/桌面/MOON/Electronic/CleanBot_ws/install/rplidar_ros/lib/python3.12/site-packages'
[0.436s] Level 1:colcon.colcon_core.environment:checking '/home/xiaoming/桌面/MOON/Electronic/CleanBot_ws/install/rplidar_ros/bin'
[0.436s] INFO:colcon.colcon_core.shell:Creating package script '/home/xiaoming/桌面/MOON/Electronic/CleanBot_ws/install/rplidar_ros/share/rplidar_ros/package.ps1'
[0.436s] INFO:colcon.colcon_core.shell:Creating package descriptor '/home/xiaoming/桌面/MOON/Electronic/CleanBot_ws/install/rplidar_ros/share/rplidar_ros/package.dsv'
[0.436s] INFO:colcon.colcon_core.shell:Creating package script '/home/xiaoming/桌面/MOON/Electronic/CleanBot_ws/install/rplidar_ros/share/rplidar_ros/package.sh'
[0.437s] INFO:colcon.colcon_core.shell:Creating package script '/home/xiaoming/桌面/MOON/Electronic/CleanBot_ws/install/rplidar_ros/share/rplidar_ros/package.bash'
[0.437s] INFO:colcon.colcon_core.shell:Creating package script '/home/xiaoming/桌面/MOON/Electronic/CleanBot_ws/install/rplidar_ros/share/rplidar_ros/package.zsh'
[0.437s] Level 1:colcon.colcon_core.environment:create_file_with_runtime_dependencies(/home/xiaoming/桌面/MOON/Electronic/CleanBot_ws/install/rplidar_ros/share/colcon-core/packages/rplidar_ros)
[0.437s] Level 1:colcon.colcon_core.environment:create_environment_scripts_only(rplidar_ros)
[0.437s] Level 1:colcon.colcon_core.environment:checking '/home/xiaoming/桌面/MOON/Electronic/CleanBot_ws/install/rplidar_ros' for CMake module files
[0.438s] Level 1:colcon.colcon_core.environment:checking '/home/xiaoming/桌面/MOON/Electronic/CleanBot_ws/install/rplidar_ros' for CMake config files
[0.438s] Level 1:colcon.colcon_core.shell:create_environment_hook('rplidar_ros', 'cmake_prefix_path')
[0.438s] INFO:colcon.colcon_core.shell:Creating environment hook '/home/xiaoming/桌面/MOON/Electronic/CleanBot_ws/install/rplidar_ros/share/rplidar_ros/hook/cmake_prefix_path.ps1'
[0.438s] INFO:colcon.colcon_core.shell:Creating environment descriptor '/home/xiaoming/桌面/MOON/Electronic/CleanBot_ws/install/rplidar_ros/share/rplidar_ros/hook/cmake_prefix_path.dsv'
[0.438s] INFO:colcon.colcon_core.shell:Creating environment hook '/home/xiaoming/桌面/MOON/Electronic/CleanBot_ws/install/rplidar_ros/share/rplidar_ros/hook/cmake_prefix_path.sh'
[0.439s] Level 1:colcon.colcon_core.environment:checking '/home/xiaoming/桌面/MOON/Electronic/CleanBot_ws/install/rplidar_ros/lib'
[0.439s] Level 1:colcon.colcon_core.environment:checking '/home/xiaoming/桌面/MOON/Electronic/CleanBot_ws/install/rplidar_ros/bin'
[0.439s] Level 1:colcon.colcon_core.environment:checking '/home/xiaoming/桌面/MOON/Electronic/CleanBot_ws/install/rplidar_ros/lib/pkgconfig/rplidar_ros.pc'
[0.439s] Level 1:colcon.colcon_core.environment:checking '/home/xiaoming/桌面/MOON/Electronic/CleanBot_ws/install/rplidar_ros/lib/python3.12/site-packages'
[0.439s] Level 1:colcon.colcon_core.environment:checking '/home/xiaoming/桌面/MOON/Electronic/CleanBot_ws/install/rplidar_ros/bin'
[0.439s] INFO:colcon.colcon_core.shell:Creating package script '/home/xiaoming/桌面/MOON/Electronic/CleanBot_ws/install/rplidar_ros/share/rplidar_ros/package.ps1'
[0.439s] INFO:colcon.colcon_core.shell:Creating package descriptor '/home/xiaoming/桌面/MOON/Electronic/CleanBot_ws/install/rplidar_ros/share/rplidar_ros/package.dsv'
[0.440s] INFO:colcon.colcon_core.shell:Creating package script '/home/xiaoming/桌面/MOON/Electronic/CleanBot_ws/install/rplidar_ros/share/rplidar_ros/package.sh'
[0.440s] INFO:colcon.colcon_core.shell:Creating package script '/home/xiaoming/桌面/MOON/Electronic/CleanBot_ws/install/rplidar_ros/share/rplidar_ros/package.bash'
[0.440s] INFO:colcon.colcon_core.shell:Creating package script '/home/xiaoming/桌面/MOON/Electronic/CleanBot_ws/install/rplidar_ros/share/rplidar_ros/package.zsh'
[0.440s] Level 1:colcon.colcon_core.environment:create_file_with_runtime_dependencies(/home/xiaoming/桌面/MOON/Electronic/CleanBot_ws/install/rplidar_ros/share/colcon-core/packages/rplidar_ros)
[0.758s] DEBUG:colcon.colcon_core.event_handler.log_command:Invoking command in '/home/xiaoming/桌面/MOON/Electronic/CleanBot_ws/src/cleanbot_navigation': DEBUGINFOD_URLS=https://debuginfod.ubuntu.com PYTHONPATH=/home/xiaoming/桌面/MOON/Electronic/CleanBot_ws/build/cleanbot_navigation/prefix_override:/usr/lib/python3/dist-packages/colcon_core/task/python/colcon_distutils_commands:/home/xiaoming/桌面/MOON/Electronic/CleanBot_ws/install/cleanbot_navigation/lib/python3.12/site-packages:${PYTHONPATH} /usr/bin/python3 -W ignore:setup.py install is deprecated -W ignore:easy_install command is deprecated setup.py egg_info --egg-base ../../build/cleanbot_navigation build --build-base /home/xiaoming/桌面/MOON/Electronic/CleanBot_ws/build/cleanbot_navigation/build install --record /home/xiaoming/桌面/MOON/Electronic/CleanBot_ws/build/cleanbot_navigation/install.log --single-version-externally-managed install_data
[1.052s] Level 1:colcon.colcon_core.environment:checking '/home/xiaoming/桌面/MOON/Electronic/CleanBot_ws/install/cleanbot_navigation' for CMake module files
[1.052s] DEBUG:colcon.colcon_core.event_handler.log_command:Invoked command in '/home/xiaoming/桌面/MOON/Electronic/CleanBot_ws/src/cleanbot_navigation' returned '0': DEBUGINFOD_URLS=https://debuginfod.ubuntu.com PYTHONPATH=/home/xiaoming/桌面/MOON/Electronic/CleanBot_ws/build/cleanbot_navigation/prefix_override:/usr/lib/python3/dist-packages/colcon_core/task/python/colcon_distutils_commands:/home/xiaoming/桌面/MOON/Electronic/CleanBot_ws/install/cleanbot_navigation/lib/python3.12/site-packages:${PYTHONPATH} /usr/bin/python3 -W ignore:setup.py install is deprecated -W ignore:easy_install command is deprecated setup.py egg_info --egg-base ../../build/cleanbot_navigation build --build-base /home/xiaoming/桌面/MOON/Electronic/CleanBot_ws/build/cleanbot_navigation/build install --record /home/xiaoming/桌面/MOON/Electronic/CleanBot_ws/build/cleanbot_navigation/install.log --single-version-externally-managed install_data
[1.053s] Level 1:colcon.colcon_core.environment:checking '/home/xiaoming/桌面/MOON/Electronic/CleanBot_ws/install/cleanbot_navigation' for CMake config files
[1.053s] Level 1:colcon.colcon_core.environment:checking '/home/xiaoming/桌面/MOON/Electronic/CleanBot_ws/install/cleanbot_navigation/lib'
[1.053s] Level 1:colcon.colcon_core.environment:checking '/home/xiaoming/桌面/MOON/Electronic/CleanBot_ws/install/cleanbot_navigation/bin'
[1.053s] Level 1:colcon.colcon_core.environment:checking '/home/xiaoming/桌面/MOON/Electronic/CleanBot_ws/install/cleanbot_navigation/lib/pkgconfig/cleanbot_navigation.pc'
[1.053s] Level 1:colcon.colcon_core.environment:checking '/home/xiaoming/桌面/MOON/Electronic/CleanBot_ws/install/cleanbot_navigation/lib/python3.12/site-packages'
[1.053s] Level 1:colcon.colcon_core.shell:create_environment_hook('cleanbot_navigation', 'pythonpath')
[1.053s] INFO:colcon.colcon_core.shell:Creating environment hook '/home/xiaoming/桌面/MOON/Electronic/CleanBot_ws/install/cleanbot_navigation/share/cleanbot_navigation/hook/pythonpath.ps1'
[1.054s] INFO:colcon.colcon_core.shell:Creating environment descriptor '/home/xiaoming/桌面/MOON/Electronic/CleanBot_ws/install/cleanbot_navigation/share/cleanbot_navigation/hook/pythonpath.dsv'
[1.054s] INFO:colcon.colcon_core.shell:Creating environment hook '/home/xiaoming/桌面/MOON/Electronic/CleanBot_ws/install/cleanbot_navigation/share/cleanbot_navigation/hook/pythonpath.sh'
[1.054s] Level 1:colcon.colcon_core.environment:checking '/home/xiaoming/桌面/MOON/Electronic/CleanBot_ws/install/cleanbot_navigation/bin'
[1.054s] Level 1:colcon.colcon_core.environment:create_environment_scripts_only(cleanbot_navigation)
[1.054s] INFO:colcon.colcon_core.shell:Creating package script '/home/xiaoming/桌面/MOON/Electronic/CleanBot_ws/install/cleanbot_navigation/share/cleanbot_navigation/package.ps1'
[1.055s] INFO:colcon.colcon_core.shell:Creating package descriptor '/home/xiaoming/桌面/MOON/Electronic/CleanBot_ws/install/cleanbot_navigation/share/cleanbot_navigation/package.dsv'
[1.055s] INFO:colcon.colcon_core.shell:Creating package script '/home/xiaoming/桌面/MOON/Electronic/CleanBot_ws/install/cleanbot_navigation/share/cleanbot_navigation/package.sh'
[1.055s] INFO:colcon.colcon_core.shell:Creating package script '/home/xiaoming/桌面/MOON/Electronic/CleanBot_ws/install/cleanbot_navigation/share/cleanbot_navigation/package.bash'
[1.055s] INFO:colcon.colcon_core.shell:Creating package script '/home/xiaoming/桌面/MOON/Electronic/CleanBot_ws/install/cleanbot_navigation/share/cleanbot_navigation/package.zsh'
[1.056s] Level 1:colcon.colcon_core.environment:create_file_with_runtime_dependencies(/home/xiaoming/桌面/MOON/Electronic/CleanBot_ws/install/cleanbot_navigation/share/colcon-core/packages/cleanbot_navigation)
[6.659s] DEBUG:colcon.colcon_core.event_handler.log_command:Invoked command in '/home/xiaoming/桌面/MOON/Electronic/CleanBot_ws/build/cleanbot_control' returned '0': CMAKE_PREFIX_PATH=${CMAKE_PREFIX_PATH}:/home/xiaoming/桌面/MOON/Electronic/CleanBot_ws/install/cleanbot_navigation:/opt/ros/jazzy DEBUGINFOD_URLS=https://debuginfod.ubuntu.com /usr/bin/cmake --build /home/xiaoming/桌面/MOON/Electronic/CleanBot_ws/build/cleanbot_control -- -j20 -l20
[6.660s] DEBUG:colcon.colcon_core.event_handler.log_command:Invoking command in '/home/xiaoming/桌面/MOON/Electronic/CleanBot_ws/build/cleanbot_control': CMAKE_PREFIX_PATH=${CMAKE_PREFIX_PATH}:/home/xiaoming/桌面/MOON/Electronic/CleanBot_ws/install/cleanbot_navigation:/opt/ros/jazzy DEBUGINFOD_URLS=https://debuginfod.ubuntu.com /usr/bin/cmake --install /home/xiaoming/桌面/MOON/Electronic/CleanBot_ws/build/cleanbot_control
[6.674s] Level 1:colcon.colcon_core.environment:create_environment_scripts_only(cleanbot_control)
[6.675s] Level 1:colcon.colcon_core.environment:checking '/home/xiaoming/桌面/MOON/Electronic/CleanBot_ws/install/cleanbot_control' for CMake module files
[6.675s] DEBUG:colcon.colcon_core.event_handler.log_command:Invoked command in '/home/xiaoming/桌面/MOON/Electronic/CleanBot_ws/build/cleanbot_control' returned '0': CMAKE_PREFIX_PATH=${CMAKE_PREFIX_PATH}:/home/xiaoming/桌面/MOON/Electronic/CleanBot_ws/install/cleanbot_navigation:/opt/ros/jazzy DEBUGINFOD_URLS=https://debuginfod.ubuntu.com /usr/bin/cmake --install /home/xiaoming/桌面/MOON/Electronic/CleanBot_ws/build/cleanbot_control
[6.675s] Level 1:colcon.colcon_core.environment:checking '/home/xiaoming/桌面/MOON/Electronic/CleanBot_ws/install/cleanbot_control' for CMake config files
[6.675s] Level 1:colcon.colcon_core.shell:create_environment_hook('cleanbot_control', 'cmake_prefix_path')
[6.675s] INFO:colcon.colcon_core.shell:Creating environment hook '/home/xiaoming/桌面/MOON/Electronic/CleanBot_ws/install/cleanbot_control/share/cleanbot_control/hook/cmake_prefix_path.ps1'
[6.676s] INFO:colcon.colcon_core.shell:Creating environment descriptor '/home/xiaoming/桌面/MOON/Electronic/CleanBot_ws/install/cleanbot_control/share/cleanbot_control/hook/cmake_prefix_path.dsv'
[6.676s] INFO:colcon.colcon_core.shell:Creating environment hook '/home/xiaoming/桌面/MOON/Electronic/CleanBot_ws/install/cleanbot_control/share/cleanbot_control/hook/cmake_prefix_path.sh'
[6.676s] Level 1:colcon.colcon_core.environment:checking '/home/xiaoming/桌面/MOON/Electronic/CleanBot_ws/install/cleanbot_control/lib'
[6.676s] Level 1:colcon.colcon_core.shell:create_environment_hook('cleanbot_control', 'ld_library_path_lib')
[6.676s] INFO:colcon.colcon_core.shell:Creating environment hook '/home/xiaoming/桌面/MOON/Electronic/CleanBot_ws/install/cleanbot_control/share/cleanbot_control/hook/ld_library_path_lib.ps1'
[6.677s] INFO:colcon.colcon_core.shell:Creating environment descriptor '/home/xiaoming/桌面/MOON/Electronic/CleanBot_ws/install/cleanbot_control/share/cleanbot_control/hook/ld_library_path_lib.dsv'
[6.677s] INFO:colcon.colcon_core.shell:Creating environment hook '/home/xiaoming/桌面/MOON/Electronic/CleanBot_ws/install/cleanbot_control/share/cleanbot_control/hook/ld_library_path_lib.sh'
[6.677s] Level 1:colcon.colcon_core.environment:checking '/home/xiaoming/桌面/MOON/Electronic/CleanBot_ws/install/cleanbot_control/bin'
[6.677s] Level 1:colcon.colcon_core.environment:checking '/home/xiaoming/桌面/MOON/Electronic/CleanBot_ws/install/cleanbot_control/lib/pkgconfig/cleanbot_control.pc'
[6.677s] Level 1:colcon.colcon_core.environment:checking '/home/xiaoming/桌面/MOON/Electronic/CleanBot_ws/install/cleanbot_control/lib/python3.12/site-packages'
[6.677s] Level 1:colcon.colcon_core.environment:checking '/home/xiaoming/桌面/MOON/Electronic/CleanBot_ws/install/cleanbot_control/bin'
[6.677s] INFO:colcon.colcon_core.shell:Creating package script '/home/xiaoming/桌面/MOON/Electronic/CleanBot_ws/install/cleanbot_control/share/cleanbot_control/package.ps1'
[6.678s] INFO:colcon.colcon_core.shell:Creating package descriptor '/home/xiaoming/桌面/MOON/Electronic/CleanBot_ws/install/cleanbot_control/share/cleanbot_control/package.dsv'
[6.678s] INFO:colcon.colcon_core.shell:Creating package script '/home/xiaoming/桌面/MOON/Electronic/CleanBot_ws/install/cleanbot_control/share/cleanbot_control/package.sh'
[6.678s] INFO:colcon.colcon_core.shell:Creating package script '/home/xiaoming/桌面/MOON/Electronic/CleanBot_ws/install/cleanbot_control/share/cleanbot_control/package.bash'
[6.678s] INFO:colcon.colcon_core.shell:Creating package script '/home/xiaoming/桌面/MOON/Electronic/CleanBot_ws/install/cleanbot_control/share/cleanbot_control/package.zsh'
[6.679s] Level 1:colcon.colcon_core.environment:create_file_with_runtime_dependencies(/home/xiaoming/桌面/MOON/Electronic/CleanBot_ws/install/cleanbot_control/share/colcon-core/packages/cleanbot_control)
[6.679s] Level 1:colcon.colcon_core.environment:create_environment_scripts_only(cleanbot_control)
[6.679s] Level 1:colcon.colcon_core.environment:checking '/home/xiaoming/桌面/MOON/Electronic/CleanBot_ws/install/cleanbot_control' for CMake module files
[6.679s] Level 1:colcon.colcon_core.environment:checking '/home/xiaoming/桌面/MOON/Electronic/CleanBot_ws/install/cleanbot_control' for CMake config files
[6.680s] Level 1:colcon.colcon_core.shell:create_environment_hook('cleanbot_control', 'cmake_prefix_path')
[6.680s] INFO:colcon.colcon_core.shell:Creating environment hook '/home/xiaoming/桌面/MOON/Electronic/CleanBot_ws/install/cleanbot_control/share/cleanbot_control/hook/cmake_prefix_path.ps1'
[6.680s] INFO:colcon.colcon_core.shell:Creating environment descriptor '/home/xiaoming/桌面/MOON/Electronic/CleanBot_ws/install/cleanbot_control/share/cleanbot_control/hook/cmake_prefix_path.dsv'
[6.680s] INFO:colcon.colcon_core.shell:Creating environment hook '/home/xiaoming/桌面/MOON/Electronic/CleanBot_ws/install/cleanbot_control/share/cleanbot_control/hook/cmake_prefix_path.sh'
[6.680s] Level 1:colcon.colcon_core.environment:checking '/home/xiaoming/桌面/MOON/Electronic/CleanBot_ws/install/cleanbot_control/lib'
[6.680s] Level 1:colcon.colcon_core.shell:create_environment_hook('cleanbot_control', 'ld_library_path_lib')
[6.681s] INFO:colcon.colcon_core.shell:Creating environment hook '/home/xiaoming/桌面/MOON/Electronic/CleanBot_ws/install/cleanbot_control/share/cleanbot_control/hook/ld_library_path_lib.ps1'
[6.681s] INFO:colcon.colcon_core.shell:Creating environment descriptor '/home/xiaoming/桌面/MOON/Electronic/CleanBot_ws/install/cleanbot_control/share/cleanbot_control/hook/ld_library_path_lib.dsv'
[6.681s] INFO:colcon.colcon_core.shell:Creating environment hook '/home/xiaoming/桌面/MOON/Electronic/CleanBot_ws/install/cleanbot_control/share/cleanbot_control/hook/ld_library_path_lib.sh'
[6.681s] Level 1:colcon.colcon_core.environment:checking '/home/xiaoming/桌面/MOON/Electronic/CleanBot_ws/install/cleanbot_control/bin'
[6.681s] Level 1:colcon.colcon_core.environment:checking '/home/xiaoming/桌面/MOON/Electronic/CleanBot_ws/install/cleanbot_control/lib/pkgconfig/cleanbot_control.pc'
[6.681s] Level 1:colcon.colcon_core.environment:checking '/home/xiaoming/桌面/MOON/Electronic/CleanBot_ws/install/cleanbot_control/lib/python3.12/site-packages'
[6.681s] Level 1:colcon.colcon_core.environment:checking '/home/xiaoming/桌面/MOON/Electronic/CleanBot_ws/install/cleanbot_control/bin'
[6.682s] INFO:colcon.colcon_core.shell:Creating package script '/home/xiaoming/桌面/MOON/Electronic/CleanBot_ws/install/cleanbot_control/share/cleanbot_control/package.ps1'
[6.682s] INFO:colcon.colcon_core.shell:Creating package descriptor '/home/xiaoming/桌面/MOON/Electronic/CleanBot_ws/install/cleanbot_control/share/cleanbot_control/package.dsv'
[6.682s] INFO:colcon.colcon_core.shell:Creating package script '/home/xiaoming/桌面/MOON/Electronic/CleanBot_ws/install/cleanbot_control/share/cleanbot_control/package.sh'
[6.682s] INFO:colcon.colcon_core.shell:Creating package script '/home/xiaoming/桌面/MOON/Electronic/CleanBot_ws/install/cleanbot_control/share/cleanbot_control/package.bash'
[6.682s] INFO:colcon.colcon_core.shell:Creating package script '/home/xiaoming/桌面/MOON/Electronic/CleanBot_ws/install/cleanbot_control/share/cleanbot_control/package.zsh'
[6.683s] Level 1:colcon.colcon_core.environment:create_file_with_runtime_dependencies(/home/xiaoming/桌面/MOON/Electronic/CleanBot_ws/install/cleanbot_control/share/colcon-core/packages/cleanbot_control)
[6.683s] DEBUG:colcon.colcon_parallel_executor.executor.parallel:closing loop
[6.683s] DEBUG:colcon.colcon_parallel_executor.executor.parallel:loop closed
[6.683s] DEBUG:colcon.colcon_parallel_executor.executor.parallel:run_until_complete finished with '0'
[6.683s] DEBUG:colcon.colcon_core.event_reactor:joining thread
[6.687s] INFO:colcon.colcon_core.plugin_system:Skipping extension 'colcon_notification.desktop_notification.terminal_notifier': Not used on non-Darwin systems
[6.687s] INFO:colcon.colcon_core.plugin_system:Skipping extension 'colcon_notification.desktop_notification.win32': Not used on non-Windows systems
[6.687s] INFO:colcon.colcon_notification.desktop_notification:Sending desktop notification using 'notify2'
[6.702s] DEBUG:colcon.colcon_core.event_reactor:joined thread
[6.702s] INFO:colcon.colcon_core.shell:Creating prefix script '/home/xiaoming/桌面/MOON/Electronic/CleanBot_ws/install/local_setup.ps1'
[6.703s] INFO:colcon.colcon_core.shell:Creating prefix util module '/home/xiaoming/桌面/MOON/Electronic/CleanBot_ws/install/_local_setup_util_ps1.py'
[6.704s] INFO:colcon.colcon_core.shell:Creating prefix chain script '/home/xiaoming/桌面/MOON/Electronic/CleanBot_ws/install/setup.ps1'
[6.705s] INFO:colcon.colcon_core.shell:Creating prefix script '/home/xiaoming/桌面/MOON/Electronic/CleanBot_ws/install/local_setup.sh'
[6.705s] INFO:colcon.colcon_core.shell:Creating prefix util module '/home/xiaoming/桌面/MOON/Electronic/CleanBot_ws/install/_local_setup_util_sh.py'
[6.705s] INFO:colcon.colcon_core.shell:Creating prefix chain script '/home/xiaoming/桌面/MOON/Electronic/CleanBot_ws/install/setup.sh'
[6.706s] INFO:colcon.colcon_core.shell:Creating prefix script '/home/xiaoming/桌面/MOON/Electronic/CleanBot_ws/install/local_setup.bash'
[6.706s] INFO:colcon.colcon_core.shell:Creating prefix chain script '/home/xiaoming/桌面/MOON/Electronic/CleanBot_ws/install/setup.bash'
[6.707s] INFO:colcon.colcon_core.shell:Creating prefix script '/home/xiaoming/桌面/MOON/Electronic/CleanBot_ws/install/local_setup.zsh'
[6.707s] INFO:colcon.colcon_core.shell:Creating prefix chain script '/home/xiaoming/桌面/MOON/Electronic/CleanBot_ws/install/setup.zsh'
