[0.007s] Invoking command in '/home/xiaoming/桌面/MOON/Electronic/CleanBot_ws/build/cleanbot_control': CMAKE_PREFIX_PATH=${CMAKE_PREFIX_PATH}:/home/xiaoming/桌面/MOON/Electronic/CleanBot_ws/install/cleanbot_navigation:/opt/ros/jazzy DEBUGINFOD_URLS=https://debuginfod.ubuntu.com /usr/bin/cmake /home/xiaoming/桌面/MOON/Electronic/CleanBot_ws/src/cleanbot_control -DCMAKE_INSTALL_PREFIX=/home/xiaoming/桌面/MOON/Electronic/CleanBot_ws/install/cleanbot_control
[0.077s] -- The C compiler identification is GNU 13.3.0
[0.119s] -- The CXX compiler identification is GNU 13.3.0
[0.135s] -- Detecting C compiler ABI info
[0.202s] -- Detecting C compiler ABI info - done
[0.207s] -- Check for working C compiler: /usr/bin/cc - skipped
[0.207s] -- Detecting C compile features
[0.208s] -- Detecting C compile features - done
[0.215s] -- Detecting CXX compiler ABI info
[0.284s] -- Detecting CXX compiler ABI info - done
[0.290s] -- Check for working CXX compiler: /usr/bin/c++ - skipped
[0.290s] -- Detecting CXX compile features
[0.290s] -- Detecting CXX compile features - done
[0.298s] -- Found ament_cmake: 2.5.4 (/opt/ros/jazzy/share/ament_cmake/cmake)
[0.406s] -- Found Python3: /usr/bin/python3 (found version "3.12.3") found components: Interpreter 
[0.501s] -- Found rclcpp: 28.1.13 (/opt/ros/jazzy/share/rclcpp/cmake)
[0.543s] -- Found rosidl_generator_c: 4.6.6 (/opt/ros/jazzy/share/rosidl_generator_c/cmake)
[0.557s] -- Found rosidl_generator_cpp: 4.6.6 (/opt/ros/jazzy/share/rosidl_generator_cpp/cmake)
[0.574s] -- Using all available rosidl_typesupport_c: rosidl_typesupport_fastrtps_c;rosidl_typesupport_introspection_c
[0.591s] -- Using all available rosidl_typesupport_cpp: rosidl_typesupport_fastrtps_cpp;rosidl_typesupport_introspection_cpp
[0.662s] -- Found rmw_implementation_cmake: 7.3.2 (/opt/ros/jazzy/share/rmw_implementation_cmake/cmake)
[0.665s] -- Found rmw_fastrtps_cpp: 8.4.3 (/opt/ros/jazzy/share/rmw_fastrtps_cpp/cmake)
[0.740s] -- Found OpenSSL: /usr/lib/x86_64-linux-gnu/libcrypto.so (found version "3.0.13")  
[0.757s] -- Found FastRTPS: /opt/ros/jazzy/include (Required is at least version "2.13") 
[0.778s] -- Using RMW implementation 'rmw_fastrtps_cpp' as default
[0.844s] -- Found rclpy: 7.1.6 (/opt/ros/jazzy/share/rclpy/cmake)
[0.846s] -- Found std_msgs: 5.3.6 (/opt/ros/jazzy/share/std_msgs/cmake)
[0.859s] -- Found sensor_msgs: 5.3.6 (/opt/ros/jazzy/share/sensor_msgs/cmake)
[0.893s] -- Found nav_msgs: 5.3.6 (/opt/ros/jazzy/share/nav_msgs/cmake)
[0.916s] -- Found tf2: 0.36.16 (/opt/ros/jazzy/share/tf2/cmake)
[0.921s] -- Found tf2_ros: 0.36.16 (/opt/ros/jazzy/share/tf2_ros/cmake)
[1.330s] -- 找到ros2_control依赖，将编译硬件接口
[1.333s] -- Found ament_lint_auto: 0.17.3 (/opt/ros/jazzy/share/ament_lint_auto/cmake)
[1.419s] -- Added test 'cppcheck' to perform static code analysis on C / C++ code
[1.420s] -- Configured cppcheck include dirs: $<BUILD_INTERFACE:/home/xiaoming/桌面/MOON/Electronic/CleanBot_ws/src/cleanbot_control/include>
[1.420s] -- Configured cppcheck exclude dirs and/or files: 
[1.420s] -- Added test 'flake8' to check Python code syntax and style conventions
[1.420s] -- Configured 'flake8' exclude dirs and/or files: 
[1.421s] -- Added test 'lint_cmake' to check CMake code style
[1.421s] -- Added test 'pep257' to check Python code against some of the docstring style conventions in PEP 257
[1.423s] -- Added test 'uncrustify' to check C / C++ code style
[1.423s] -- Configured uncrustify additional arguments: 
[1.423s] -- Added test 'xmllint' to check XML markup files
[1.426s] -- Configuring done (1.4s)
[1.440s] -- Generating done (0.0s)
[1.444s] -- Build files have been written to: /home/xiaoming/桌面/MOON/Electronic/CleanBot_ws/build/cleanbot_control
[1.454s] Invoked command in '/home/xiaoming/桌面/MOON/Electronic/CleanBot_ws/build/cleanbot_control' returned '0': CMAKE_PREFIX_PATH=${CMAKE_PREFIX_PATH}:/home/xiaoming/桌面/MOON/Electronic/CleanBot_ws/install/cleanbot_navigation:/opt/ros/jazzy DEBUGINFOD_URLS=https://debuginfod.ubuntu.com /usr/bin/cmake /home/xiaoming/桌面/MOON/Electronic/CleanBot_ws/src/cleanbot_control -DCMAKE_INSTALL_PREFIX=/home/xiaoming/桌面/MOON/Electronic/CleanBot_ws/install/cleanbot_control
[1.456s] Invoking command in '/home/xiaoming/桌面/MOON/Electronic/CleanBot_ws/build/cleanbot_control': CMAKE_PREFIX_PATH=${CMAKE_PREFIX_PATH}:/home/xiaoming/桌面/MOON/Electronic/CleanBot_ws/install/cleanbot_navigation:/opt/ros/jazzy DEBUGINFOD_URLS=https://debuginfod.ubuntu.com /usr/bin/cmake --build /home/xiaoming/桌面/MOON/Electronic/CleanBot_ws/build/cleanbot_control -- -j20 -l20
[1.503s] [ 50%] Linking CXX shared library libcleanbot_control.so
[1.820s] [100%] Built target cleanbot_control
[1.828s] Invoked command in '/home/xiaoming/桌面/MOON/Electronic/CleanBot_ws/build/cleanbot_control' returned '0': CMAKE_PREFIX_PATH=${CMAKE_PREFIX_PATH}:/home/xiaoming/桌面/MOON/Electronic/CleanBot_ws/install/cleanbot_navigation:/opt/ros/jazzy DEBUGINFOD_URLS=https://debuginfod.ubuntu.com /usr/bin/cmake --build /home/xiaoming/桌面/MOON/Electronic/CleanBot_ws/build/cleanbot_control -- -j20 -l20
[1.837s] Invoking command in '/home/xiaoming/桌面/MOON/Electronic/CleanBot_ws/build/cleanbot_control': CMAKE_PREFIX_PATH=${CMAKE_PREFIX_PATH}:/home/xiaoming/桌面/MOON/Electronic/CleanBot_ws/install/cleanbot_navigation:/opt/ros/jazzy DEBUGINFOD_URLS=https://debuginfod.ubuntu.com /usr/bin/cmake --install /home/xiaoming/桌面/MOON/Electronic/CleanBot_ws/build/cleanbot_control
[1.843s] -- Install configuration: ""
[1.844s] -- Up-to-date: /home/xiaoming/桌面/MOON/Electronic/CleanBot_ws/install/cleanbot_control/include
[1.844s] -- Up-to-date: /home/xiaoming/桌面/MOON/Electronic/CleanBot_ws/install/cleanbot_control/include/cleanbot_control
[1.844s] -- Up-to-date: /home/xiaoming/桌面/MOON/Electronic/CleanBot_ws/install/cleanbot_control/share/cleanbot_control/launch
[1.844s] -- Up-to-date: /home/xiaoming/桌面/MOON/Electronic/CleanBot_ws/install/cleanbot_control/share/cleanbot_control/config
[1.844s] -- Up-to-date: /home/xiaoming/桌面/MOON/Electronic/CleanBot_ws/install/cleanbot_control/share/cleanbot_control/web
[1.844s] -- Up-to-date: /home/xiaoming/桌面/MOON/Electronic/CleanBot_ws/install/cleanbot_control/share/cleanbot_control/web/templates
[1.844s] -- Up-to-date: /home/xiaoming/桌面/MOON/Electronic/CleanBot_ws/install/cleanbot_control/share/cleanbot_control/web/static
[1.844s] -- Installing: /home/xiaoming/桌面/MOON/Electronic/CleanBot_ws/install/cleanbot_control/share/cleanbot_control/package.dsv
[1.845s] Invoked command in '/home/xiaoming/桌面/MOON/Electronic/CleanBot_ws/build/cleanbot_control' returned '0': CMAKE_PREFIX_PATH=${CMAKE_PREFIX_PATH}:/home/xiaoming/桌面/MOON/Electronic/CleanBot_ws/install/cleanbot_navigation:/opt/ros/jazzy DEBUGINFOD_URLS=https://debuginfod.ubuntu.com /usr/bin/cmake --install /home/xiaoming/桌面/MOON/Electronic/CleanBot_ws/build/cleanbot_control
