[0.065s] DEBUG:colcon:Command line arguments: ['/usr/bin/colcon', 'build', '--packages-select', 'cleanbot_control', 'cleanbot_navigation']
[0.065s] DEBUG:colcon:Parsed command line arguments: Namespace(log_base=None, log_level=None, verb_name='build', build_base='build', install_base='install', merge_install=False, symlink_install=False, test_result_base=None, continue_on_error=False, executor='parallel', parallel_workers=20, event_handlers=None, ignore_user_meta=False, metas=['./colcon.meta'], base_paths=['.'], packages_ignore=None, packages_ignore_regex=None, paths=None, packages_up_to=None, packages_up_to_regex=None, packages_above=None, packages_above_and_dependencies=None, packages_above_depth=None, packages_select_by_dep=None, packages_skip_by_dep=None, packages_skip_up_to=None, packages_select_build_failed=False, packages_skip_build_finished=False, packages_select_test_failures=False, packages_skip_test_passed=False, packages_select=['cleanbot_control', 'cleanbot_navigation'], packages_skip=None, packages_select_regex=None, packages_skip_regex=None, packages_start=None, packages_end=None, allow_overriding=[], cmake_args=None, cmake_target=None, cmake_target_skip_unavailable=False, cmake_clean_cache=False, cmake_clean_first=False, cmake_force_configure=False, ament_cmake_args=None, catkin_cmake_args=None, catkin_skip_building_tests=False, verb_parser=<colcon_defaults.argument_parser.defaults.DefaultArgumentsDecorator object at 0x776c82286120>, verb_extension=<colcon_core.verb.build.BuildVerb object at 0x776c82286030>, main=<bound method BuildVerb.main of <colcon_core.verb.build.BuildVerb object at 0x776c82286030>>)
[0.092s] Level 1:colcon.colcon_core.package_discovery:discover_packages(colcon_meta) check parameters
[0.092s] Level 1:colcon.colcon_core.package_discovery:discover_packages(recursive) check parameters
[0.092s] Level 1:colcon.colcon_core.package_discovery:discover_packages(ignore) check parameters
[0.092s] Level 1:colcon.colcon_core.package_discovery:discover_packages(path) check parameters
[0.092s] Level 1:colcon.colcon_core.package_discovery:discover_packages(colcon_meta) discover
[0.092s] Level 1:colcon.colcon_core.package_discovery:discover_packages(recursive) discover
[0.092s] INFO:colcon.colcon_core.package_discovery:Crawling recursively for packages in '/home/xiaoming/桌面/MOON/Electronic/CleanBot_ws'
[0.092s] Level 1:colcon.colcon_core.package_identification:_identify(.) by extensions ['ignore', 'ignore_ament_install']
[0.092s] Level 1:colcon.colcon_core.package_identification:_identify(.) by extension 'ignore'
[0.092s] Level 1:colcon.colcon_core.package_identification:_identify(.) by extension 'ignore_ament_install'
[0.092s] Level 1:colcon.colcon_core.package_identification:_identify(.) by extensions ['colcon_pkg']
[0.092s] Level 1:colcon.colcon_core.package_identification:_identify(.) by extension 'colcon_pkg'
[0.092s] Level 1:colcon.colcon_core.package_identification:_identify(.) by extensions ['colcon_meta']
[0.092s] Level 1:colcon.colcon_core.package_identification:_identify(.) by extension 'colcon_meta'
[0.092s] Level 1:colcon.colcon_core.package_identification:_identify(.) by extensions ['ros']
[0.092s] Level 1:colcon.colcon_core.package_identification:_identify(.) by extension 'ros'
[0.110s] Level 1:colcon.colcon_core.package_identification:_identify(.) by extensions ['cmake', 'python']
[0.110s] Level 1:colcon.colcon_core.package_identification:_identify(.) by extension 'cmake'
[0.110s] Level 1:colcon.colcon_core.package_identification:_identify(.) by extension 'python'
[0.110s] Level 1:colcon.colcon_core.package_identification:_identify(.) by extensions ['python_setup_py']
[0.110s] Level 1:colcon.colcon_core.package_identification:_identify(.) by extension 'python_setup_py'
[0.110s] Level 1:colcon.colcon_core.package_identification:_identify(build) by extensions ['ignore', 'ignore_ament_install']
[0.110s] Level 1:colcon.colcon_core.package_identification:_identify(build) by extension 'ignore'
[0.110s] Level 1:colcon.colcon_core.package_identification:_identify(build) ignored
[0.110s] Level 1:colcon.colcon_core.package_identification:_identify(docs) by extensions ['ignore', 'ignore_ament_install']
[0.110s] Level 1:colcon.colcon_core.package_identification:_identify(docs) by extension 'ignore'
[0.110s] Level 1:colcon.colcon_core.package_identification:_identify(docs) by extension 'ignore_ament_install'
[0.111s] Level 1:colcon.colcon_core.package_identification:_identify(docs) by extensions ['colcon_pkg']
[0.111s] Level 1:colcon.colcon_core.package_identification:_identify(docs) by extension 'colcon_pkg'
[0.111s] Level 1:colcon.colcon_core.package_identification:_identify(docs) by extensions ['colcon_meta']
[0.111s] Level 1:colcon.colcon_core.package_identification:_identify(docs) by extension 'colcon_meta'
[0.111s] Level 1:colcon.colcon_core.package_identification:_identify(docs) by extensions ['ros']
[0.111s] Level 1:colcon.colcon_core.package_identification:_identify(docs) by extension 'ros'
[0.111s] Level 1:colcon.colcon_core.package_identification:_identify(docs) by extensions ['cmake', 'python']
[0.111s] Level 1:colcon.colcon_core.package_identification:_identify(docs) by extension 'cmake'
[0.111s] Level 1:colcon.colcon_core.package_identification:_identify(docs) by extension 'python'
[0.111s] Level 1:colcon.colcon_core.package_identification:_identify(docs) by extensions ['python_setup_py']
[0.111s] Level 1:colcon.colcon_core.package_identification:_identify(docs) by extension 'python_setup_py'
[0.111s] Level 1:colcon.colcon_core.package_identification:_identify(install) by extensions ['ignore', 'ignore_ament_install']
[0.111s] Level 1:colcon.colcon_core.package_identification:_identify(install) by extension 'ignore'
[0.111s] Level 1:colcon.colcon_core.package_identification:_identify(install) ignored
[0.111s] Level 1:colcon.colcon_core.package_identification:_identify(log) by extensions ['ignore', 'ignore_ament_install']
[0.111s] Level 1:colcon.colcon_core.package_identification:_identify(log) by extension 'ignore'
[0.111s] Level 1:colcon.colcon_core.package_identification:_identify(log) ignored
[0.111s] Level 1:colcon.colcon_core.package_identification:_identify(src) by extensions ['ignore', 'ignore_ament_install']
[0.111s] Level 1:colcon.colcon_core.package_identification:_identify(src) by extension 'ignore'
[0.111s] Level 1:colcon.colcon_core.package_identification:_identify(src) by extension 'ignore_ament_install'
[0.111s] Level 1:colcon.colcon_core.package_identification:_identify(src) by extensions ['colcon_pkg']
[0.111s] Level 1:colcon.colcon_core.package_identification:_identify(src) by extension 'colcon_pkg'
[0.111s] Level 1:colcon.colcon_core.package_identification:_identify(src) by extensions ['colcon_meta']
[0.111s] Level 1:colcon.colcon_core.package_identification:_identify(src) by extension 'colcon_meta'
[0.111s] Level 1:colcon.colcon_core.package_identification:_identify(src) by extensions ['ros']
[0.111s] Level 1:colcon.colcon_core.package_identification:_identify(src) by extension 'ros'
[0.111s] Level 1:colcon.colcon_core.package_identification:_identify(src) by extensions ['cmake', 'python']
[0.111s] Level 1:colcon.colcon_core.package_identification:_identify(src) by extension 'cmake'
[0.111s] Level 1:colcon.colcon_core.package_identification:_identify(src) by extension 'python'
[0.111s] Level 1:colcon.colcon_core.package_identification:_identify(src) by extensions ['python_setup_py']
[0.111s] Level 1:colcon.colcon_core.package_identification:_identify(src) by extension 'python_setup_py'
[0.111s] Level 1:colcon.colcon_core.package_identification:_identify(src/cleanbot_control) by extensions ['ignore', 'ignore_ament_install']
[0.111s] Level 1:colcon.colcon_core.package_identification:_identify(src/cleanbot_control) by extension 'ignore'
[0.111s] Level 1:colcon.colcon_core.package_identification:_identify(src/cleanbot_control) by extension 'ignore_ament_install'
[0.112s] Level 1:colcon.colcon_core.package_identification:_identify(src/cleanbot_control) by extensions ['colcon_pkg']
[0.112s] Level 1:colcon.colcon_core.package_identification:_identify(src/cleanbot_control) by extension 'colcon_pkg'
[0.112s] Level 1:colcon.colcon_core.package_identification:_identify(src/cleanbot_control) by extensions ['colcon_meta']
[0.112s] Level 1:colcon.colcon_core.package_identification:_identify(src/cleanbot_control) by extension 'colcon_meta'
[0.112s] Level 1:colcon.colcon_core.package_identification:_identify(src/cleanbot_control) by extensions ['ros']
[0.112s] Level 1:colcon.colcon_core.package_identification:_identify(src/cleanbot_control) by extension 'ros'
[0.115s] DEBUG:colcon.colcon_core.package_identification:Package 'src/cleanbot_control' with type 'ros.ament_cmake' and name 'cleanbot_control'
[0.115s] Level 1:colcon.colcon_core.package_identification:_identify(src/cleanbot_description) by extensions ['ignore', 'ignore_ament_install']
[0.115s] Level 1:colcon.colcon_core.package_identification:_identify(src/cleanbot_description) by extension 'ignore'
[0.115s] Level 1:colcon.colcon_core.package_identification:_identify(src/cleanbot_description) by extension 'ignore_ament_install'
[0.115s] Level 1:colcon.colcon_core.package_identification:_identify(src/cleanbot_description) by extensions ['colcon_pkg']
[0.115s] Level 1:colcon.colcon_core.package_identification:_identify(src/cleanbot_description) by extension 'colcon_pkg'
[0.115s] Level 1:colcon.colcon_core.package_identification:_identify(src/cleanbot_description) by extensions ['colcon_meta']
[0.115s] Level 1:colcon.colcon_core.package_identification:_identify(src/cleanbot_description) by extension 'colcon_meta'
[0.115s] Level 1:colcon.colcon_core.package_identification:_identify(src/cleanbot_description) by extensions ['ros']
[0.115s] Level 1:colcon.colcon_core.package_identification:_identify(src/cleanbot_description) by extension 'ros'
[0.115s] DEBUG:colcon.colcon_core.package_identification:Package 'src/cleanbot_description' with type 'ros.ament_cmake' and name 'cleanbot_description'
[0.115s] Level 1:colcon.colcon_core.package_identification:_identify(src/cleanbot_navigation) by extensions ['ignore', 'ignore_ament_install']
[0.115s] Level 1:colcon.colcon_core.package_identification:_identify(src/cleanbot_navigation) by extension 'ignore'
[0.115s] Level 1:colcon.colcon_core.package_identification:_identify(src/cleanbot_navigation) by extension 'ignore_ament_install'
[0.115s] Level 1:colcon.colcon_core.package_identification:_identify(src/cleanbot_navigation) by extensions ['colcon_pkg']
[0.115s] Level 1:colcon.colcon_core.package_identification:_identify(src/cleanbot_navigation) by extension 'colcon_pkg'
[0.116s] Level 1:colcon.colcon_core.package_identification:_identify(src/cleanbot_navigation) by extensions ['colcon_meta']
[0.116s] Level 1:colcon.colcon_core.package_identification:_identify(src/cleanbot_navigation) by extension 'colcon_meta'
[0.116s] Level 1:colcon.colcon_core.package_identification:_identify(src/cleanbot_navigation) by extensions ['ros']
[0.116s] Level 1:colcon.colcon_core.package_identification:_identify(src/cleanbot_navigation) by extension 'ros'
[0.116s] DEBUG:colcon.colcon_core.package_identification:Package 'src/cleanbot_navigation' with type 'ros.ament_python' and name 'cleanbot_navigation'
[0.116s] Level 1:colcon.colcon_core.package_identification:_identify(src/rplidar_ros) by extensions ['ignore', 'ignore_ament_install']
[0.116s] Level 1:colcon.colcon_core.package_identification:_identify(src/rplidar_ros) by extension 'ignore'
[0.116s] Level 1:colcon.colcon_core.package_identification:_identify(src/rplidar_ros) by extension 'ignore_ament_install'
[0.116s] Level 1:colcon.colcon_core.package_identification:_identify(src/rplidar_ros) by extensions ['colcon_pkg']
[0.116s] Level 1:colcon.colcon_core.package_identification:_identify(src/rplidar_ros) by extension 'colcon_pkg'
[0.116s] Level 1:colcon.colcon_core.package_identification:_identify(src/rplidar_ros) by extensions ['colcon_meta']
[0.116s] Level 1:colcon.colcon_core.package_identification:_identify(src/rplidar_ros) by extension 'colcon_meta'
[0.116s] Level 1:colcon.colcon_core.package_identification:_identify(src/rplidar_ros) by extensions ['ros']
[0.116s] Level 1:colcon.colcon_core.package_identification:_identify(src/rplidar_ros) by extension 'ros'
[0.117s] DEBUG:colcon.colcon_core.package_identification:Package 'src/rplidar_ros' with type 'ros.ament_cmake' and name 'rplidar_ros'
[0.117s] Level 1:colcon.colcon_core.package_discovery:discover_packages(recursive) using defaults
[0.117s] Level 1:colcon.colcon_core.package_discovery:discover_packages(ignore) discover
[0.117s] Level 1:colcon.colcon_core.package_discovery:discover_packages(ignore) using defaults
[0.117s] Level 1:colcon.colcon_core.package_discovery:discover_packages(path) discover
[0.117s] Level 1:colcon.colcon_core.package_discovery:discover_packages(path) using defaults
[0.129s] INFO:colcon.colcon_core.package_selection:Skipping not selected package 'cleanbot_description' in 'src/cleanbot_description'
[0.129s] INFO:colcon.colcon_core.package_selection:Skipping not selected package 'rplidar_ros' in 'src/rplidar_ros'
[0.129s] Level 1:colcon.colcon_core.package_discovery:discover_packages(prefix_path) check parameters
[0.129s] Level 1:colcon.colcon_core.package_discovery:discover_packages(prefix_path) discover
[0.130s] DEBUG:colcon.colcon_installed_package_information.package_discovery:Found 4 installed packages in /home/xiaoming/桌面/MOON/Electronic/CleanBot_ws/install
[0.131s] DEBUG:colcon.colcon_installed_package_information.package_discovery:Found 422 installed packages in /opt/ros/jazzy
[0.132s] Level 1:colcon.colcon_core.package_discovery:discover_packages(prefix_path) using defaults
[0.161s] Level 5:colcon.colcon_core.verb:set package 'cleanbot_control' build argument 'cmake_args' from command line to 'None'
[0.161s] Level 5:colcon.colcon_core.verb:set package 'cleanbot_control' build argument 'cmake_target' from command line to 'None'
[0.161s] Level 5:colcon.colcon_core.verb:set package 'cleanbot_control' build argument 'cmake_target_skip_unavailable' from command line to 'False'
[0.161s] Level 5:colcon.colcon_core.verb:set package 'cleanbot_control' build argument 'cmake_clean_cache' from command line to 'False'
[0.161s] Level 5:colcon.colcon_core.verb:set package 'cleanbot_control' build argument 'cmake_clean_first' from command line to 'False'
[0.161s] Level 5:colcon.colcon_core.verb:set package 'cleanbot_control' build argument 'cmake_force_configure' from command line to 'False'
[0.161s] Level 5:colcon.colcon_core.verb:set package 'cleanbot_control' build argument 'ament_cmake_args' from command line to 'None'
[0.161s] Level 5:colcon.colcon_core.verb:set package 'cleanbot_control' build argument 'catkin_cmake_args' from command line to 'None'
[0.161s] Level 5:colcon.colcon_core.verb:set package 'cleanbot_control' build argument 'catkin_skip_building_tests' from command line to 'False'
[0.161s] DEBUG:colcon.colcon_core.verb:Building package 'cleanbot_control' with the following arguments: {'ament_cmake_args': None, 'build_base': '/home/xiaoming/桌面/MOON/Electronic/CleanBot_ws/build/cleanbot_control', 'catkin_cmake_args': None, 'catkin_skip_building_tests': False, 'cmake_args': None, 'cmake_clean_cache': False, 'cmake_clean_first': False, 'cmake_force_configure': False, 'cmake_target': None, 'cmake_target_skip_unavailable': False, 'install_base': '/home/xiaoming/桌面/MOON/Electronic/CleanBot_ws/install/cleanbot_control', 'merge_install': False, 'path': '/home/xiaoming/桌面/MOON/Electronic/CleanBot_ws/src/cleanbot_control', 'symlink_install': False, 'test_result_base': None}
[0.161s] Level 5:colcon.colcon_core.verb:set package 'cleanbot_navigation' build argument 'cmake_args' from command line to 'None'
[0.161s] Level 5:colcon.colcon_core.verb:set package 'cleanbot_navigation' build argument 'cmake_target' from command line to 'None'
[0.161s] Level 5:colcon.colcon_core.verb:set package 'cleanbot_navigation' build argument 'cmake_target_skip_unavailable' from command line to 'False'
[0.161s] Level 5:colcon.colcon_core.verb:set package 'cleanbot_navigation' build argument 'cmake_clean_cache' from command line to 'False'
[0.161s] Level 5:colcon.colcon_core.verb:set package 'cleanbot_navigation' build argument 'cmake_clean_first' from command line to 'False'
[0.161s] Level 5:colcon.colcon_core.verb:set package 'cleanbot_navigation' build argument 'cmake_force_configure' from command line to 'False'
[0.161s] Level 5:colcon.colcon_core.verb:set package 'cleanbot_navigation' build argument 'ament_cmake_args' from command line to 'None'
[0.161s] Level 5:colcon.colcon_core.verb:set package 'cleanbot_navigation' build argument 'catkin_cmake_args' from command line to 'None'
[0.161s] Level 5:colcon.colcon_core.verb:set package 'cleanbot_navigation' build argument 'catkin_skip_building_tests' from command line to 'False'
[0.161s] DEBUG:colcon.colcon_core.verb:Building package 'cleanbot_navigation' with the following arguments: {'ament_cmake_args': None, 'build_base': '/home/xiaoming/桌面/MOON/Electronic/CleanBot_ws/build/cleanbot_navigation', 'catkin_cmake_args': None, 'catkin_skip_building_tests': False, 'cmake_args': None, 'cmake_clean_cache': False, 'cmake_clean_first': False, 'cmake_force_configure': False, 'cmake_target': None, 'cmake_target_skip_unavailable': False, 'install_base': '/home/xiaoming/桌面/MOON/Electronic/CleanBot_ws/install/cleanbot_navigation', 'merge_install': False, 'path': '/home/xiaoming/桌面/MOON/Electronic/CleanBot_ws/src/cleanbot_navigation', 'symlink_install': False, 'test_result_base': None}
[0.161s] INFO:colcon.colcon_core.executor:Executing jobs using 'parallel' executor
[0.162s] DEBUG:colcon.colcon_parallel_executor.executor.parallel:run_until_complete
[0.162s] INFO:colcon.colcon_ros.task.ament_cmake.build:Building ROS package in '/home/xiaoming/桌面/MOON/Electronic/CleanBot_ws/src/cleanbot_control' with build type 'ament_cmake'
[0.162s] INFO:colcon.colcon_cmake.task.cmake.build:Building CMake package in '/home/xiaoming/桌面/MOON/Electronic/CleanBot_ws/src/cleanbot_control'
[0.163s] INFO:colcon.colcon_core.plugin_system:Skipping extension 'colcon_core.shell.bat': Not used on non-Windows systems
[0.163s] INFO:colcon.colcon_core.shell:Skip shell extension 'powershell' for command environment: Not usable outside of PowerShell
[0.163s] DEBUG:colcon.colcon_core.shell:Skip shell extension 'dsv' for command environment
[0.166s] INFO:colcon.colcon_ros.task.ament_python.build:Building ROS package in '/home/xiaoming/桌面/MOON/Electronic/CleanBot_ws/src/cleanbot_navigation' with build type 'ament_python'
[0.166s] Level 1:colcon.colcon_core.shell:create_environment_hook('cleanbot_navigation', 'ament_prefix_path')
[0.166s] INFO:colcon.colcon_core.shell:Creating environment hook '/home/xiaoming/桌面/MOON/Electronic/CleanBot_ws/install/cleanbot_navigation/share/cleanbot_navigation/hook/ament_prefix_path.ps1'
[0.166s] INFO:colcon.colcon_core.shell:Creating environment descriptor '/home/xiaoming/桌面/MOON/Electronic/CleanBot_ws/install/cleanbot_navigation/share/cleanbot_navigation/hook/ament_prefix_path.dsv'
[0.167s] INFO:colcon.colcon_core.shell:Creating environment hook '/home/xiaoming/桌面/MOON/Electronic/CleanBot_ws/install/cleanbot_navigation/share/cleanbot_navigation/hook/ament_prefix_path.sh'
[0.167s] INFO:colcon.colcon_core.shell:Skip shell extension 'powershell' for command environment: Not usable outside of PowerShell
[0.167s] DEBUG:colcon.colcon_core.shell:Skip shell extension 'dsv' for command environment
[0.171s] DEBUG:colcon.colcon_core.event_handler.log_command:Invoking command in '/home/xiaoming/桌面/MOON/Electronic/CleanBot_ws/build/cleanbot_control': CMAKE_PREFIX_PATH=${CMAKE_PREFIX_PATH}:/home/xiaoming/桌面/MOON/Electronic/CleanBot_ws/install/cleanbot_navigation:/opt/ros/jazzy DEBUGINFOD_URLS=https://debuginfod.ubuntu.com /usr/bin/cmake --build /home/xiaoming/桌面/MOON/Electronic/CleanBot_ws/build/cleanbot_control -- -j20 -l20
[0.307s] INFO:colcon.colcon_core.task.python.build:Building Python package in '/home/xiaoming/桌面/MOON/Electronic/CleanBot_ws/src/cleanbot_navigation'
[0.307s] INFO:colcon.colcon_core.shell:Skip shell extension 'powershell' for command environment: Not usable outside of PowerShell
[0.307s] DEBUG:colcon.colcon_core.shell:Skip shell extension 'dsv' for command environment
[0.311s] DEBUG:colcon.colcon_core.event_handler.log_command:Invoked command in '/home/xiaoming/桌面/MOON/Electronic/CleanBot_ws/build/cleanbot_control' returned '0': CMAKE_PREFIX_PATH=${CMAKE_PREFIX_PATH}:/home/xiaoming/桌面/MOON/Electronic/CleanBot_ws/install/cleanbot_navigation:/opt/ros/jazzy DEBUGINFOD_URLS=https://debuginfod.ubuntu.com /usr/bin/cmake --build /home/xiaoming/桌面/MOON/Electronic/CleanBot_ws/build/cleanbot_control -- -j20 -l20
[0.320s] DEBUG:colcon.colcon_core.event_handler.log_command:Invoking command in '/home/xiaoming/桌面/MOON/Electronic/CleanBot_ws/build/cleanbot_control': CMAKE_PREFIX_PATH=${CMAKE_PREFIX_PATH}:/home/xiaoming/桌面/MOON/Electronic/CleanBot_ws/install/cleanbot_navigation:/opt/ros/jazzy DEBUGINFOD_URLS=https://debuginfod.ubuntu.com /usr/bin/cmake --install /home/xiaoming/桌面/MOON/Electronic/CleanBot_ws/build/cleanbot_control
[0.329s] Level 1:colcon.colcon_core.environment:create_environment_scripts_only(cleanbot_control)
[0.330s] DEBUG:colcon.colcon_core.event_handler.log_command:Invoked command in '/home/xiaoming/桌面/MOON/Electronic/CleanBot_ws/build/cleanbot_control' returned '0': CMAKE_PREFIX_PATH=${CMAKE_PREFIX_PATH}:/home/xiaoming/桌面/MOON/Electronic/CleanBot_ws/install/cleanbot_navigation:/opt/ros/jazzy DEBUGINFOD_URLS=https://debuginfod.ubuntu.com /usr/bin/cmake --install /home/xiaoming/桌面/MOON/Electronic/CleanBot_ws/build/cleanbot_control
[0.331s] Level 1:colcon.colcon_core.environment:checking '/home/xiaoming/桌面/MOON/Electronic/CleanBot_ws/install/cleanbot_control' for CMake module files
[0.332s] Level 1:colcon.colcon_core.environment:checking '/home/xiaoming/桌面/MOON/Electronic/CleanBot_ws/install/cleanbot_control' for CMake config files
[0.332s] Level 1:colcon.colcon_core.shell:create_environment_hook('cleanbot_control', 'cmake_prefix_path')
[0.332s] INFO:colcon.colcon_core.shell:Creating environment hook '/home/xiaoming/桌面/MOON/Electronic/CleanBot_ws/install/cleanbot_control/share/cleanbot_control/hook/cmake_prefix_path.ps1'
[0.332s] INFO:colcon.colcon_core.shell:Creating environment descriptor '/home/xiaoming/桌面/MOON/Electronic/CleanBot_ws/install/cleanbot_control/share/cleanbot_control/hook/cmake_prefix_path.dsv'
[0.333s] INFO:colcon.colcon_core.shell:Creating environment hook '/home/xiaoming/桌面/MOON/Electronic/CleanBot_ws/install/cleanbot_control/share/cleanbot_control/hook/cmake_prefix_path.sh'
[0.333s] Level 1:colcon.colcon_core.environment:checking '/home/xiaoming/桌面/MOON/Electronic/CleanBot_ws/install/cleanbot_control/lib'
[0.333s] Level 1:colcon.colcon_core.shell:create_environment_hook('cleanbot_control', 'ld_library_path_lib')
[0.333s] INFO:colcon.colcon_core.shell:Creating environment hook '/home/xiaoming/桌面/MOON/Electronic/CleanBot_ws/install/cleanbot_control/share/cleanbot_control/hook/ld_library_path_lib.ps1'
[0.333s] INFO:colcon.colcon_core.shell:Creating environment descriptor '/home/xiaoming/桌面/MOON/Electronic/CleanBot_ws/install/cleanbot_control/share/cleanbot_control/hook/ld_library_path_lib.dsv'
[0.334s] INFO:colcon.colcon_core.shell:Creating environment hook '/home/xiaoming/桌面/MOON/Electronic/CleanBot_ws/install/cleanbot_control/share/cleanbot_control/hook/ld_library_path_lib.sh'
[0.334s] Level 1:colcon.colcon_core.environment:checking '/home/xiaoming/桌面/MOON/Electronic/CleanBot_ws/install/cleanbot_control/bin'
[0.334s] Level 1:colcon.colcon_core.environment:checking '/home/xiaoming/桌面/MOON/Electronic/CleanBot_ws/install/cleanbot_control/lib/pkgconfig/cleanbot_control.pc'
[0.334s] Level 1:colcon.colcon_core.environment:checking '/home/xiaoming/桌面/MOON/Electronic/CleanBot_ws/install/cleanbot_control/lib/python3.12/site-packages'
[0.334s] Level 1:colcon.colcon_core.environment:checking '/home/xiaoming/桌面/MOON/Electronic/CleanBot_ws/install/cleanbot_control/bin'
[0.334s] INFO:colcon.colcon_core.shell:Creating package script '/home/xiaoming/桌面/MOON/Electronic/CleanBot_ws/install/cleanbot_control/share/cleanbot_control/package.ps1'
[0.335s] INFO:colcon.colcon_core.shell:Creating package descriptor '/home/xiaoming/桌面/MOON/Electronic/CleanBot_ws/install/cleanbot_control/share/cleanbot_control/package.dsv'
[0.335s] INFO:colcon.colcon_core.shell:Creating package script '/home/xiaoming/桌面/MOON/Electronic/CleanBot_ws/install/cleanbot_control/share/cleanbot_control/package.sh'
[0.335s] INFO:colcon.colcon_core.shell:Creating package script '/home/xiaoming/桌面/MOON/Electronic/CleanBot_ws/install/cleanbot_control/share/cleanbot_control/package.bash'
[0.336s] INFO:colcon.colcon_core.shell:Creating package script '/home/xiaoming/桌面/MOON/Electronic/CleanBot_ws/install/cleanbot_control/share/cleanbot_control/package.zsh'
[0.336s] Level 1:colcon.colcon_core.environment:create_file_with_runtime_dependencies(/home/xiaoming/桌面/MOON/Electronic/CleanBot_ws/install/cleanbot_control/share/colcon-core/packages/cleanbot_control)
[0.336s] Level 1:colcon.colcon_core.environment:create_environment_scripts_only(cleanbot_control)
[0.336s] Level 1:colcon.colcon_core.environment:checking '/home/xiaoming/桌面/MOON/Electronic/CleanBot_ws/install/cleanbot_control' for CMake module files
[0.337s] Level 1:colcon.colcon_core.environment:checking '/home/xiaoming/桌面/MOON/Electronic/CleanBot_ws/install/cleanbot_control' for CMake config files
[0.337s] Level 1:colcon.colcon_core.shell:create_environment_hook('cleanbot_control', 'cmake_prefix_path')
[0.337s] INFO:colcon.colcon_core.shell:Creating environment hook '/home/xiaoming/桌面/MOON/Electronic/CleanBot_ws/install/cleanbot_control/share/cleanbot_control/hook/cmake_prefix_path.ps1'
[0.337s] INFO:colcon.colcon_core.shell:Creating environment descriptor '/home/xiaoming/桌面/MOON/Electronic/CleanBot_ws/install/cleanbot_control/share/cleanbot_control/hook/cmake_prefix_path.dsv'
[0.337s] INFO:colcon.colcon_core.shell:Creating environment hook '/home/xiaoming/桌面/MOON/Electronic/CleanBot_ws/install/cleanbot_control/share/cleanbot_control/hook/cmake_prefix_path.sh'
[0.338s] Level 1:colcon.colcon_core.environment:checking '/home/xiaoming/桌面/MOON/Electronic/CleanBot_ws/install/cleanbot_control/lib'
[0.338s] Level 1:colcon.colcon_core.shell:create_environment_hook('cleanbot_control', 'ld_library_path_lib')
[0.338s] INFO:colcon.colcon_core.shell:Creating environment hook '/home/xiaoming/桌面/MOON/Electronic/CleanBot_ws/install/cleanbot_control/share/cleanbot_control/hook/ld_library_path_lib.ps1'
[0.338s] INFO:colcon.colcon_core.shell:Creating environment descriptor '/home/xiaoming/桌面/MOON/Electronic/CleanBot_ws/install/cleanbot_control/share/cleanbot_control/hook/ld_library_path_lib.dsv'
[0.338s] INFO:colcon.colcon_core.shell:Creating environment hook '/home/xiaoming/桌面/MOON/Electronic/CleanBot_ws/install/cleanbot_control/share/cleanbot_control/hook/ld_library_path_lib.sh'
[0.338s] Level 1:colcon.colcon_core.environment:checking '/home/xiaoming/桌面/MOON/Electronic/CleanBot_ws/install/cleanbot_control/bin'
[0.338s] Level 1:colcon.colcon_core.environment:checking '/home/xiaoming/桌面/MOON/Electronic/CleanBot_ws/install/cleanbot_control/lib/pkgconfig/cleanbot_control.pc'
[0.338s] Level 1:colcon.colcon_core.environment:checking '/home/xiaoming/桌面/MOON/Electronic/CleanBot_ws/install/cleanbot_control/lib/python3.12/site-packages'
[0.339s] Level 1:colcon.colcon_core.environment:checking '/home/xiaoming/桌面/MOON/Electronic/CleanBot_ws/install/cleanbot_control/bin'
[0.339s] INFO:colcon.colcon_core.shell:Creating package script '/home/xiaoming/桌面/MOON/Electronic/CleanBot_ws/install/cleanbot_control/share/cleanbot_control/package.ps1'
[0.339s] INFO:colcon.colcon_core.shell:Creating package descriptor '/home/xiaoming/桌面/MOON/Electronic/CleanBot_ws/install/cleanbot_control/share/cleanbot_control/package.dsv'
[0.340s] INFO:colcon.colcon_core.shell:Creating package script '/home/xiaoming/桌面/MOON/Electronic/CleanBot_ws/install/cleanbot_control/share/cleanbot_control/package.sh'
[0.340s] INFO:colcon.colcon_core.shell:Creating package script '/home/xiaoming/桌面/MOON/Electronic/CleanBot_ws/install/cleanbot_control/share/cleanbot_control/package.bash'
[0.340s] INFO:colcon.colcon_core.shell:Creating package script '/home/xiaoming/桌面/MOON/Electronic/CleanBot_ws/install/cleanbot_control/share/cleanbot_control/package.zsh'
[0.340s] Level 1:colcon.colcon_core.environment:create_file_with_runtime_dependencies(/home/xiaoming/桌面/MOON/Electronic/CleanBot_ws/install/cleanbot_control/share/colcon-core/packages/cleanbot_control)
[0.641s] DEBUG:colcon.colcon_core.event_handler.log_command:Invoking command in '/home/xiaoming/桌面/MOON/Electronic/CleanBot_ws/src/cleanbot_navigation': DEBUGINFOD_URLS=https://debuginfod.ubuntu.com PYTHONPATH=/home/xiaoming/桌面/MOON/Electronic/CleanBot_ws/build/cleanbot_navigation/prefix_override:/usr/lib/python3/dist-packages/colcon_core/task/python/colcon_distutils_commands:/home/xiaoming/桌面/MOON/Electronic/CleanBot_ws/install/cleanbot_navigation/lib/python3.12/site-packages:${PYTHONPATH} /usr/bin/python3 -W ignore:setup.py install is deprecated -W ignore:easy_install command is deprecated setup.py egg_info --egg-base ../../build/cleanbot_navigation build --build-base /home/xiaoming/桌面/MOON/Electronic/CleanBot_ws/build/cleanbot_navigation/build install --record /home/xiaoming/桌面/MOON/Electronic/CleanBot_ws/build/cleanbot_navigation/install.log --single-version-externally-managed install_data
[0.941s] Level 1:colcon.colcon_core.environment:checking '/home/xiaoming/桌面/MOON/Electronic/CleanBot_ws/install/cleanbot_navigation' for CMake module files
[0.941s] DEBUG:colcon.colcon_core.event_handler.log_command:Invoked command in '/home/xiaoming/桌面/MOON/Electronic/CleanBot_ws/src/cleanbot_navigation' returned '0': DEBUGINFOD_URLS=https://debuginfod.ubuntu.com PYTHONPATH=/home/xiaoming/桌面/MOON/Electronic/CleanBot_ws/build/cleanbot_navigation/prefix_override:/usr/lib/python3/dist-packages/colcon_core/task/python/colcon_distutils_commands:/home/xiaoming/桌面/MOON/Electronic/CleanBot_ws/install/cleanbot_navigation/lib/python3.12/site-packages:${PYTHONPATH} /usr/bin/python3 -W ignore:setup.py install is deprecated -W ignore:easy_install command is deprecated setup.py egg_info --egg-base ../../build/cleanbot_navigation build --build-base /home/xiaoming/桌面/MOON/Electronic/CleanBot_ws/build/cleanbot_navigation/build install --record /home/xiaoming/桌面/MOON/Electronic/CleanBot_ws/build/cleanbot_navigation/install.log --single-version-externally-managed install_data
[0.942s] Level 1:colcon.colcon_core.environment:checking '/home/xiaoming/桌面/MOON/Electronic/CleanBot_ws/install/cleanbot_navigation' for CMake config files
[0.942s] Level 1:colcon.colcon_core.environment:checking '/home/xiaoming/桌面/MOON/Electronic/CleanBot_ws/install/cleanbot_navigation/lib'
[0.942s] Level 1:colcon.colcon_core.environment:checking '/home/xiaoming/桌面/MOON/Electronic/CleanBot_ws/install/cleanbot_navigation/bin'
[0.942s] Level 1:colcon.colcon_core.environment:checking '/home/xiaoming/桌面/MOON/Electronic/CleanBot_ws/install/cleanbot_navigation/lib/pkgconfig/cleanbot_navigation.pc'
[0.942s] Level 1:colcon.colcon_core.environment:checking '/home/xiaoming/桌面/MOON/Electronic/CleanBot_ws/install/cleanbot_navigation/lib/python3.12/site-packages'
[0.942s] Level 1:colcon.colcon_core.shell:create_environment_hook('cleanbot_navigation', 'pythonpath')
[0.942s] INFO:colcon.colcon_core.shell:Creating environment hook '/home/xiaoming/桌面/MOON/Electronic/CleanBot_ws/install/cleanbot_navigation/share/cleanbot_navigation/hook/pythonpath.ps1'
[0.943s] INFO:colcon.colcon_core.shell:Creating environment descriptor '/home/xiaoming/桌面/MOON/Electronic/CleanBot_ws/install/cleanbot_navigation/share/cleanbot_navigation/hook/pythonpath.dsv'
[0.943s] INFO:colcon.colcon_core.shell:Creating environment hook '/home/xiaoming/桌面/MOON/Electronic/CleanBot_ws/install/cleanbot_navigation/share/cleanbot_navigation/hook/pythonpath.sh'
[0.943s] Level 1:colcon.colcon_core.environment:checking '/home/xiaoming/桌面/MOON/Electronic/CleanBot_ws/install/cleanbot_navigation/bin'
[0.943s] Level 1:colcon.colcon_core.environment:create_environment_scripts_only(cleanbot_navigation)
[0.943s] INFO:colcon.colcon_core.shell:Creating package script '/home/xiaoming/桌面/MOON/Electronic/CleanBot_ws/install/cleanbot_navigation/share/cleanbot_navigation/package.ps1'
[0.944s] INFO:colcon.colcon_core.shell:Creating package descriptor '/home/xiaoming/桌面/MOON/Electronic/CleanBot_ws/install/cleanbot_navigation/share/cleanbot_navigation/package.dsv'
[0.944s] INFO:colcon.colcon_core.shell:Creating package script '/home/xiaoming/桌面/MOON/Electronic/CleanBot_ws/install/cleanbot_navigation/share/cleanbot_navigation/package.sh'
[0.944s] INFO:colcon.colcon_core.shell:Creating package script '/home/xiaoming/桌面/MOON/Electronic/CleanBot_ws/install/cleanbot_navigation/share/cleanbot_navigation/package.bash'
[0.944s] INFO:colcon.colcon_core.shell:Creating package script '/home/xiaoming/桌面/MOON/Electronic/CleanBot_ws/install/cleanbot_navigation/share/cleanbot_navigation/package.zsh'
[0.944s] Level 1:colcon.colcon_core.environment:create_file_with_runtime_dependencies(/home/xiaoming/桌面/MOON/Electronic/CleanBot_ws/install/cleanbot_navigation/share/colcon-core/packages/cleanbot_navigation)
[0.945s] DEBUG:colcon.colcon_parallel_executor.executor.parallel:closing loop
[0.945s] DEBUG:colcon.colcon_parallel_executor.executor.parallel:loop closed
[0.945s] DEBUG:colcon.colcon_parallel_executor.executor.parallel:run_until_complete finished with '0'
[0.945s] DEBUG:colcon.colcon_core.event_reactor:joining thread
[0.948s] INFO:colcon.colcon_core.plugin_system:Skipping extension 'colcon_notification.desktop_notification.terminal_notifier': Not used on non-Darwin systems
[0.948s] INFO:colcon.colcon_core.plugin_system:Skipping extension 'colcon_notification.desktop_notification.win32': Not used on non-Windows systems
[0.948s] INFO:colcon.colcon_notification.desktop_notification:Sending desktop notification using 'notify2'
[0.957s] DEBUG:colcon.colcon_core.event_reactor:joined thread
[0.957s] INFO:colcon.colcon_core.shell:Creating prefix script '/home/xiaoming/桌面/MOON/Electronic/CleanBot_ws/install/local_setup.ps1'
[0.958s] INFO:colcon.colcon_core.shell:Creating prefix util module '/home/xiaoming/桌面/MOON/Electronic/CleanBot_ws/install/_local_setup_util_ps1.py'
[0.959s] INFO:colcon.colcon_core.shell:Creating prefix chain script '/home/xiaoming/桌面/MOON/Electronic/CleanBot_ws/install/setup.ps1'
[0.959s] INFO:colcon.colcon_core.shell:Creating prefix script '/home/xiaoming/桌面/MOON/Electronic/CleanBot_ws/install/local_setup.sh'
[0.960s] INFO:colcon.colcon_core.shell:Creating prefix util module '/home/xiaoming/桌面/MOON/Electronic/CleanBot_ws/install/_local_setup_util_sh.py'
[0.960s] INFO:colcon.colcon_core.shell:Creating prefix chain script '/home/xiaoming/桌面/MOON/Electronic/CleanBot_ws/install/setup.sh'
[0.960s] INFO:colcon.colcon_core.shell:Creating prefix script '/home/xiaoming/桌面/MOON/Electronic/CleanBot_ws/install/local_setup.bash'
[0.961s] INFO:colcon.colcon_core.shell:Creating prefix chain script '/home/xiaoming/桌面/MOON/Electronic/CleanBot_ws/install/setup.bash'
[0.961s] INFO:colcon.colcon_core.shell:Creating prefix script '/home/xiaoming/桌面/MOON/Electronic/CleanBot_ws/install/local_setup.zsh'
[0.961s] INFO:colcon.colcon_core.shell:Creating prefix chain script '/home/xiaoming/桌面/MOON/Electronic/CleanBot_ws/install/setup.zsh'
