[0.008s] Invoking command in '/home/xiaoming/桌面/MOON/Electronic/CleanBot_ws/build/cleanbot_description': CMAKE_PREFIX_PATH=${CMAKE_PREFIX_PATH}:/opt/ros/jazzy DEBUGINFOD_URLS=https://debuginfod.ubuntu.com /usr/bin/cmake --build /home/xiaoming/桌面/MOON/Electronic/CleanBot_ws/build/cleanbot_description -- -j20 -l20
[0.037s] -- Found ament_cmake: 2.5.4 (/opt/ros/jazzy/share/ament_cmake/cmake)
[0.183s] -- Override CMake install command with custom implementation using symlinks instead of copying resources
[0.194s] -- Found ament_lint_auto: 0.17.3 (/opt/ros/jazzy/share/ament_lint_auto/cmake)
[0.266s] -- Added test 'flake8' to check Python code syntax and style conventions
[0.266s] -- Configured 'flake8' exclude dirs and/or files: 
[0.266s] -- Added test 'lint_cmake' to check CMake code style
[0.267s] -- Added test 'pep257' to check Python code against some of the docstring style conventions in PEP 257
[0.268s] -- Added test 'xmllint' to check XML markup files
[0.269s] -- Configuring done (0.2s)
[0.272s] -- Generating done (0.0s)
[0.273s] -- Build files have been written to: /home/xiaoming/桌面/MOON/Electronic/CleanBot_ws/build/cleanbot_description
[0.289s] Invoked command in '/home/xiaoming/桌面/MOON/Electronic/CleanBot_ws/build/cleanbot_description' returned '0': CMAKE_PREFIX_PATH=${CMAKE_PREFIX_PATH}:/opt/ros/jazzy DEBUGINFOD_URLS=https://debuginfod.ubuntu.com /usr/bin/cmake --build /home/xiaoming/桌面/MOON/Electronic/CleanBot_ws/build/cleanbot_description -- -j20 -l20
[0.290s] Invoking command in '/home/xiaoming/桌面/MOON/Electronic/CleanBot_ws/build/cleanbot_description': CMAKE_PREFIX_PATH=${CMAKE_PREFIX_PATH}:/opt/ros/jazzy DEBUGINFOD_URLS=https://debuginfod.ubuntu.com /usr/bin/cmake --install /home/xiaoming/桌面/MOON/Electronic/CleanBot_ws/build/cleanbot_description
[0.296s] -- Install configuration: ""
[0.296s] -- Execute custom install script
[0.296s] -- Up-to-date symlink: /home/xiaoming/桌面/MOON/Electronic/CleanBot_ws/install/cleanbot_description/share/cleanbot_description/urdf/clean_robot.gv
[0.296s] -- Up-to-date symlink: /home/xiaoming/桌面/MOON/Electronic/CleanBot_ws/install/cleanbot_description/share/cleanbot_description/urdf/clean_robot.pdf
[0.296s] -- Up-to-date symlink: /home/xiaoming/桌面/MOON/Electronic/CleanBot_ws/install/cleanbot_description/share/cleanbot_description/urdf/clean_robot.urdf
[0.296s] -- Up-to-date symlink: /home/xiaoming/桌面/MOON/Electronic/CleanBot_ws/install/cleanbot_description/share/cleanbot_description/urdf/cleanbot/actuator/caster.urdf.xacro
[0.297s] -- Up-to-date symlink: /home/xiaoming/桌面/MOON/Electronic/CleanBot_ws/install/cleanbot_description/share/cleanbot_description/urdf/cleanbot/actuator/wheel.urdf.xacro
[0.297s] -- Up-to-date symlink: /home/xiaoming/桌面/MOON/Electronic/CleanBot_ws/install/cleanbot_description/share/cleanbot_description/urdf/cleanbot/base.urdf.xacro
[0.297s] -- Up-to-date symlink: /home/xiaoming/桌面/MOON/Electronic/CleanBot_ws/install/cleanbot_description/share/cleanbot_description/urdf/cleanbot/clean_robot.xacro
[0.297s] -- Up-to-date symlink: /home/xiaoming/桌面/MOON/Electronic/CleanBot_ws/install/cleanbot_description/share/cleanbot_description/urdf/cleanbot/cleanbot.ros2_control.xacro
[0.297s] -- Up-to-date symlink: /home/xiaoming/桌面/MOON/Electronic/CleanBot_ws/install/cleanbot_description/share/cleanbot_description/urdf/cleanbot/common_inertia.xacro
[0.297s] -- Up-to-date symlink: /home/xiaoming/桌面/MOON/Electronic/CleanBot_ws/install/cleanbot_description/share/cleanbot_description/urdf/cleanbot/plugins/gazebo_control_plugin.xacro
[0.297s] -- Up-to-date symlink: /home/xiaoming/桌面/MOON/Electronic/CleanBot_ws/install/cleanbot_description/share/cleanbot_description/urdf/cleanbot/plugins/gazebo_sensor_plugin.xacro
[0.298s] -- Up-to-date symlink: /home/xiaoming/桌面/MOON/Electronic/CleanBot_ws/install/cleanbot_description/share/cleanbot_description/urdf/cleanbot/sensor/camera.urdf.xacro
[0.298s] -- Up-to-date symlink: /home/xiaoming/桌面/MOON/Electronic/CleanBot_ws/install/cleanbot_description/share/cleanbot_description/urdf/cleanbot/sensor/imu.urdf.xacro
[0.298s] -- Up-to-date symlink: /home/xiaoming/桌面/MOON/Electronic/CleanBot_ws/install/cleanbot_description/share/cleanbot_description/urdf/cleanbot/sensor/laser.urdf.xacro
[0.298s] -- Up-to-date symlink: /home/xiaoming/桌面/MOON/Electronic/CleanBot_ws/install/cleanbot_description/share/cleanbot_description/launch/__pycache__/display_robot.launch.cpython-310.pyc
[0.298s] -- Up-to-date symlink: /home/xiaoming/桌面/MOON/Electronic/CleanBot_ws/install/cleanbot_description/share/cleanbot_description/launch/display_robot.launch.py
[0.298s] -- Up-to-date symlink: /home/xiaoming/桌面/MOON/Electronic/CleanBot_ws/install/cleanbot_description/share/cleanbot_description/launch/gazebo_sim.launch.py
[0.298s] -- Up-to-date symlink: /home/xiaoming/桌面/MOON/Electronic/CleanBot_ws/install/cleanbot_description/share/cleanbot_description/config/cleanbot_ros2_controller.yaml
[0.298s] -- Up-to-date symlink: /home/xiaoming/桌面/MOON/Electronic/CleanBot_ws/install/cleanbot_description/share/cleanbot_description/config/display_robot_model.rviz
[0.298s] -- Up-to-date symlink: /home/xiaoming/桌面/MOON/Electronic/CleanBot_ws/install/cleanbot_description/share/cleanbot_description/world/custom_room.world
[0.298s] -- Up-to-date symlink: /home/xiaoming/桌面/MOON/Electronic/CleanBot_ws/install/cleanbot_description/share/cleanbot_description/world/room/model.config
[0.299s] -- Up-to-date symlink: /home/xiaoming/桌面/MOON/Electronic/CleanBot_ws/install/cleanbot_description/share/cleanbot_description/world/room/model.sdf
[0.299s] -- Up-to-date symlink: /home/xiaoming/桌面/MOON/Electronic/CleanBot_ws/install/cleanbot_description/share/ament_index/resource_index/package_run_dependencies/cleanbot_description
[0.299s] -- Up-to-date symlink: /home/xiaoming/桌面/MOON/Electronic/CleanBot_ws/install/cleanbot_description/share/ament_index/resource_index/parent_prefix_path/cleanbot_description
[0.299s] -- Up-to-date symlink: /home/xiaoming/桌面/MOON/Electronic/CleanBot_ws/install/cleanbot_description/share/cleanbot_description/environment/ament_prefix_path.sh
[0.299s] -- Up-to-date symlink: /home/xiaoming/桌面/MOON/Electronic/CleanBot_ws/install/cleanbot_description/share/cleanbot_description/environment/ament_prefix_path.dsv
[0.299s] -- Up-to-date symlink: /home/xiaoming/桌面/MOON/Electronic/CleanBot_ws/install/cleanbot_description/share/cleanbot_description/environment/path.sh
[0.299s] -- Up-to-date symlink: /home/xiaoming/桌面/MOON/Electronic/CleanBot_ws/install/cleanbot_description/share/cleanbot_description/environment/path.dsv
[0.299s] -- Up-to-date symlink: /home/xiaoming/桌面/MOON/Electronic/CleanBot_ws/install/cleanbot_description/share/cleanbot_description/local_setup.bash
[0.299s] -- Up-to-date symlink: /home/xiaoming/桌面/MOON/Electronic/CleanBot_ws/install/cleanbot_description/share/cleanbot_description/local_setup.sh
[0.299s] -- Up-to-date symlink: /home/xiaoming/桌面/MOON/Electronic/CleanBot_ws/install/cleanbot_description/share/cleanbot_description/local_setup.zsh
[0.299s] -- Up-to-date symlink: /home/xiaoming/桌面/MOON/Electronic/CleanBot_ws/install/cleanbot_description/share/cleanbot_description/local_setup.dsv
[0.299s] -- Symlinking: /home/xiaoming/桌面/MOON/Electronic/CleanBot_ws/install/cleanbot_description/share/cleanbot_description/package.dsv
[0.306s] -- Up-to-date symlink: /home/xiaoming/桌面/MOON/Electronic/CleanBot_ws/install/cleanbot_description/share/ament_index/resource_index/packages/cleanbot_description
[0.306s] -- Up-to-date symlink: /home/xiaoming/桌面/MOON/Electronic/CleanBot_ws/install/cleanbot_description/share/cleanbot_description/cmake/cleanbot_descriptionConfig.cmake
[0.306s] -- Up-to-date symlink: /home/xiaoming/桌面/MOON/Electronic/CleanBot_ws/install/cleanbot_description/share/cleanbot_description/cmake/cleanbot_descriptionConfig-version.cmake
[0.306s] -- Up-to-date symlink: /home/xiaoming/桌面/MOON/Electronic/CleanBot_ws/install/cleanbot_description/share/cleanbot_description/package.xml
[0.307s] Invoked command in '/home/xiaoming/桌面/MOON/Electronic/CleanBot_ws/build/cleanbot_description' returned '0': CMAKE_PREFIX_PATH=${CMAKE_PREFIX_PATH}:/opt/ros/jazzy DEBUGINFOD_URLS=https://debuginfod.ubuntu.com /usr/bin/cmake --install /home/xiaoming/桌面/MOON/Electronic/CleanBot_ws/build/cleanbot_description
