[0.013s] Invoking command in '/home/xiaoming/桌面/MOON/Electronic/CleanBot_ws/build/cleanbot_control': CMAKE_PREFIX_PATH=${CMAKE_PREFIX_PATH}:/opt/ros/jazzy DEBUGINFOD_URLS=https://debuginfod.ubuntu.com /usr/bin/cmake --build /home/xiaoming/桌面/MOON/Electronic/CleanBot_ws/build/cleanbot_control -- -j20 -l20
[0.136s] [ 50%] [32mBuilding CXX object CMakeFiles/cleanbot_control.dir/src/cleanbot_hardware_interface.cpp.o[0m
[1.571s] [01m[K/home/xiaoming/桌面/MOON/Electronic/CleanBot_ws/src/cleanbot_control/src/cleanbot_hardware_interface.cpp:[m[K In member function ‘[01m[Kvirtual hardware_interface::CallbackReturn cleanbot_control::CleanBotHardwareInterface::[01;32m[Kon_init[m[K(const hardware_interface::HardwareInfo&)[m[K’:
[1.571s] [01m[K/home/xiaoming/桌面/MOON/Electronic/CleanBot_ws/src/cleanbot_control/src/cleanbot_hardware_interface.cpp:21:49:[m[K [01;35m[Kwarning: [m[K‘[01m[Kvirtual rclcpp_lifecycle::node_interfaces::LifecycleNodeInterface::CallbackReturn hardware_interface::HardwareComponentInterface::[01;32m[Kon_init[m[K(const hardware_interface::HardwareInfo&)[m[K’ is deprecated: Use on_init(const HardwareComponentInterfaceParams & params) instead. [[01;35m[K]8;;https://gcc.gnu.org/onlinedocs/gcc/Warning-Options.html#index-Wdeprecated-declarations-Wdeprecated-declarations]8;;[m[K]
[1.571s]    21 |     [01;35m[Khardware_interface::SystemInterface::on_init(info)[m[K !=
[1.571s]       |     [01;35m[K~~~~~~~~~~~~~~~~~~~~~~~~~~~~~~~~~~~~~~~~~~~~^~~~~~[m[K
[1.571s] In file included from [01m[K/opt/ros/jazzy/include/hardware_interface/hardware_interface/system_interface.hpp:18[m[K,
[1.571s]                  from [01m[K/home/xiaoming/桌面/MOON/Electronic/CleanBot_ws/src/cleanbot_control/include/cleanbot_control/cleanbot_hardware_interface.hpp:10[m[K,
[1.571s]                  from [01m[K/home/xiaoming/桌面/MOON/Electronic/CleanBot_ws/src/cleanbot_control/src/cleanbot_hardware_interface.cpp:1[m[K:
[1.571s] [01m[K/opt/ros/jazzy/include/hardware_interface/hardware_interface/hardware_component_interface.hpp:235:26:[m[K [01;36m[Knote: [m[Kdeclared here
[1.571s]   235 |   virtual CallbackReturn [01;36m[Kon_init[m[K(const HardwareInfo & hardware_info)
[1.571s]       |                          [01;36m[K^~~~~~~[m[K
[5.436s] [100%] [32m[1mLinking CXX shared library libcleanbot_control.so[0m
[5.753s] [100%] Built target cleanbot_control
[5.760s] Invoked command in '/home/xiaoming/桌面/MOON/Electronic/CleanBot_ws/build/cleanbot_control' returned '0': CMAKE_PREFIX_PATH=${CMAKE_PREFIX_PATH}:/opt/ros/jazzy DEBUGINFOD_URLS=https://debuginfod.ubuntu.com /usr/bin/cmake --build /home/xiaoming/桌面/MOON/Electronic/CleanBot_ws/build/cleanbot_control -- -j20 -l20
[5.761s] Invoking command in '/home/xiaoming/桌面/MOON/Electronic/CleanBot_ws/build/cleanbot_control': CMAKE_PREFIX_PATH=${CMAKE_PREFIX_PATH}:/opt/ros/jazzy DEBUGINFOD_URLS=https://debuginfod.ubuntu.com /usr/bin/cmake --install /home/xiaoming/桌面/MOON/Electronic/CleanBot_ws/build/cleanbot_control
[5.768s] -- Install configuration: ""
[5.768s] -- Up-to-date: /home/xiaoming/桌面/MOON/Electronic/CleanBot_ws/install/cleanbot_control/include
[5.768s] -- Up-to-date: /home/xiaoming/桌面/MOON/Electronic/CleanBot_ws/install/cleanbot_control/include/cleanbot_control
[5.768s] -- Up-to-date: /home/xiaoming/桌面/MOON/Electronic/CleanBot_ws/install/cleanbot_control/share/cleanbot_control/launch
[5.768s] -- Up-to-date: /home/xiaoming/桌面/MOON/Electronic/CleanBot_ws/install/cleanbot_control/share/cleanbot_control/config
[5.768s] -- Up-to-date: /home/xiaoming/桌面/MOON/Electronic/CleanBot_ws/install/cleanbot_control/share/cleanbot_control/web
[5.768s] -- Up-to-date: /home/xiaoming/桌面/MOON/Electronic/CleanBot_ws/install/cleanbot_control/share/cleanbot_control/web/templates
[5.768s] -- Up-to-date: /home/xiaoming/桌面/MOON/Electronic/CleanBot_ws/install/cleanbot_control/share/cleanbot_control/web/static
[5.768s] -- Installing: /home/xiaoming/桌面/MOON/Electronic/CleanBot_ws/install/cleanbot_control/share/cleanbot_control/package.dsv
[5.769s] Invoked command in '/home/xiaoming/桌面/MOON/Electronic/CleanBot_ws/build/cleanbot_control' returned '0': CMAKE_PREFIX_PATH=${CMAKE_PREFIX_PATH}:/opt/ros/jazzy DEBUGINFOD_URLS=https://debuginfod.ubuntu.com /usr/bin/cmake --install /home/xiaoming/桌面/MOON/Electronic/CleanBot_ws/build/cleanbot_control
