-- The C compiler identification is GNU 13.3.0
-- The CXX compiler identification is GNU 13.3.0
-- Detecting C compiler ABI info
-- Detecting C compiler ABI info - done
-- Check for working C compiler: /usr/bin/cc - skipped
-- Detecting C compile features
-- Detecting C compile features - done
-- Detecting CXX compiler ABI info
-- Detecting CXX compiler ABI info - done
-- Check for working CXX compiler: /usr/bin/c++ - skipped
-- Detecting CXX compile features
-- Detecting CXX compile features - done
-- Found ament_cmake: 2.5.4 (/opt/ros/jazzy/share/ament_cmake/cmake)
-- Found Python3: /usr/bin/python3 (found version "3.12.3") found components: Interpreter 
-- Override CMake install command with custom implementation using symlinks instead of copying resources
-- Found rclcpp: 28.1.13 (/opt/ros/jazzy/share/rclcpp/cmake)
-- Found rosidl_generator_c: 4.6.6 (/opt/ros/jazzy/share/rosidl_generator_c/cmake)
-- Found rosidl_generator_cpp: 4.6.6 (/opt/ros/jazzy/share/rosidl_generator_cpp/cmake)
-- Using all available rosidl_typesupport_c: rosidl_typesupport_fastrtps_c;rosidl_typesupport_introspection_c
-- Using all available rosidl_typesupport_cpp: rosidl_typesupport_fastrtps_cpp;rosidl_typesupport_introspection_cpp
-- Found rmw_implementation_cmake: 7.3.2 (/opt/ros/jazzy/share/rmw_implementation_cmake/cmake)
-- Found rmw_fastrtps_cpp: 8.4.3 (/opt/ros/jazzy/share/rmw_fastrtps_cpp/cmake)
-- Found OpenSSL: /usr/lib/x86_64-linux-gnu/libcrypto.so (found version "3.0.13")  
-- Found FastRTPS: /opt/ros/jazzy/include (Required is at least version "2.13") 
-- Using RMW implementation 'rmw_fastrtps_cpp' as default
-- Found rclpy: 7.1.6 (/opt/ros/jazzy/share/rclpy/cmake)
-- Found std_msgs: 5.3.6 (/opt/ros/jazzy/share/std_msgs/cmake)
-- Found sensor_msgs: 5.3.6 (/opt/ros/jazzy/share/sensor_msgs/cmake)
-- Found nav_msgs: 5.3.6 (/opt/ros/jazzy/share/nav_msgs/cmake)
-- Found tf2: 0.36.16 (/opt/ros/jazzy/share/tf2/cmake)
-- Found tf2_ros: 0.36.16 (/opt/ros/jazzy/share/tf2_ros/cmake)
-- 找到ros2_control依赖，将编译硬件接口
-- Found ament_lint_auto: 0.17.3 (/opt/ros/jazzy/share/ament_lint_auto/cmake)
-- Added test 'cppcheck' to perform static code analysis on C / C++ code
-- Configured cppcheck include dirs: $<BUILD_INTERFACE:/home/xiaoming/桌面/MOON/Electronic/CleanBot_ws/src/cleanbot_control/include>
-- Configured cppcheck exclude dirs and/or files: 
-- Added test 'flake8' to check Python code syntax and style conventions
-- Configured 'flake8' exclude dirs and/or files: 
-- Added test 'lint_cmake' to check CMake code style
-- Added test 'pep257' to check Python code against some of the docstring style conventions in PEP 257
-- Added test 'uncrustify' to check C / C++ code style
-- Configured uncrustify additional arguments: 
-- Added test 'xmllint' to check XML markup files
-- Configuring done (2.2s)
-- Generating done (0.0s)
-- Build files have been written to: /home/xiaoming/桌面/MOON/Electronic/CleanBot_ws/build/cleanbot_control
[ 50%] Building CXX object CMakeFiles/cleanbot_control.dir/src/cleanbot_hardware_interface.cpp.o
/home/xiaoming/桌面/MOON/Electronic/CleanBot_ws/src/cleanbot_control/src/cleanbot_hardware_interface.cpp: In member function ‘virtual hardware_interface::CallbackReturn cleanbot_control::CleanBotHardwareInterface::on_init(const hardware_interface::HardwareInfo&)’:
/home/xiaoming/桌面/MOON/Electronic/CleanBot_ws/src/cleanbot_control/src/cleanbot_hardware_interface.cpp:21:49: warning: ‘virtual rclcpp_lifecycle::node_interfaces::LifecycleNodeInterface::CallbackReturn hardware_interface::HardwareComponentInterface::on_init(const hardware_interface::HardwareInfo&)’ is deprecated: Use on_init(const HardwareComponentInterfaceParams & params) instead. [-Wdeprecated-declarations]
   21 |     hardware_interface::SystemInterface::on_init(info) !=
      |     ~~~~~~~~~~~~~~~~~~~~~~~~~~~~~~~~~~~~~~~~~~~~^~~~~~
In file included from /opt/ros/jazzy/include/hardware_interface/hardware_interface/system_interface.hpp:18,
                 from /home/xiaoming/桌面/MOON/Electronic/CleanBot_ws/src/cleanbot_control/include/cleanbot_control/cleanbot_hardware_interface.hpp:10,
                 from /home/xiaoming/桌面/MOON/Electronic/CleanBot_ws/src/cleanbot_control/src/cleanbot_hardware_interface.cpp:1:
/opt/ros/jazzy/include/hardware_interface/hardware_interface/hardware_component_interface.hpp:235:26: note: declared here
  235 |   virtual CallbackReturn on_init(const HardwareInfo & hardware_info)
      |                          ^~~~~~~
[100%] Linking CXX shared library libcleanbot_control.so
[100%] Built target cleanbot_control
-- Install configuration: ""
-- Execute custom install script
-- Symlinking: /home/xiaoming/桌面/MOON/Electronic/CleanBot_ws/install/cleanbot_control/share/cleanbot_control//cleanbot_control.xml
-- Symlinking: /home/xiaoming/桌面/MOON/Electronic/CleanBot_ws/install/cleanbot_control/lib/libcleanbot_control.so
-- Symlinking: /home/xiaoming/桌面/MOON/Electronic/CleanBot_ws/install/cleanbot_control/include/cleanbot_control/cleanbot_hardware_interface.hpp
-- Symlinking: /home/xiaoming/桌面/MOON/Electronic/CleanBot_ws/install/cleanbot_control/lib/cleanbot_control/usb_communication_node.py
-- Symlinking: /home/xiaoming/桌面/MOON/Electronic/CleanBot_ws/install/cleanbot_control/lib/cleanbot_control/web_control_node.py
-- Symlinking: /home/xiaoming/桌面/MOON/Electronic/CleanBot_ws/install/cleanbot_control/share/cleanbot_control/launch/cleanbot.launch.py
-- Symlinking: /home/xiaoming/桌面/MOON/Electronic/CleanBot_ws/install/cleanbot_control/share/cleanbot_control/config/cleanbot.ros2_control.xacro
-- Symlinking: /home/xiaoming/桌面/MOON/Electronic/CleanBot_ws/install/cleanbot_control/share/cleanbot_control/config/cleanbot_controllers.yaml
-- Symlinking: /home/xiaoming/桌面/MOON/Electronic/CleanBot_ws/install/cleanbot_control/share/cleanbot_control/config/cleanbot_real.ros2_control.xacro
-- Symlinking: /home/xiaoming/桌面/MOON/Electronic/CleanBot_ws/install/cleanbot_control/share/cleanbot_control/config/cleanbot_real.urdf.xacro
-- Symlinking: /home/xiaoming/桌面/MOON/Electronic/CleanBot_ws/install/cleanbot_control/share/cleanbot_control/config/ekf.yaml
-- Symlinking: /home/xiaoming/桌面/MOON/Electronic/CleanBot_ws/install/cleanbot_control/share/cleanbot_control/web/static/control.js
-- Symlinking: /home/xiaoming/桌面/MOON/Electronic/CleanBot_ws/install/cleanbot_control/share/cleanbot_control/web/templates/index.html
-- Symlinking: /home/xiaoming/桌面/MOON/Electronic/CleanBot_ws/install/cleanbot_control/share/cleanbot_control/environment/library_path.sh
-- Symlinking: /home/xiaoming/桌面/MOON/Electronic/CleanBot_ws/install/cleanbot_control/share/cleanbot_control/environment/library_path.dsv
-- Symlinking: /home/xiaoming/桌面/MOON/Electronic/CleanBot_ws/install/cleanbot_control/share/ament_index/resource_index/package_run_dependencies/cleanbot_control
-- Symlinking: /home/xiaoming/桌面/MOON/Electronic/CleanBot_ws/install/cleanbot_control/share/ament_index/resource_index/parent_prefix_path/cleanbot_control
-- Symlinking: /home/xiaoming/桌面/MOON/Electronic/CleanBot_ws/install/cleanbot_control/share/cleanbot_control/environment/ament_prefix_path.sh
-- Symlinking: /home/xiaoming/桌面/MOON/Electronic/CleanBot_ws/install/cleanbot_control/share/cleanbot_control/environment/ament_prefix_path.dsv
-- Symlinking: /home/xiaoming/桌面/MOON/Electronic/CleanBot_ws/install/cleanbot_control/share/cleanbot_control/environment/path.sh
-- Symlinking: /home/xiaoming/桌面/MOON/Electronic/CleanBot_ws/install/cleanbot_control/share/cleanbot_control/environment/path.dsv
-- Symlinking: /home/xiaoming/桌面/MOON/Electronic/CleanBot_ws/install/cleanbot_control/share/cleanbot_control/local_setup.bash
-- Symlinking: /home/xiaoming/桌面/MOON/Electronic/CleanBot_ws/install/cleanbot_control/share/cleanbot_control/local_setup.sh
-- Symlinking: /home/xiaoming/桌面/MOON/Electronic/CleanBot_ws/install/cleanbot_control/share/cleanbot_control/local_setup.zsh
-- Symlinking: /home/xiaoming/桌面/MOON/Electronic/CleanBot_ws/install/cleanbot_control/share/cleanbot_control/local_setup.dsv
-- Symlinking: /home/xiaoming/桌面/MOON/Electronic/CleanBot_ws/install/cleanbot_control/share/cleanbot_control/package.dsv
-- Symlinking: /home/xiaoming/桌面/MOON/Electronic/CleanBot_ws/install/cleanbot_control/share/ament_index/resource_index/packages/cleanbot_control
-- Symlinking: /home/xiaoming/桌面/MOON/Electronic/CleanBot_ws/install/cleanbot_control/share/ament_index/resource_index/hardware_interface__pluginlib__plugin/cleanbot_control
-- Symlinking: /home/xiaoming/桌面/MOON/Electronic/CleanBot_ws/install/cleanbot_control/share/cleanbot_control/cmake/ament_cmake_export_include_directories-extras.cmake
-- Symlinking: /home/xiaoming/桌面/MOON/Electronic/CleanBot_ws/install/cleanbot_control/share/cleanbot_control/cmake/ament_cmake_export_libraries-extras.cmake
-- Symlinking: /home/xiaoming/桌面/MOON/Electronic/CleanBot_ws/install/cleanbot_control/share/cleanbot_control/cmake/ament_cmake_export_dependencies-extras.cmake
-- Symlinking: /home/xiaoming/桌面/MOON/Electronic/CleanBot_ws/install/cleanbot_control/share/cleanbot_control/cmake/cleanbot_controlConfig.cmake
-- Symlinking: /home/xiaoming/桌面/MOON/Electronic/CleanBot_ws/install/cleanbot_control/share/cleanbot_control/cmake/cleanbot_controlConfig-version.cmake
-- Symlinking: /home/xiaoming/桌面/MOON/Electronic/CleanBot_ws/install/cleanbot_control/share/cleanbot_control/package.xml
