[0.000000] (-) TimerEvent: {}
[0.000066] (-) JobUnselected: {'identifier': 'cleanbot_description'}
[0.000193] (-) JobUnselected: {'identifier': 'rplidar_ros'}
[0.000346] (cleanbot_control) JobQueued: {'identifier': 'cleanbot_control', 'dependencies': OrderedDict()}
[0.000408] (cleanbot_control) JobStarted: {'identifier': 'cleanbot_control'}
[0.005066] (cleanbot_control) JobProgress: {'identifier': 'cleanbot_control', 'progress': 'cmake'}
[0.006083] (cleanbot_control) Command: {'cmd': ['/usr/bin/cmake', '/home/xiaoming/桌面/MOON/Electronic/CleanBot_ws/src/cleanbot_control', '-DAMENT_CMAKE_SYMLINK_INSTALL=1', '-DCMAKE_INSTALL_PREFIX=/home/xiaoming/桌面/MOON/Electronic/CleanBot_ws/install/cleanbot_control'], 'cwd': '/home/xiaoming/桌面/MOON/Electronic/CleanBot_ws/build/cleanbot_control', 'env': OrderedDict({'GJS_DEBUG_TOPICS': 'JS ERROR;JS LOG', 'LESSOPEN': '| /usr/bin/lesspipe %s', 'VSCODE_CWD': '/home/xiaoming', 'VSCODE_ESM_ENTRYPOINT': 'vs/workbench/api/node/extensionHostProcess', 'USER': 'xiaoming', 'VSCODE_NLS_CONFIG': '{"userLocale":"en-us","osLocale":"zh-cn","resolvedLanguage":"en","defaultMessagesFile":"/usr/share/cursor/resources/app/out/nls.messages.json","locale":"en-us","availableLanguages":{}}', 'GZ_CONFIG_PATH': '/opt/ros/jazzy/opt/sdformat_vendor/share/gz', 'VSCODE_HANDLES_UNCAUGHT_ERRORS': 'true', 'XDG_SESSION_TYPE': 'x11', 'CLUTTER_DISABLE_MIPMAPPED_TEXT': '1', 'SHLVL': '1', 'LD_LIBRARY_PATH': '/opt/ros/jazzy/opt/sdformat_vendor/lib:/opt/ros/jazzy/opt/rviz_ogre_vendor/lib:/opt/ros/jazzy/lib/x86_64-linux-gnu:/opt/ros/jazzy/opt/gz_math_vendor/lib:/opt/ros/jazzy/opt/gz_utils_vendor/lib:/opt/ros/jazzy/opt/gz_tools_vendor/lib:/opt/ros/jazzy/opt/gz_cmake_vendor/lib:/opt/ros/jazzy/lib', 'HOME': '/home/xiaoming', 'CHROME_DESKTOP': 'cursor.desktop', 'OLDPWD': '/home/xiaoming/桌面/MOON/Electronic/CleanBot_ws', 'DESKTOP_SESSION': 'ubuntu', 'VSCODE_IPC_HOOK': '/run/user/1000/vscode-279de512-2.1.-main.sock', 'GIO_LAUNCHED_DESKTOP_FILE': '/usr/share/applications/cursor.desktop', 'ROS_PYTHON_VERSION': '3', 'GNOME_SHELL_SESSION_MODE': 'ubuntu', 'GTK_MODULES': 'gail:atk-bridge', 'MANAGERPID': '2294', 'SYSTEMD_EXEC_PID': '2690', 'GSM_SKIP_SSH_AGENT_WORKAROUND': 'true', 'NO_COLOR': '1', 'DBUS_SESSION_BUS_ADDRESS': 'unix:path=/run/user/1000/bus', 'GIO_LAUNCHED_DESKTOP_FILE_PID': '3772', 'VSCODE_CRASH_REPORTER_PROCESS_TYPE': 'extensionHost', 'DEBUGINFOD_URLS': 'https://debuginfod.ubuntu.com', 'ROS_DISTRO': 'jazzy', 'LOGNAME': 'xiaoming', 'FORCE_COLOR': '0', 'JOURNAL_STREAM': '9:17068', '_': '/usr/bin/colcon', 'ROS_VERSION': '2', 'MEMORY_PRESSURE_WATCH': '/sys/fs/cgroup/user.slice/user-1000.slice/user@1000.service/session.slice/org.gnome.Shell@x11.service/memory.pressure', 'XDG_SESSION_CLASS': 'user', 'USERNAME': 'xiaoming', 'TERM': 'dumb', 'GNOME_DESKTOP_SESSION_ID': 'this-is-deprecated', 'COMPOSER_NO_INTERACTION': '1', 'WINDOWPATH': '2', 'PATH': '/opt/ros/jazzy/opt/gz_tools_vendor/bin:/opt/ros/jazzy/bin:/usr/local/sbin:/usr/local/bin:/usr/sbin:/usr/bin:/sbin:/bin:/usr/games:/usr/local/games:/snap/bin:/snap/bin', 'SESSION_MANAGER': 'local/Jarvis:@/tmp/.ICE-unix/2645,unix/Jarvis:/tmp/.ICE-unix/2645', 'INVOCATION_ID': '12cdcde7e6554121bdad728b73f86967', 'XDG_MENU_PREFIX': 'gnome-', 'VSCODE_PROCESS_TITLE': 'extension-host  [1-1]', 'XDG_RUNTIME_DIR': '/run/user/1000', 'GDK_BACKEND': 'x11', 'CURSOR_AGENT': '1', 'DISPLAY': ':1', 'LANG': 'zh_CN.UTF-8', 'XDG_CURRENT_DESKTOP': 'Unity', 'XMODIFIERS': '@im=ibus', 'XDG_SESSION_DESKTOP': 'ubuntu', 'XAUTHORITY': '/run/user/1000/gdm/Xauthority', 'LS_COLORS': '', 'SBX_CHROME_API_RQ': '1', 'CURSOR_TRACE_ID': 'de9013313ceb4ecc9b045ecf8ebe3e2f', 'SSH_AUTH_SOCK': '/run/user/1000/keyring/ssh', 'AMENT_PREFIX_PATH': '/opt/ros/jazzy', 'ORIGINAL_XDG_CURRENT_DESKTOP': 'ubuntu:GNOME', 'SHELL': '/bin/bash', 'QT_ACCESSIBILITY': '1', 'GDMSESSION': 'ubuntu', 'LESSCLOSE': '/usr/bin/lesspipe %s %s', 'GPG_AGENT_INFO': '/run/user/1000/gnupg/S.gpg-agent:0:1', 'GJS_DEBUG_OUTPUT': 'stderr', 'ROS_AUTOMATIC_DISCOVERY_RANGE': 'SUBNET', 'QT_IM_MODULE': 'ibus', 'PWD': '/home/xiaoming/桌面/MOON/Electronic/CleanBot_ws/build/cleanbot_control', 'XDG_CONFIG_DIRS': '/etc/xdg/xdg-ubuntu:/etc/xdg', 'VSCODE_CODE_CACHE_PATH': '/home/xiaoming/.config/Cursor/CachedData/60d42bed27e5775c43ec0428d8c653c49e58e260', 'XDG_DATA_DIRS': '/usr/share/ubuntu:/usr/share/gnome:/usr/local/share/:/usr/share/:/var/lib/snapd/desktop', 'QTWEBENGINE_DICTIONARIES_PATH': '/usr/share/hunspell-bdic/', 'PYTHONPATH': '/opt/ros/jazzy/lib/python3.12/site-packages', 'COLCON': '1', '_ZO_DOCTOR': '0', 'MEMORY_PRESSURE_WRITE': 'c29tZSAyMDAwMDAgMjAwMDAwMAA=', 'CMAKE_PREFIX_PATH': '/opt/ros/jazzy/opt/sdformat_vendor:/opt/ros/jazzy/opt/gz_math_vendor:/opt/ros/jazzy/opt/gz_utils_vendor:/opt/ros/jazzy/opt/gz_tools_vendor:/opt/ros/jazzy/opt/gz_cmake_vendor:/opt/ros/jazzy', 'VSCODE_PID': '3772'}), 'shell': False}
[0.014954] (cleanbot_control) StdoutLine: {'line': b'-- Found ament_cmake: 2.5.4 (/opt/ros/jazzy/share/ament_cmake/cmake)\n'}
[0.099793] (-) TimerEvent: {}
[0.152949] (cleanbot_control) StdoutLine: {'line': b'-- Override CMake install command with custom implementation using symlinks instead of copying resources\n'}
[0.157515] (cleanbot_control) StdoutLine: {'line': b'-- Found rclcpp: 28.1.13 (/opt/ros/jazzy/share/rclcpp/cmake)\n'}
[0.173606] (cleanbot_control) StdoutLine: {'line': b'-- Found rosidl_generator_c: 4.6.6 (/opt/ros/jazzy/share/rosidl_generator_c/cmake)\n'}
[0.178895] (cleanbot_control) StdoutLine: {'line': b'-- Found rosidl_generator_cpp: 4.6.6 (/opt/ros/jazzy/share/rosidl_generator_cpp/cmake)\n'}
[0.185821] (cleanbot_control) StdoutLine: {'line': b'-- Using all available rosidl_typesupport_c: rosidl_typesupport_fastrtps_c;rosidl_typesupport_introspection_c\n'}
[0.193855] (cleanbot_control) StdoutLine: {'line': b'-- Using all available rosidl_typesupport_cpp: rosidl_typesupport_fastrtps_cpp;rosidl_typesupport_introspection_cpp\n'}
[0.199858] (-) TimerEvent: {}
[0.232161] (cleanbot_control) StdoutLine: {'line': b'-- Found rmw_implementation_cmake: 7.3.2 (/opt/ros/jazzy/share/rmw_implementation_cmake/cmake)\n'}
[0.232899] (cleanbot_control) StdoutLine: {'line': b'-- Found rmw_fastrtps_cpp: 8.4.3 (/opt/ros/jazzy/share/rmw_fastrtps_cpp/cmake)\n'}
[0.283675] (cleanbot_control) StdoutLine: {'line': b"-- Using RMW implementation 'rmw_fastrtps_cpp' as default\n"}
[0.299931] (-) TimerEvent: {}
[0.326488] (cleanbot_control) StdoutLine: {'line': b'-- Found rclpy: 7.1.6 (/opt/ros/jazzy/share/rclpy/cmake)\n'}
[0.326652] (cleanbot_control) StdoutLine: {'line': b'-- Found std_msgs: 5.3.6 (/opt/ros/jazzy/share/std_msgs/cmake)\n'}
[0.335144] (cleanbot_control) StdoutLine: {'line': b'-- Found sensor_msgs: 5.3.6 (/opt/ros/jazzy/share/sensor_msgs/cmake)\n'}
[0.360249] (cleanbot_control) StdoutLine: {'line': b'-- Found nav_msgs: 5.3.6 (/opt/ros/jazzy/share/nav_msgs/cmake)\n'}
[0.376858] (cleanbot_control) StdoutLine: {'line': b'-- Found tf2: 0.36.16 (/opt/ros/jazzy/share/tf2/cmake)\n'}
[0.379039] (cleanbot_control) StdoutLine: {'line': b'-- Found tf2_ros: 0.36.16 (/opt/ros/jazzy/share/tf2_ros/cmake)\n'}
[0.399997] (-) TimerEvent: {}
[0.500105] (-) TimerEvent: {}
[0.589629] (cleanbot_control) StdoutLine: {'line': b'-- \xe6\x89\xbe\xe5\x88\xb0ros2_control\xe4\xbe\x9d\xe8\xb5\x96\xef\xbc\x8c\xe5\xb0\x86\xe7\xbc\x96\xe8\xaf\x91\xe7\xa1\xac\xe4\xbb\xb6\xe6\x8e\xa5\xe5\x8f\xa3\n'}
[0.591499] (cleanbot_control) StdoutLine: {'line': b'-- Found ament_lint_auto: 0.17.3 (/opt/ros/jazzy/share/ament_lint_auto/cmake)\n'}
[0.600194] (-) TimerEvent: {}
[0.653802] (cleanbot_control) StdoutLine: {'line': b"-- Added test 'cppcheck' to perform static code analysis on C / C++ code\n"}
[0.654038] (cleanbot_control) StdoutLine: {'line': b'-- Configured cppcheck include dirs: $<BUILD_INTERFACE:/home/xiaoming/\xe6\xa1\x8c\xe9\x9d\xa2/MOON/Electronic/CleanBot_ws/src/cleanbot_control/include>\n'}
[0.654100] (cleanbot_control) StdoutLine: {'line': b'-- Configured cppcheck exclude dirs and/or files: \n'}
[0.654169] (cleanbot_control) StdoutLine: {'line': b"-- Added test 'flake8' to check Python code syntax and style conventions\n"}
[0.654208] (cleanbot_control) StdoutLine: {'line': b"-- Configured 'flake8' exclude dirs and/or files: \n"}
[0.654477] (cleanbot_control) StdoutLine: {'line': b"-- Added test 'lint_cmake' to check CMake code style\n"}
[0.654710] (cleanbot_control) StdoutLine: {'line': b"-- Added test 'pep257' to check Python code against some of the docstring style conventions in PEP 257\n"}
[0.655455] (cleanbot_control) StdoutLine: {'line': b"-- Added test 'uncrustify' to check C / C++ code style\n"}
[0.655553] (cleanbot_control) StdoutLine: {'line': b'-- Configured uncrustify additional arguments: \n'}
[0.655703] (cleanbot_control) StdoutLine: {'line': b"-- Added test 'xmllint' to check XML markup files\n"}
[0.657237] (cleanbot_control) StdoutLine: {'line': b'-- Configuring done (0.6s)\n'}
[0.670825] (cleanbot_control) StdoutLine: {'line': b'-- Generating done (0.0s)\n'}
[0.673910] (cleanbot_control) StdoutLine: {'line': b'-- Build files have been written to: /home/xiaoming/\xe6\xa1\x8c\xe9\x9d\xa2/MOON/Electronic/CleanBot_ws/build/cleanbot_control\n'}
[0.680755] (cleanbot_control) CommandEnded: {'returncode': 0}
[0.681694] (cleanbot_control) JobProgress: {'identifier': 'cleanbot_control', 'progress': 'build'}
[0.681791] (cleanbot_control) Command: {'cmd': ['/usr/bin/cmake', '--build', '/home/xiaoming/桌面/MOON/Electronic/CleanBot_ws/build/cleanbot_control', '--', '-j20', '-l20'], 'cwd': '/home/xiaoming/桌面/MOON/Electronic/CleanBot_ws/build/cleanbot_control', 'env': OrderedDict({'GJS_DEBUG_TOPICS': 'JS ERROR;JS LOG', 'LESSOPEN': '| /usr/bin/lesspipe %s', 'VSCODE_CWD': '/home/xiaoming', 'VSCODE_ESM_ENTRYPOINT': 'vs/workbench/api/node/extensionHostProcess', 'USER': 'xiaoming', 'VSCODE_NLS_CONFIG': '{"userLocale":"en-us","osLocale":"zh-cn","resolvedLanguage":"en","defaultMessagesFile":"/usr/share/cursor/resources/app/out/nls.messages.json","locale":"en-us","availableLanguages":{}}', 'GZ_CONFIG_PATH': '/opt/ros/jazzy/opt/sdformat_vendor/share/gz', 'VSCODE_HANDLES_UNCAUGHT_ERRORS': 'true', 'XDG_SESSION_TYPE': 'x11', 'CLUTTER_DISABLE_MIPMAPPED_TEXT': '1', 'SHLVL': '1', 'LD_LIBRARY_PATH': '/opt/ros/jazzy/opt/sdformat_vendor/lib:/opt/ros/jazzy/opt/rviz_ogre_vendor/lib:/opt/ros/jazzy/lib/x86_64-linux-gnu:/opt/ros/jazzy/opt/gz_math_vendor/lib:/opt/ros/jazzy/opt/gz_utils_vendor/lib:/opt/ros/jazzy/opt/gz_tools_vendor/lib:/opt/ros/jazzy/opt/gz_cmake_vendor/lib:/opt/ros/jazzy/lib', 'HOME': '/home/xiaoming', 'CHROME_DESKTOP': 'cursor.desktop', 'OLDPWD': '/home/xiaoming/桌面/MOON/Electronic/CleanBot_ws', 'DESKTOP_SESSION': 'ubuntu', 'VSCODE_IPC_HOOK': '/run/user/1000/vscode-279de512-2.1.-main.sock', 'GIO_LAUNCHED_DESKTOP_FILE': '/usr/share/applications/cursor.desktop', 'ROS_PYTHON_VERSION': '3', 'GNOME_SHELL_SESSION_MODE': 'ubuntu', 'GTK_MODULES': 'gail:atk-bridge', 'MANAGERPID': '2294', 'SYSTEMD_EXEC_PID': '2690', 'GSM_SKIP_SSH_AGENT_WORKAROUND': 'true', 'NO_COLOR': '1', 'DBUS_SESSION_BUS_ADDRESS': 'unix:path=/run/user/1000/bus', 'GIO_LAUNCHED_DESKTOP_FILE_PID': '3772', 'VSCODE_CRASH_REPORTER_PROCESS_TYPE': 'extensionHost', 'DEBUGINFOD_URLS': 'https://debuginfod.ubuntu.com', 'ROS_DISTRO': 'jazzy', 'LOGNAME': 'xiaoming', 'FORCE_COLOR': '0', 'JOURNAL_STREAM': '9:17068', '_': '/usr/bin/colcon', 'ROS_VERSION': '2', 'MEMORY_PRESSURE_WATCH': '/sys/fs/cgroup/user.slice/user-1000.slice/user@1000.service/session.slice/org.gnome.Shell@x11.service/memory.pressure', 'XDG_SESSION_CLASS': 'user', 'USERNAME': 'xiaoming', 'TERM': 'dumb', 'GNOME_DESKTOP_SESSION_ID': 'this-is-deprecated', 'COMPOSER_NO_INTERACTION': '1', 'WINDOWPATH': '2', 'PATH': '/opt/ros/jazzy/opt/gz_tools_vendor/bin:/opt/ros/jazzy/bin:/usr/local/sbin:/usr/local/bin:/usr/sbin:/usr/bin:/sbin:/bin:/usr/games:/usr/local/games:/snap/bin:/snap/bin', 'SESSION_MANAGER': 'local/Jarvis:@/tmp/.ICE-unix/2645,unix/Jarvis:/tmp/.ICE-unix/2645', 'INVOCATION_ID': '12cdcde7e6554121bdad728b73f86967', 'XDG_MENU_PREFIX': 'gnome-', 'VSCODE_PROCESS_TITLE': 'extension-host  [1-1]', 'XDG_RUNTIME_DIR': '/run/user/1000', 'GDK_BACKEND': 'x11', 'CURSOR_AGENT': '1', 'DISPLAY': ':1', 'LANG': 'zh_CN.UTF-8', 'XDG_CURRENT_DESKTOP': 'Unity', 'XMODIFIERS': '@im=ibus', 'XDG_SESSION_DESKTOP': 'ubuntu', 'XAUTHORITY': '/run/user/1000/gdm/Xauthority', 'LS_COLORS': '', 'SBX_CHROME_API_RQ': '1', 'CURSOR_TRACE_ID': 'de9013313ceb4ecc9b045ecf8ebe3e2f', 'SSH_AUTH_SOCK': '/run/user/1000/keyring/ssh', 'AMENT_PREFIX_PATH': '/opt/ros/jazzy', 'ORIGINAL_XDG_CURRENT_DESKTOP': 'ubuntu:GNOME', 'SHELL': '/bin/bash', 'QT_ACCESSIBILITY': '1', 'GDMSESSION': 'ubuntu', 'LESSCLOSE': '/usr/bin/lesspipe %s %s', 'GPG_AGENT_INFO': '/run/user/1000/gnupg/S.gpg-agent:0:1', 'GJS_DEBUG_OUTPUT': 'stderr', 'ROS_AUTOMATIC_DISCOVERY_RANGE': 'SUBNET', 'QT_IM_MODULE': 'ibus', 'PWD': '/home/xiaoming/桌面/MOON/Electronic/CleanBot_ws/build/cleanbot_control', 'XDG_CONFIG_DIRS': '/etc/xdg/xdg-ubuntu:/etc/xdg', 'VSCODE_CODE_CACHE_PATH': '/home/xiaoming/.config/Cursor/CachedData/60d42bed27e5775c43ec0428d8c653c49e58e260', 'XDG_DATA_DIRS': '/usr/share/ubuntu:/usr/share/gnome:/usr/local/share/:/usr/share/:/var/lib/snapd/desktop', 'QTWEBENGINE_DICTIONARIES_PATH': '/usr/share/hunspell-bdic/', 'PYTHONPATH': '/opt/ros/jazzy/lib/python3.12/site-packages', 'COLCON': '1', '_ZO_DOCTOR': '0', 'MEMORY_PRESSURE_WRITE': 'c29tZSAyMDAwMDAgMjAwMDAwMAA=', 'CMAKE_PREFIX_PATH': '/opt/ros/jazzy/opt/sdformat_vendor:/opt/ros/jazzy/opt/gz_math_vendor:/opt/ros/jazzy/opt/gz_utils_vendor:/opt/ros/jazzy/opt/gz_tools_vendor:/opt/ros/jazzy/opt/gz_cmake_vendor:/opt/ros/jazzy', 'VSCODE_PID': '3772'}), 'shell': False}
[0.700287] (-) TimerEvent: {}
[0.723894] (cleanbot_control) StdoutLine: {'line': b'[100%] Built target cleanbot_control\n'}
[0.730147] (cleanbot_control) CommandEnded: {'returncode': 0}
[0.730742] (cleanbot_control) JobProgress: {'identifier': 'cleanbot_control', 'progress': 'install'}
[0.736098] (cleanbot_control) Command: {'cmd': ['/usr/bin/cmake', '--install', '/home/xiaoming/桌面/MOON/Electronic/CleanBot_ws/build/cleanbot_control'], 'cwd': '/home/xiaoming/桌面/MOON/Electronic/CleanBot_ws/build/cleanbot_control', 'env': OrderedDict({'GJS_DEBUG_TOPICS': 'JS ERROR;JS LOG', 'LESSOPEN': '| /usr/bin/lesspipe %s', 'VSCODE_CWD': '/home/xiaoming', 'VSCODE_ESM_ENTRYPOINT': 'vs/workbench/api/node/extensionHostProcess', 'USER': 'xiaoming', 'VSCODE_NLS_CONFIG': '{"userLocale":"en-us","osLocale":"zh-cn","resolvedLanguage":"en","defaultMessagesFile":"/usr/share/cursor/resources/app/out/nls.messages.json","locale":"en-us","availableLanguages":{}}', 'GZ_CONFIG_PATH': '/opt/ros/jazzy/opt/sdformat_vendor/share/gz', 'VSCODE_HANDLES_UNCAUGHT_ERRORS': 'true', 'XDG_SESSION_TYPE': 'x11', 'CLUTTER_DISABLE_MIPMAPPED_TEXT': '1', 'SHLVL': '1', 'LD_LIBRARY_PATH': '/opt/ros/jazzy/opt/sdformat_vendor/lib:/opt/ros/jazzy/opt/rviz_ogre_vendor/lib:/opt/ros/jazzy/lib/x86_64-linux-gnu:/opt/ros/jazzy/opt/gz_math_vendor/lib:/opt/ros/jazzy/opt/gz_utils_vendor/lib:/opt/ros/jazzy/opt/gz_tools_vendor/lib:/opt/ros/jazzy/opt/gz_cmake_vendor/lib:/opt/ros/jazzy/lib', 'HOME': '/home/xiaoming', 'CHROME_DESKTOP': 'cursor.desktop', 'OLDPWD': '/home/xiaoming/桌面/MOON/Electronic/CleanBot_ws', 'DESKTOP_SESSION': 'ubuntu', 'VSCODE_IPC_HOOK': '/run/user/1000/vscode-279de512-2.1.-main.sock', 'GIO_LAUNCHED_DESKTOP_FILE': '/usr/share/applications/cursor.desktop', 'ROS_PYTHON_VERSION': '3', 'GNOME_SHELL_SESSION_MODE': 'ubuntu', 'GTK_MODULES': 'gail:atk-bridge', 'MANAGERPID': '2294', 'SYSTEMD_EXEC_PID': '2690', 'GSM_SKIP_SSH_AGENT_WORKAROUND': 'true', 'NO_COLOR': '1', 'DBUS_SESSION_BUS_ADDRESS': 'unix:path=/run/user/1000/bus', 'GIO_LAUNCHED_DESKTOP_FILE_PID': '3772', 'VSCODE_CRASH_REPORTER_PROCESS_TYPE': 'extensionHost', 'DEBUGINFOD_URLS': 'https://debuginfod.ubuntu.com', 'ROS_DISTRO': 'jazzy', 'LOGNAME': 'xiaoming', 'FORCE_COLOR': '0', 'JOURNAL_STREAM': '9:17068', '_': '/usr/bin/colcon', 'ROS_VERSION': '2', 'MEMORY_PRESSURE_WATCH': '/sys/fs/cgroup/user.slice/user-1000.slice/user@1000.service/session.slice/org.gnome.Shell@x11.service/memory.pressure', 'XDG_SESSION_CLASS': 'user', 'USERNAME': 'xiaoming', 'TERM': 'dumb', 'GNOME_DESKTOP_SESSION_ID': 'this-is-deprecated', 'COMPOSER_NO_INTERACTION': '1', 'WINDOWPATH': '2', 'PATH': '/opt/ros/jazzy/opt/gz_tools_vendor/bin:/opt/ros/jazzy/bin:/usr/local/sbin:/usr/local/bin:/usr/sbin:/usr/bin:/sbin:/bin:/usr/games:/usr/local/games:/snap/bin:/snap/bin', 'SESSION_MANAGER': 'local/Jarvis:@/tmp/.ICE-unix/2645,unix/Jarvis:/tmp/.ICE-unix/2645', 'INVOCATION_ID': '12cdcde7e6554121bdad728b73f86967', 'XDG_MENU_PREFIX': 'gnome-', 'VSCODE_PROCESS_TITLE': 'extension-host  [1-1]', 'XDG_RUNTIME_DIR': '/run/user/1000', 'GDK_BACKEND': 'x11', 'CURSOR_AGENT': '1', 'DISPLAY': ':1', 'LANG': 'zh_CN.UTF-8', 'XDG_CURRENT_DESKTOP': 'Unity', 'XMODIFIERS': '@im=ibus', 'XDG_SESSION_DESKTOP': 'ubuntu', 'XAUTHORITY': '/run/user/1000/gdm/Xauthority', 'LS_COLORS': '', 'SBX_CHROME_API_RQ': '1', 'CURSOR_TRACE_ID': 'de9013313ceb4ecc9b045ecf8ebe3e2f', 'SSH_AUTH_SOCK': '/run/user/1000/keyring/ssh', 'AMENT_PREFIX_PATH': '/opt/ros/jazzy', 'ORIGINAL_XDG_CURRENT_DESKTOP': 'ubuntu:GNOME', 'SHELL': '/bin/bash', 'QT_ACCESSIBILITY': '1', 'GDMSESSION': 'ubuntu', 'LESSCLOSE': '/usr/bin/lesspipe %s %s', 'GPG_AGENT_INFO': '/run/user/1000/gnupg/S.gpg-agent:0:1', 'GJS_DEBUG_OUTPUT': 'stderr', 'ROS_AUTOMATIC_DISCOVERY_RANGE': 'SUBNET', 'QT_IM_MODULE': 'ibus', 'PWD': '/home/xiaoming/桌面/MOON/Electronic/CleanBot_ws/build/cleanbot_control', 'XDG_CONFIG_DIRS': '/etc/xdg/xdg-ubuntu:/etc/xdg', 'VSCODE_CODE_CACHE_PATH': '/home/xiaoming/.config/Cursor/CachedData/60d42bed27e5775c43ec0428d8c653c49e58e260', 'XDG_DATA_DIRS': '/usr/share/ubuntu:/usr/share/gnome:/usr/local/share/:/usr/share/:/var/lib/snapd/desktop', 'QTWEBENGINE_DICTIONARIES_PATH': '/usr/share/hunspell-bdic/', 'PYTHONPATH': '/opt/ros/jazzy/lib/python3.12/site-packages', 'COLCON': '1', '_ZO_DOCTOR': '0', 'MEMORY_PRESSURE_WRITE': 'c29tZSAyMDAwMDAgMjAwMDAwMAA=', 'CMAKE_PREFIX_PATH': '/opt/ros/jazzy/opt/sdformat_vendor:/opt/ros/jazzy/opt/gz_math_vendor:/opt/ros/jazzy/opt/gz_utils_vendor:/opt/ros/jazzy/opt/gz_tools_vendor:/opt/ros/jazzy/opt/gz_cmake_vendor:/opt/ros/jazzy', 'VSCODE_PID': '3772'}), 'shell': False}
[0.740926] (cleanbot_control) StdoutLine: {'line': b'-- Install configuration: ""\n'}
[0.741227] (cleanbot_control) StdoutLine: {'line': b'-- Execute custom install script\n'}
[0.741387] (cleanbot_control) StdoutLine: {'line': b'-- Up-to-date symlink: /home/xiaoming/\xe6\xa1\x8c\xe9\x9d\xa2/MOON/Electronic/CleanBot_ws/install/cleanbot_control/share/cleanbot_control//cleanbot_control.xml\n'}
[0.741484] (cleanbot_control) StdoutLine: {'line': b'-- Up-to-date symlink: /home/xiaoming/\xe6\xa1\x8c\xe9\x9d\xa2/MOON/Electronic/CleanBot_ws/install/cleanbot_control/lib/libcleanbot_control.so\n'}
[0.741672] (cleanbot_control) StdoutLine: {'line': b'-- Up-to-date symlink: /home/xiaoming/\xe6\xa1\x8c\xe9\x9d\xa2/MOON/Electronic/CleanBot_ws/install/cleanbot_control/include/cleanbot_control/cleanbot_hardware_interface.hpp\n'}
[0.741762] (cleanbot_control) StdoutLine: {'line': b'-- Up-to-date symlink: /home/xiaoming/\xe6\xa1\x8c\xe9\x9d\xa2/MOON/Electronic/CleanBot_ws/install/cleanbot_control/lib/cleanbot_control/usb_communication_node.py\n'}
[0.741821] (cleanbot_control) StdoutLine: {'line': b'-- Up-to-date symlink: /home/xiaoming/\xe6\xa1\x8c\xe9\x9d\xa2/MOON/Electronic/CleanBot_ws/install/cleanbot_control/lib/cleanbot_control/web_control_node.py\n'}
[0.741971] (cleanbot_control) StdoutLine: {'line': b'-- Up-to-date symlink: /home/xiaoming/\xe6\xa1\x8c\xe9\x9d\xa2/MOON/Electronic/CleanBot_ws/install/cleanbot_control/share/cleanbot_control/launch/cleanbot.launch.py\n'}
[0.742028] (cleanbot_control) StdoutLine: {'line': b'-- Symlinking: /home/xiaoming/\xe6\xa1\x8c\xe9\x9d\xa2/MOON/Electronic/CleanBot_ws/install/cleanbot_control/share/cleanbot_control/launch/cleanbot_sim.launch.py\n'}
[0.747567] (cleanbot_control) StdoutLine: {'line': b'-- Up-to-date symlink: /home/xiaoming/\xe6\xa1\x8c\xe9\x9d\xa2/MOON/Electronic/CleanBot_ws/install/cleanbot_control/share/cleanbot_control/config/cleanbot.ros2_control.xacro\n'}
[0.747786] (cleanbot_control) StdoutLine: {'line': b'-- Up-to-date symlink: /home/xiaoming/\xe6\xa1\x8c\xe9\x9d\xa2/MOON/Electronic/CleanBot_ws/install/cleanbot_control/share/cleanbot_control/config/cleanbot_controllers.yaml\n'}
[0.747931] (cleanbot_control) StdoutLine: {'line': b'-- Up-to-date symlink: /home/xiaoming/\xe6\xa1\x8c\xe9\x9d\xa2/MOON/Electronic/CleanBot_ws/install/cleanbot_control/share/cleanbot_control/config/cleanbot_real.ros2_control.xacro\n'}
[0.747986] (cleanbot_control) StdoutLine: {'line': b'-- Up-to-date symlink: /home/xiaoming/\xe6\xa1\x8c\xe9\x9d\xa2/MOON/Electronic/CleanBot_ws/install/cleanbot_control/share/cleanbot_control/config/cleanbot_real.urdf.xacro\n'}
[0.748024] (cleanbot_control) StdoutLine: {'line': b'-- Up-to-date symlink: /home/xiaoming/\xe6\xa1\x8c\xe9\x9d\xa2/MOON/Electronic/CleanBot_ws/install/cleanbot_control/share/cleanbot_control/config/ekf.yaml\n'}
[0.748061] (cleanbot_control) StdoutLine: {'line': b'-- Symlinking: /home/xiaoming/\xe6\xa1\x8c\xe9\x9d\xa2/MOON/Electronic/CleanBot_ws/install/cleanbot_control/share/cleanbot_control/config/ekf_sim.yaml\n'}
[0.753391] (cleanbot_control) StdoutLine: {'line': b'-- Up-to-date symlink: /home/xiaoming/\xe6\xa1\x8c\xe9\x9d\xa2/MOON/Electronic/CleanBot_ws/install/cleanbot_control/share/cleanbot_control/web/static/control.js\n'}
[0.753514] (cleanbot_control) StdoutLine: {'line': b'-- Up-to-date symlink: /home/xiaoming/\xe6\xa1\x8c\xe9\x9d\xa2/MOON/Electronic/CleanBot_ws/install/cleanbot_control/share/cleanbot_control/web/templates/index.html\n'}
[0.753571] (cleanbot_control) StdoutLine: {'line': b'-- Up-to-date symlink: /home/xiaoming/\xe6\xa1\x8c\xe9\x9d\xa2/MOON/Electronic/CleanBot_ws/install/cleanbot_control/share/cleanbot_control/environment/library_path.sh\n'}
[0.753610] (cleanbot_control) StdoutLine: {'line': b'-- Up-to-date symlink: /home/xiaoming/\xe6\xa1\x8c\xe9\x9d\xa2/MOON/Electronic/CleanBot_ws/install/cleanbot_control/share/cleanbot_control/environment/library_path.dsv\n'}
[0.753660] (cleanbot_control) StdoutLine: {'line': b'-- Up-to-date symlink: /home/xiaoming/\xe6\xa1\x8c\xe9\x9d\xa2/MOON/Electronic/CleanBot_ws/install/cleanbot_control/share/ament_index/resource_index/package_run_dependencies/cleanbot_control\n'}
[0.753709] (cleanbot_control) StdoutLine: {'line': b'-- Up-to-date symlink: /home/xiaoming/\xe6\xa1\x8c\xe9\x9d\xa2/MOON/Electronic/CleanBot_ws/install/cleanbot_control/share/ament_index/resource_index/parent_prefix_path/cleanbot_control\n'}
[0.753777] (cleanbot_control) StdoutLine: {'line': b'-- Up-to-date symlink: /home/xiaoming/\xe6\xa1\x8c\xe9\x9d\xa2/MOON/Electronic/CleanBot_ws/install/cleanbot_control/share/cleanbot_control/environment/ament_prefix_path.sh\n'}
[0.753854] (cleanbot_control) StdoutLine: {'line': b'-- Up-to-date symlink: /home/xiaoming/\xe6\xa1\x8c\xe9\x9d\xa2/MOON/Electronic/CleanBot_ws/install/cleanbot_control/share/cleanbot_control/environment/ament_prefix_path.dsv\n'}
[0.753928] (cleanbot_control) StdoutLine: {'line': b'-- Up-to-date symlink: /home/xiaoming/\xe6\xa1\x8c\xe9\x9d\xa2/MOON/Electronic/CleanBot_ws/install/cleanbot_control/share/cleanbot_control/environment/path.sh\n'}
[0.754000] (cleanbot_control) StdoutLine: {'line': b'-- Up-to-date symlink: /home/xiaoming/\xe6\xa1\x8c\xe9\x9d\xa2/MOON/Electronic/CleanBot_ws/install/cleanbot_control/share/cleanbot_control/environment/path.dsv\n'}
[0.754111] (cleanbot_control) StdoutLine: {'line': b'-- Up-to-date symlink: /home/xiaoming/\xe6\xa1\x8c\xe9\x9d\xa2/MOON/Electronic/CleanBot_ws/install/cleanbot_control/share/cleanbot_control/local_setup.bash\n'}
[0.754167] (cleanbot_control) StdoutLine: {'line': b'-- Up-to-date symlink: /home/xiaoming/\xe6\xa1\x8c\xe9\x9d\xa2/MOON/Electronic/CleanBot_ws/install/cleanbot_control/share/cleanbot_control/local_setup.sh\n'}
[0.754217] (cleanbot_control) StdoutLine: {'line': b'-- Up-to-date symlink: /home/xiaoming/\xe6\xa1\x8c\xe9\x9d\xa2/MOON/Electronic/CleanBot_ws/install/cleanbot_control/share/cleanbot_control/local_setup.zsh\n'}
[0.754276] (cleanbot_control) StdoutLine: {'line': b'-- Up-to-date symlink: /home/xiaoming/\xe6\xa1\x8c\xe9\x9d\xa2/MOON/Electronic/CleanBot_ws/install/cleanbot_control/share/cleanbot_control/local_setup.dsv\n'}
[0.754330] (cleanbot_control) StdoutLine: {'line': b'-- Symlinking: /home/xiaoming/\xe6\xa1\x8c\xe9\x9d\xa2/MOON/Electronic/CleanBot_ws/install/cleanbot_control/share/cleanbot_control/package.dsv\n'}
[0.759803] (cleanbot_control) StdoutLine: {'line': b'-- Up-to-date symlink: /home/xiaoming/\xe6\xa1\x8c\xe9\x9d\xa2/MOON/Electronic/CleanBot_ws/install/cleanbot_control/share/ament_index/resource_index/packages/cleanbot_control\n'}
[0.759926] (cleanbot_control) StdoutLine: {'line': b'-- Up-to-date symlink: /home/xiaoming/\xe6\xa1\x8c\xe9\x9d\xa2/MOON/Electronic/CleanBot_ws/install/cleanbot_control/share/ament_index/resource_index/hardware_interface__pluginlib__plugin/cleanbot_control\n'}
[0.759986] (cleanbot_control) StdoutLine: {'line': b'-- Up-to-date symlink: /home/xiaoming/\xe6\xa1\x8c\xe9\x9d\xa2/MOON/Electronic/CleanBot_ws/install/cleanbot_control/share/cleanbot_control/cmake/ament_cmake_export_include_directories-extras.cmake\n'}
[0.760037] (cleanbot_control) StdoutLine: {'line': b'-- Up-to-date symlink: /home/xiaoming/\xe6\xa1\x8c\xe9\x9d\xa2/MOON/Electronic/CleanBot_ws/install/cleanbot_control/share/cleanbot_control/cmake/ament_cmake_export_libraries-extras.cmake\n'}
[0.760120] (cleanbot_control) StdoutLine: {'line': b'-- Up-to-date symlink: /home/xiaoming/\xe6\xa1\x8c\xe9\x9d\xa2/MOON/Electronic/CleanBot_ws/install/cleanbot_control/share/cleanbot_control/cmake/ament_cmake_export_dependencies-extras.cmake\n'}
[0.760203] (cleanbot_control) StdoutLine: {'line': b'-- Up-to-date symlink: /home/xiaoming/\xe6\xa1\x8c\xe9\x9d\xa2/MOON/Electronic/CleanBot_ws/install/cleanbot_control/share/cleanbot_control/cmake/cleanbot_controlConfig.cmake\n'}
[0.760256] (cleanbot_control) StdoutLine: {'line': b'-- Up-to-date symlink: /home/xiaoming/\xe6\xa1\x8c\xe9\x9d\xa2/MOON/Electronic/CleanBot_ws/install/cleanbot_control/share/cleanbot_control/cmake/cleanbot_controlConfig-version.cmake\n'}
[0.760336] (cleanbot_control) StdoutLine: {'line': b'-- Up-to-date symlink: /home/xiaoming/\xe6\xa1\x8c\xe9\x9d\xa2/MOON/Electronic/CleanBot_ws/install/cleanbot_control/share/cleanbot_control/package.xml\n'}
[0.761251] (cleanbot_control) CommandEnded: {'returncode': 0}
[0.771714] (cleanbot_control) JobEnded: {'identifier': 'cleanbot_control', 'rc': 0}
[0.771933] (-) EventReactorShutdown: {}
