[0.072s] DEBUG:colcon:Command line arguments: ['/usr/bin/colcon', 'build']
[0.072s] DEBUG:colcon:Parsed command line arguments: Namespace(log_base=None, log_level=None, verb_name='build', build_base='build', install_base='install', merge_install=False, symlink_install=False, test_result_base=None, continue_on_error=False, executor='parallel', parallel_workers=20, event_handlers=None, ignore_user_meta=False, metas=['./colcon.meta'], base_paths=['.'], packages_ignore=None, packages_ignore_regex=None, paths=None, packages_up_to=None, packages_up_to_regex=None, packages_above=None, packages_above_and_dependencies=None, packages_above_depth=None, packages_select_by_dep=None, packages_skip_by_dep=None, packages_skip_up_to=None, packages_select_build_failed=False, packages_skip_build_finished=False, packages_select_test_failures=False, packages_skip_test_passed=False, packages_select=None, packages_skip=None, packages_select_regex=None, packages_skip_regex=None, packages_start=None, packages_end=None, allow_overriding=[], cmake_args=None, cmake_target=None, cmake_target_skip_unavailable=False, cmake_clean_cache=False, cmake_clean_first=False, cmake_force_configure=False, ament_cmake_args=None, catkin_cmake_args=None, catkin_skip_building_tests=False, verb_parser=<colcon_defaults.argument_parser.defaults.DefaultArgumentsDecorator object at 0x7daf7c11db20>, verb_extension=<colcon_core.verb.build.BuildVerb object at 0x7daf7c11dac0>, main=<bound method BuildVerb.main of <colcon_core.verb.build.BuildVerb object at 0x7daf7c11dac0>>)
[0.111s] Level 1:colcon.colcon_core.package_discovery:discover_packages(colcon_meta) check parameters
[0.111s] Level 1:colcon.colcon_core.package_discovery:discover_packages(recursive) check parameters
[0.111s] Level 1:colcon.colcon_core.package_discovery:discover_packages(ignore) check parameters
[0.111s] Level 1:colcon.colcon_core.package_discovery:discover_packages(path) check parameters
[0.111s] Level 1:colcon.colcon_core.package_discovery:discover_packages(colcon_meta) discover
[0.111s] Level 1:colcon.colcon_core.package_discovery:discover_packages(recursive) discover
[0.111s] INFO:colcon.colcon_core.package_discovery:Crawling recursively for packages in '/home/xiaoming/桌面/MOON/Electronic/CleanBot_ws'
[0.112s] Level 1:colcon.colcon_core.package_identification:_identify(.) by extensions ['ignore', 'ignore_ament_install']
[0.112s] Level 1:colcon.colcon_core.package_identification:_identify(.) by extension 'ignore'
[0.112s] Level 1:colcon.colcon_core.package_identification:_identify(.) by extension 'ignore_ament_install'
[0.112s] Level 1:colcon.colcon_core.package_identification:_identify(.) by extensions ['colcon_pkg']
[0.112s] Level 1:colcon.colcon_core.package_identification:_identify(.) by extension 'colcon_pkg'
[0.112s] Level 1:colcon.colcon_core.package_identification:_identify(.) by extensions ['colcon_meta']
[0.112s] Level 1:colcon.colcon_core.package_identification:_identify(.) by extension 'colcon_meta'
[0.112s] Level 1:colcon.colcon_core.package_identification:_identify(.) by extensions ['ros']
[0.112s] Level 1:colcon.colcon_core.package_identification:_identify(.) by extension 'ros'
[0.129s] Level 1:colcon.colcon_core.package_identification:_identify(.) by extensions ['cmake', 'python']
[0.129s] Level 1:colcon.colcon_core.package_identification:_identify(.) by extension 'cmake'
[0.129s] Level 1:colcon.colcon_core.package_identification:_identify(.) by extension 'python'
[0.129s] Level 1:colcon.colcon_core.package_identification:_identify(.) by extensions ['python_setup_py']
[0.129s] Level 1:colcon.colcon_core.package_identification:_identify(.) by extension 'python_setup_py'
[0.129s] Level 1:colcon.colcon_core.package_identification:_identify(build) by extensions ['ignore', 'ignore_ament_install']
[0.129s] Level 1:colcon.colcon_core.package_identification:_identify(build) by extension 'ignore'
[0.129s] Level 1:colcon.colcon_core.package_identification:_identify(build) ignored
[0.129s] Level 1:colcon.colcon_core.package_identification:_identify(docs) by extensions ['ignore', 'ignore_ament_install']
[0.129s] Level 1:colcon.colcon_core.package_identification:_identify(docs) by extension 'ignore'
[0.129s] Level 1:colcon.colcon_core.package_identification:_identify(docs) by extension 'ignore_ament_install'
[0.130s] Level 1:colcon.colcon_core.package_identification:_identify(docs) by extensions ['colcon_pkg']
[0.130s] Level 1:colcon.colcon_core.package_identification:_identify(docs) by extension 'colcon_pkg'
[0.130s] Level 1:colcon.colcon_core.package_identification:_identify(docs) by extensions ['colcon_meta']
[0.130s] Level 1:colcon.colcon_core.package_identification:_identify(docs) by extension 'colcon_meta'
[0.130s] Level 1:colcon.colcon_core.package_identification:_identify(docs) by extensions ['ros']
[0.130s] Level 1:colcon.colcon_core.package_identification:_identify(docs) by extension 'ros'
[0.130s] Level 1:colcon.colcon_core.package_identification:_identify(docs) by extensions ['cmake', 'python']
[0.130s] Level 1:colcon.colcon_core.package_identification:_identify(docs) by extension 'cmake'
[0.130s] Level 1:colcon.colcon_core.package_identification:_identify(docs) by extension 'python'
[0.130s] Level 1:colcon.colcon_core.package_identification:_identify(docs) by extensions ['python_setup_py']
[0.130s] Level 1:colcon.colcon_core.package_identification:_identify(docs) by extension 'python_setup_py'
[0.130s] Level 1:colcon.colcon_core.package_identification:_identify(install) by extensions ['ignore', 'ignore_ament_install']
[0.130s] Level 1:colcon.colcon_core.package_identification:_identify(install) by extension 'ignore'
[0.130s] Level 1:colcon.colcon_core.package_identification:_identify(install) ignored
[0.130s] Level 1:colcon.colcon_core.package_identification:_identify(log) by extensions ['ignore', 'ignore_ament_install']
[0.130s] Level 1:colcon.colcon_core.package_identification:_identify(log) by extension 'ignore'
[0.130s] Level 1:colcon.colcon_core.package_identification:_identify(log) ignored
[0.130s] Level 1:colcon.colcon_core.package_identification:_identify(src) by extensions ['ignore', 'ignore_ament_install']
[0.130s] Level 1:colcon.colcon_core.package_identification:_identify(src) by extension 'ignore'
[0.130s] Level 1:colcon.colcon_core.package_identification:_identify(src) by extension 'ignore_ament_install'
[0.130s] Level 1:colcon.colcon_core.package_identification:_identify(src) by extensions ['colcon_pkg']
[0.130s] Level 1:colcon.colcon_core.package_identification:_identify(src) by extension 'colcon_pkg'
[0.130s] Level 1:colcon.colcon_core.package_identification:_identify(src) by extensions ['colcon_meta']
[0.130s] Level 1:colcon.colcon_core.package_identification:_identify(src) by extension 'colcon_meta'
[0.130s] Level 1:colcon.colcon_core.package_identification:_identify(src) by extensions ['ros']
[0.130s] Level 1:colcon.colcon_core.package_identification:_identify(src) by extension 'ros'
[0.130s] Level 1:colcon.colcon_core.package_identification:_identify(src) by extensions ['cmake', 'python']
[0.130s] Level 1:colcon.colcon_core.package_identification:_identify(src) by extension 'cmake'
[0.130s] Level 1:colcon.colcon_core.package_identification:_identify(src) by extension 'python'
[0.130s] Level 1:colcon.colcon_core.package_identification:_identify(src) by extensions ['python_setup_py']
[0.130s] Level 1:colcon.colcon_core.package_identification:_identify(src) by extension 'python_setup_py'
[0.130s] Level 1:colcon.colcon_core.package_identification:_identify(src/cleanbot_control) by extensions ['ignore', 'ignore_ament_install']
[0.130s] Level 1:colcon.colcon_core.package_identification:_identify(src/cleanbot_control) by extension 'ignore'
[0.130s] Level 1:colcon.colcon_core.package_identification:_identify(src/cleanbot_control) by extension 'ignore_ament_install'
[0.130s] Level 1:colcon.colcon_core.package_identification:_identify(src/cleanbot_control) by extensions ['colcon_pkg']
[0.130s] Level 1:colcon.colcon_core.package_identification:_identify(src/cleanbot_control) by extension 'colcon_pkg'
[0.130s] Level 1:colcon.colcon_core.package_identification:_identify(src/cleanbot_control) by extensions ['colcon_meta']
[0.130s] Level 1:colcon.colcon_core.package_identification:_identify(src/cleanbot_control) by extension 'colcon_meta'
[0.131s] Level 1:colcon.colcon_core.package_identification:_identify(src/cleanbot_control) by extensions ['ros']
[0.131s] Level 1:colcon.colcon_core.package_identification:_identify(src/cleanbot_control) by extension 'ros'
[0.133s] DEBUG:colcon.colcon_core.package_identification:Package 'src/cleanbot_control' with type 'ros.ament_cmake' and name 'cleanbot_control'
[0.133s] Level 1:colcon.colcon_core.package_identification:_identify(src/cleanbot_description) by extensions ['ignore', 'ignore_ament_install']
[0.133s] Level 1:colcon.colcon_core.package_identification:_identify(src/cleanbot_description) by extension 'ignore'
[0.133s] Level 1:colcon.colcon_core.package_identification:_identify(src/cleanbot_description) by extension 'ignore_ament_install'
[0.133s] Level 1:colcon.colcon_core.package_identification:_identify(src/cleanbot_description) by extensions ['colcon_pkg']
[0.133s] Level 1:colcon.colcon_core.package_identification:_identify(src/cleanbot_description) by extension 'colcon_pkg'
[0.133s] Level 1:colcon.colcon_core.package_identification:_identify(src/cleanbot_description) by extensions ['colcon_meta']
[0.133s] Level 1:colcon.colcon_core.package_identification:_identify(src/cleanbot_description) by extension 'colcon_meta'
[0.133s] Level 1:colcon.colcon_core.package_identification:_identify(src/cleanbot_description) by extensions ['ros']
[0.133s] Level 1:colcon.colcon_core.package_identification:_identify(src/cleanbot_description) by extension 'ros'
[0.134s] DEBUG:colcon.colcon_core.package_identification:Package 'src/cleanbot_description' with type 'ros.ament_cmake' and name 'cleanbot_description'
[0.134s] Level 1:colcon.colcon_core.package_identification:_identify(src/rplidar_ros) by extensions ['ignore', 'ignore_ament_install']
[0.134s] Level 1:colcon.colcon_core.package_identification:_identify(src/rplidar_ros) by extension 'ignore'
[0.134s] Level 1:colcon.colcon_core.package_identification:_identify(src/rplidar_ros) by extension 'ignore_ament_install'
[0.134s] Level 1:colcon.colcon_core.package_identification:_identify(src/rplidar_ros) by extensions ['colcon_pkg']
[0.134s] Level 1:colcon.colcon_core.package_identification:_identify(src/rplidar_ros) by extension 'colcon_pkg'
[0.134s] Level 1:colcon.colcon_core.package_identification:_identify(src/rplidar_ros) by extensions ['colcon_meta']
[0.134s] Level 1:colcon.colcon_core.package_identification:_identify(src/rplidar_ros) by extension 'colcon_meta'
[0.134s] Level 1:colcon.colcon_core.package_identification:_identify(src/rplidar_ros) by extensions ['ros']
[0.134s] Level 1:colcon.colcon_core.package_identification:_identify(src/rplidar_ros) by extension 'ros'
[0.134s] DEBUG:colcon.colcon_core.package_identification:Package 'src/rplidar_ros' with type 'ros.ament_cmake' and name 'rplidar_ros'
[0.134s] Level 1:colcon.colcon_core.package_discovery:discover_packages(recursive) using defaults
[0.134s] Level 1:colcon.colcon_core.package_discovery:discover_packages(ignore) discover
[0.134s] Level 1:colcon.colcon_core.package_discovery:discover_packages(ignore) using defaults
[0.134s] Level 1:colcon.colcon_core.package_discovery:discover_packages(path) discover
[0.134s] Level 1:colcon.colcon_core.package_discovery:discover_packages(path) using defaults
[0.148s] Level 1:colcon.colcon_core.package_discovery:discover_packages(prefix_path) check parameters
[0.149s] Level 1:colcon.colcon_core.package_discovery:discover_packages(prefix_path) discover
[0.152s] DEBUG:colcon.colcon_installed_package_information.package_discovery:Found 373 installed packages in /opt/ros/jazzy
[0.152s] Level 1:colcon.colcon_core.package_discovery:discover_packages(prefix_path) using defaults
[0.178s] Level 5:colcon.colcon_core.verb:set package 'cleanbot_control' build argument 'cmake_args' from command line to 'None'
[0.178s] Level 5:colcon.colcon_core.verb:set package 'cleanbot_control' build argument 'cmake_target' from command line to 'None'
[0.178s] Level 5:colcon.colcon_core.verb:set package 'cleanbot_control' build argument 'cmake_target_skip_unavailable' from command line to 'False'
[0.178s] Level 5:colcon.colcon_core.verb:set package 'cleanbot_control' build argument 'cmake_clean_cache' from command line to 'False'
[0.178s] Level 5:colcon.colcon_core.verb:set package 'cleanbot_control' build argument 'cmake_clean_first' from command line to 'False'
[0.178s] Level 5:colcon.colcon_core.verb:set package 'cleanbot_control' build argument 'cmake_force_configure' from command line to 'False'
[0.178s] Level 5:colcon.colcon_core.verb:set package 'cleanbot_control' build argument 'ament_cmake_args' from command line to 'None'
[0.178s] Level 5:colcon.colcon_core.verb:set package 'cleanbot_control' build argument 'catkin_cmake_args' from command line to 'None'
[0.178s] Level 5:colcon.colcon_core.verb:set package 'cleanbot_control' build argument 'catkin_skip_building_tests' from command line to 'False'
[0.178s] DEBUG:colcon.colcon_core.verb:Building package 'cleanbot_control' with the following arguments: {'ament_cmake_args': None, 'build_base': '/home/xiaoming/桌面/MOON/Electronic/CleanBot_ws/build/cleanbot_control', 'catkin_cmake_args': None, 'catkin_skip_building_tests': False, 'cmake_args': None, 'cmake_clean_cache': False, 'cmake_clean_first': False, 'cmake_force_configure': False, 'cmake_target': None, 'cmake_target_skip_unavailable': False, 'install_base': '/home/xiaoming/桌面/MOON/Electronic/CleanBot_ws/install/cleanbot_control', 'merge_install': False, 'path': '/home/xiaoming/桌面/MOON/Electronic/CleanBot_ws/src/cleanbot_control', 'symlink_install': False, 'test_result_base': None}
[0.178s] Level 5:colcon.colcon_core.verb:set package 'cleanbot_description' build argument 'cmake_args' from command line to 'None'
[0.178s] Level 5:colcon.colcon_core.verb:set package 'cleanbot_description' build argument 'cmake_target' from command line to 'None'
[0.178s] Level 5:colcon.colcon_core.verb:set package 'cleanbot_description' build argument 'cmake_target_skip_unavailable' from command line to 'False'
[0.178s] Level 5:colcon.colcon_core.verb:set package 'cleanbot_description' build argument 'cmake_clean_cache' from command line to 'False'
[0.178s] Level 5:colcon.colcon_core.verb:set package 'cleanbot_description' build argument 'cmake_clean_first' from command line to 'False'
[0.178s] Level 5:colcon.colcon_core.verb:set package 'cleanbot_description' build argument 'cmake_force_configure' from command line to 'False'
[0.178s] Level 5:colcon.colcon_core.verb:set package 'cleanbot_description' build argument 'ament_cmake_args' from command line to 'None'
[0.178s] Level 5:colcon.colcon_core.verb:set package 'cleanbot_description' build argument 'catkin_cmake_args' from command line to 'None'
[0.178s] Level 5:colcon.colcon_core.verb:set package 'cleanbot_description' build argument 'catkin_skip_building_tests' from command line to 'False'
[0.178s] DEBUG:colcon.colcon_core.verb:Building package 'cleanbot_description' with the following arguments: {'ament_cmake_args': None, 'build_base': '/home/xiaoming/桌面/MOON/Electronic/CleanBot_ws/build/cleanbot_description', 'catkin_cmake_args': None, 'catkin_skip_building_tests': False, 'cmake_args': None, 'cmake_clean_cache': False, 'cmake_clean_first': False, 'cmake_force_configure': False, 'cmake_target': None, 'cmake_target_skip_unavailable': False, 'install_base': '/home/xiaoming/桌面/MOON/Electronic/CleanBot_ws/install/cleanbot_description', 'merge_install': False, 'path': '/home/xiaoming/桌面/MOON/Electronic/CleanBot_ws/src/cleanbot_description', 'symlink_install': False, 'test_result_base': None}
[0.179s] Level 5:colcon.colcon_core.verb:set package 'rplidar_ros' build argument 'cmake_args' from command line to 'None'
[0.179s] Level 5:colcon.colcon_core.verb:set package 'rplidar_ros' build argument 'cmake_target' from command line to 'None'
[0.179s] Level 5:colcon.colcon_core.verb:set package 'rplidar_ros' build argument 'cmake_target_skip_unavailable' from command line to 'False'
[0.179s] Level 5:colcon.colcon_core.verb:set package 'rplidar_ros' build argument 'cmake_clean_cache' from command line to 'False'
[0.179s] Level 5:colcon.colcon_core.verb:set package 'rplidar_ros' build argument 'cmake_clean_first' from command line to 'False'
[0.179s] Level 5:colcon.colcon_core.verb:set package 'rplidar_ros' build argument 'cmake_force_configure' from command line to 'False'
[0.179s] Level 5:colcon.colcon_core.verb:set package 'rplidar_ros' build argument 'ament_cmake_args' from command line to 'None'
[0.179s] Level 5:colcon.colcon_core.verb:set package 'rplidar_ros' build argument 'catkin_cmake_args' from command line to 'None'
[0.179s] Level 5:colcon.colcon_core.verb:set package 'rplidar_ros' build argument 'catkin_skip_building_tests' from command line to 'False'
[0.179s] DEBUG:colcon.colcon_core.verb:Building package 'rplidar_ros' with the following arguments: {'ament_cmake_args': None, 'build_base': '/home/xiaoming/桌面/MOON/Electronic/CleanBot_ws/build/rplidar_ros', 'catkin_cmake_args': None, 'catkin_skip_building_tests': False, 'cmake_args': None, 'cmake_clean_cache': False, 'cmake_clean_first': False, 'cmake_force_configure': False, 'cmake_target': None, 'cmake_target_skip_unavailable': False, 'install_base': '/home/xiaoming/桌面/MOON/Electronic/CleanBot_ws/install/rplidar_ros', 'merge_install': False, 'path': '/home/xiaoming/桌面/MOON/Electronic/CleanBot_ws/src/rplidar_ros', 'symlink_install': False, 'test_result_base': None}
[0.179s] INFO:colcon.colcon_core.executor:Executing jobs using 'parallel' executor
[0.179s] DEBUG:colcon.colcon_parallel_executor.executor.parallel:run_until_complete
[0.179s] INFO:colcon.colcon_ros.task.ament_cmake.build:Building ROS package in '/home/xiaoming/桌面/MOON/Electronic/CleanBot_ws/src/cleanbot_control' with build type 'ament_cmake'
[0.180s] INFO:colcon.colcon_cmake.task.cmake.build:Building CMake package in '/home/xiaoming/桌面/MOON/Electronic/CleanBot_ws/src/cleanbot_control'
[0.182s] INFO:colcon.colcon_core.plugin_system:Skipping extension 'colcon_core.shell.bat': Not used on non-Windows systems
[0.182s] INFO:colcon.colcon_core.shell:Skip shell extension 'powershell' for command environment: Not usable outside of PowerShell
[0.182s] DEBUG:colcon.colcon_core.shell:Skip shell extension 'dsv' for command environment
[0.184s] INFO:colcon.colcon_ros.task.ament_cmake.build:Building ROS package in '/home/xiaoming/桌面/MOON/Electronic/CleanBot_ws/src/cleanbot_description' with build type 'ament_cmake'
[0.185s] INFO:colcon.colcon_cmake.task.cmake.build:Building CMake package in '/home/xiaoming/桌面/MOON/Electronic/CleanBot_ws/src/cleanbot_description'
[0.185s] INFO:colcon.colcon_core.shell:Skip shell extension 'powershell' for command environment: Not usable outside of PowerShell
[0.185s] DEBUG:colcon.colcon_core.shell:Skip shell extension 'dsv' for command environment
[0.186s] INFO:colcon.colcon_ros.task.ament_cmake.build:Building ROS package in '/home/xiaoming/桌面/MOON/Electronic/CleanBot_ws/src/rplidar_ros' with build type 'ament_cmake'
[0.187s] INFO:colcon.colcon_cmake.task.cmake.build:Building CMake package in '/home/xiaoming/桌面/MOON/Electronic/CleanBot_ws/src/rplidar_ros'
[0.187s] INFO:colcon.colcon_core.shell:Skip shell extension 'powershell' for command environment: Not usable outside of PowerShell
[0.187s] DEBUG:colcon.colcon_core.shell:Skip shell extension 'dsv' for command environment
[0.191s] DEBUG:colcon.colcon_core.event_handler.log_command:Invoking command in '/home/xiaoming/桌面/MOON/Electronic/CleanBot_ws/build/cleanbot_control': CMAKE_PREFIX_PATH=${CMAKE_PREFIX_PATH}:/opt/ros/jazzy DEBUGINFOD_URLS=https://debuginfod.ubuntu.com /usr/bin/cmake /home/xiaoming/桌面/MOON/Electronic/CleanBot_ws/src/cleanbot_control -DCMAKE_INSTALL_PREFIX=/home/xiaoming/桌面/MOON/Electronic/CleanBot_ws/install/cleanbot_control
[0.193s] DEBUG:colcon.colcon_core.event_handler.log_command:Invoking command in '/home/xiaoming/桌面/MOON/Electronic/CleanBot_ws/build/cleanbot_description': CMAKE_PREFIX_PATH=${CMAKE_PREFIX_PATH}:/opt/ros/jazzy DEBUGINFOD_URLS=https://debuginfod.ubuntu.com /usr/bin/cmake --build /home/xiaoming/桌面/MOON/Electronic/CleanBot_ws/build/cleanbot_description -- -j20 -l20
[0.195s] DEBUG:colcon.colcon_core.event_handler.log_command:Invoking command in '/home/xiaoming/桌面/MOON/Electronic/CleanBot_ws/build/rplidar_ros': CMAKE_PREFIX_PATH=${CMAKE_PREFIX_PATH}:/opt/ros/jazzy DEBUGINFOD_URLS=https://debuginfod.ubuntu.com /usr/bin/cmake --build /home/xiaoming/桌面/MOON/Electronic/CleanBot_ws/build/rplidar_ros -- -j20 -l20
[0.274s] DEBUG:colcon.colcon_core.event_handler.log_command:Invoked command in '/home/xiaoming/桌面/MOON/Electronic/CleanBot_ws/build/rplidar_ros' returned '0': CMAKE_PREFIX_PATH=${CMAKE_PREFIX_PATH}:/opt/ros/jazzy DEBUGINFOD_URLS=https://debuginfod.ubuntu.com /usr/bin/cmake --build /home/xiaoming/桌面/MOON/Electronic/CleanBot_ws/build/rplidar_ros -- -j20 -l20
[0.282s] DEBUG:colcon.colcon_core.event_handler.log_command:Invoking command in '/home/xiaoming/桌面/MOON/Electronic/CleanBot_ws/build/rplidar_ros': CMAKE_PREFIX_PATH=${CMAKE_PREFIX_PATH}:/opt/ros/jazzy DEBUGINFOD_URLS=https://debuginfod.ubuntu.com /usr/bin/cmake --install /home/xiaoming/桌面/MOON/Electronic/CleanBot_ws/build/rplidar_ros
[0.303s] Level 1:colcon.colcon_core.environment:create_environment_scripts_only(rplidar_ros)
[0.303s] DEBUG:colcon.colcon_core.event_handler.log_command:Invoked command in '/home/xiaoming/桌面/MOON/Electronic/CleanBot_ws/build/rplidar_ros' returned '0': CMAKE_PREFIX_PATH=${CMAKE_PREFIX_PATH}:/opt/ros/jazzy DEBUGINFOD_URLS=https://debuginfod.ubuntu.com /usr/bin/cmake --install /home/xiaoming/桌面/MOON/Electronic/CleanBot_ws/build/rplidar_ros
[0.307s] Level 1:colcon.colcon_core.environment:checking '/home/xiaoming/桌面/MOON/Electronic/CleanBot_ws/install/rplidar_ros' for CMake module files
[0.307s] Level 1:colcon.colcon_core.environment:checking '/home/xiaoming/桌面/MOON/Electronic/CleanBot_ws/install/rplidar_ros' for CMake config files
[0.307s] Level 1:colcon.colcon_core.shell:create_environment_hook('rplidar_ros', 'cmake_prefix_path')
[0.307s] INFO:colcon.colcon_core.shell:Creating environment hook '/home/xiaoming/桌面/MOON/Electronic/CleanBot_ws/install/rplidar_ros/share/rplidar_ros/hook/cmake_prefix_path.ps1'
[0.308s] INFO:colcon.colcon_core.shell:Creating environment descriptor '/home/xiaoming/桌面/MOON/Electronic/CleanBot_ws/install/rplidar_ros/share/rplidar_ros/hook/cmake_prefix_path.dsv'
[0.308s] INFO:colcon.colcon_core.shell:Creating environment hook '/home/xiaoming/桌面/MOON/Electronic/CleanBot_ws/install/rplidar_ros/share/rplidar_ros/hook/cmake_prefix_path.sh'
[0.309s] Level 1:colcon.colcon_core.environment:checking '/home/xiaoming/桌面/MOON/Electronic/CleanBot_ws/install/rplidar_ros/lib'
[0.309s] Level 1:colcon.colcon_core.environment:checking '/home/xiaoming/桌面/MOON/Electronic/CleanBot_ws/install/rplidar_ros/bin'
[0.309s] Level 1:colcon.colcon_core.environment:checking '/home/xiaoming/桌面/MOON/Electronic/CleanBot_ws/install/rplidar_ros/lib/pkgconfig/rplidar_ros.pc'
[0.309s] Level 1:colcon.colcon_core.environment:checking '/home/xiaoming/桌面/MOON/Electronic/CleanBot_ws/install/rplidar_ros/lib/python3.12/site-packages'
[0.309s] Level 1:colcon.colcon_core.environment:checking '/home/xiaoming/桌面/MOON/Electronic/CleanBot_ws/install/rplidar_ros/bin'
[0.309s] INFO:colcon.colcon_core.shell:Creating package script '/home/xiaoming/桌面/MOON/Electronic/CleanBot_ws/install/rplidar_ros/share/rplidar_ros/package.ps1'
[0.310s] INFO:colcon.colcon_core.shell:Creating package descriptor '/home/xiaoming/桌面/MOON/Electronic/CleanBot_ws/install/rplidar_ros/share/rplidar_ros/package.dsv'
[0.310s] INFO:colcon.colcon_core.shell:Creating package script '/home/xiaoming/桌面/MOON/Electronic/CleanBot_ws/install/rplidar_ros/share/rplidar_ros/package.sh'
[0.311s] INFO:colcon.colcon_core.shell:Creating package script '/home/xiaoming/桌面/MOON/Electronic/CleanBot_ws/install/rplidar_ros/share/rplidar_ros/package.bash'
[0.311s] INFO:colcon.colcon_core.shell:Creating package script '/home/xiaoming/桌面/MOON/Electronic/CleanBot_ws/install/rplidar_ros/share/rplidar_ros/package.zsh'
[0.312s] Level 1:colcon.colcon_core.environment:create_file_with_runtime_dependencies(/home/xiaoming/桌面/MOON/Electronic/CleanBot_ws/install/rplidar_ros/share/colcon-core/packages/rplidar_ros)
[0.312s] Level 1:colcon.colcon_core.environment:create_environment_scripts_only(rplidar_ros)
[0.312s] Level 1:colcon.colcon_core.environment:checking '/home/xiaoming/桌面/MOON/Electronic/CleanBot_ws/install/rplidar_ros' for CMake module files
[0.312s] Level 1:colcon.colcon_core.environment:checking '/home/xiaoming/桌面/MOON/Electronic/CleanBot_ws/install/rplidar_ros' for CMake config files
[0.313s] Level 1:colcon.colcon_core.shell:create_environment_hook('rplidar_ros', 'cmake_prefix_path')
[0.313s] INFO:colcon.colcon_core.shell:Creating environment hook '/home/xiaoming/桌面/MOON/Electronic/CleanBot_ws/install/rplidar_ros/share/rplidar_ros/hook/cmake_prefix_path.ps1'
[0.313s] INFO:colcon.colcon_core.shell:Creating environment descriptor '/home/xiaoming/桌面/MOON/Electronic/CleanBot_ws/install/rplidar_ros/share/rplidar_ros/hook/cmake_prefix_path.dsv'
[0.313s] INFO:colcon.colcon_core.shell:Creating environment hook '/home/xiaoming/桌面/MOON/Electronic/CleanBot_ws/install/rplidar_ros/share/rplidar_ros/hook/cmake_prefix_path.sh'
[0.313s] Level 1:colcon.colcon_core.environment:checking '/home/xiaoming/桌面/MOON/Electronic/CleanBot_ws/install/rplidar_ros/lib'
[0.313s] Level 1:colcon.colcon_core.environment:checking '/home/xiaoming/桌面/MOON/Electronic/CleanBot_ws/install/rplidar_ros/bin'
[0.313s] Level 1:colcon.colcon_core.environment:checking '/home/xiaoming/桌面/MOON/Electronic/CleanBot_ws/install/rplidar_ros/lib/pkgconfig/rplidar_ros.pc'
[0.314s] Level 1:colcon.colcon_core.environment:checking '/home/xiaoming/桌面/MOON/Electronic/CleanBot_ws/install/rplidar_ros/lib/python3.12/site-packages'
[0.314s] Level 1:colcon.colcon_core.environment:checking '/home/xiaoming/桌面/MOON/Electronic/CleanBot_ws/install/rplidar_ros/bin'
[0.314s] INFO:colcon.colcon_core.shell:Creating package script '/home/xiaoming/桌面/MOON/Electronic/CleanBot_ws/install/rplidar_ros/share/rplidar_ros/package.ps1'
[0.314s] INFO:colcon.colcon_core.shell:Creating package descriptor '/home/xiaoming/桌面/MOON/Electronic/CleanBot_ws/install/rplidar_ros/share/rplidar_ros/package.dsv'
[0.314s] INFO:colcon.colcon_core.shell:Creating package script '/home/xiaoming/桌面/MOON/Electronic/CleanBot_ws/install/rplidar_ros/share/rplidar_ros/package.sh'
[0.315s] INFO:colcon.colcon_core.shell:Creating package script '/home/xiaoming/桌面/MOON/Electronic/CleanBot_ws/install/rplidar_ros/share/rplidar_ros/package.bash'
[0.315s] INFO:colcon.colcon_core.shell:Creating package script '/home/xiaoming/桌面/MOON/Electronic/CleanBot_ws/install/rplidar_ros/share/rplidar_ros/package.zsh'
[0.315s] Level 1:colcon.colcon_core.environment:create_file_with_runtime_dependencies(/home/xiaoming/桌面/MOON/Electronic/CleanBot_ws/install/rplidar_ros/share/colcon-core/packages/rplidar_ros)
[0.474s] DEBUG:colcon.colcon_core.event_handler.log_command:Invoked command in '/home/xiaoming/桌面/MOON/Electronic/CleanBot_ws/build/cleanbot_description' returned '0': CMAKE_PREFIX_PATH=${CMAKE_PREFIX_PATH}:/opt/ros/jazzy DEBUGINFOD_URLS=https://debuginfod.ubuntu.com /usr/bin/cmake --build /home/xiaoming/桌面/MOON/Electronic/CleanBot_ws/build/cleanbot_description -- -j20 -l20
[0.474s] DEBUG:colcon.colcon_core.event_handler.log_command:Invoking command in '/home/xiaoming/桌面/MOON/Electronic/CleanBot_ws/build/cleanbot_description': CMAKE_PREFIX_PATH=${CMAKE_PREFIX_PATH}:/opt/ros/jazzy DEBUGINFOD_URLS=https://debuginfod.ubuntu.com /usr/bin/cmake --install /home/xiaoming/桌面/MOON/Electronic/CleanBot_ws/build/cleanbot_description
[0.492s] Level 1:colcon.colcon_core.environment:create_environment_scripts_only(cleanbot_description)
[0.492s] Level 1:colcon.colcon_core.environment:checking '/home/xiaoming/桌面/MOON/Electronic/CleanBot_ws/install/cleanbot_description' for CMake module files
[0.492s] DEBUG:colcon.colcon_core.event_handler.log_command:Invoked command in '/home/xiaoming/桌面/MOON/Electronic/CleanBot_ws/build/cleanbot_description' returned '0': CMAKE_PREFIX_PATH=${CMAKE_PREFIX_PATH}:/opt/ros/jazzy DEBUGINFOD_URLS=https://debuginfod.ubuntu.com /usr/bin/cmake --install /home/xiaoming/桌面/MOON/Electronic/CleanBot_ws/build/cleanbot_description
[0.492s] Level 1:colcon.colcon_core.environment:checking '/home/xiaoming/桌面/MOON/Electronic/CleanBot_ws/install/cleanbot_description' for CMake config files
[0.492s] Level 1:colcon.colcon_core.shell:create_environment_hook('cleanbot_description', 'cmake_prefix_path')
[0.493s] INFO:colcon.colcon_core.shell:Creating environment hook '/home/xiaoming/桌面/MOON/Electronic/CleanBot_ws/install/cleanbot_description/share/cleanbot_description/hook/cmake_prefix_path.ps1'
[0.493s] INFO:colcon.colcon_core.shell:Creating environment descriptor '/home/xiaoming/桌面/MOON/Electronic/CleanBot_ws/install/cleanbot_description/share/cleanbot_description/hook/cmake_prefix_path.dsv'
[0.493s] INFO:colcon.colcon_core.shell:Creating environment hook '/home/xiaoming/桌面/MOON/Electronic/CleanBot_ws/install/cleanbot_description/share/cleanbot_description/hook/cmake_prefix_path.sh'
[0.493s] Level 1:colcon.colcon_core.environment:checking '/home/xiaoming/桌面/MOON/Electronic/CleanBot_ws/install/cleanbot_description/bin'
[0.494s] Level 1:colcon.colcon_core.environment:checking '/home/xiaoming/桌面/MOON/Electronic/CleanBot_ws/install/cleanbot_description/lib/pkgconfig/cleanbot_description.pc'
[0.494s] Level 1:colcon.colcon_core.environment:checking '/home/xiaoming/桌面/MOON/Electronic/CleanBot_ws/install/cleanbot_description/lib/python3.12/site-packages'
[0.494s] Level 1:colcon.colcon_core.environment:checking '/home/xiaoming/桌面/MOON/Electronic/CleanBot_ws/install/cleanbot_description/bin'
[0.494s] INFO:colcon.colcon_core.shell:Creating package script '/home/xiaoming/桌面/MOON/Electronic/CleanBot_ws/install/cleanbot_description/share/cleanbot_description/package.ps1'
[0.494s] INFO:colcon.colcon_core.shell:Creating package descriptor '/home/xiaoming/桌面/MOON/Electronic/CleanBot_ws/install/cleanbot_description/share/cleanbot_description/package.dsv'
[0.495s] INFO:colcon.colcon_core.shell:Creating package script '/home/xiaoming/桌面/MOON/Electronic/CleanBot_ws/install/cleanbot_description/share/cleanbot_description/package.sh'
[0.495s] INFO:colcon.colcon_core.shell:Creating package script '/home/xiaoming/桌面/MOON/Electronic/CleanBot_ws/install/cleanbot_description/share/cleanbot_description/package.bash'
[0.495s] INFO:colcon.colcon_core.shell:Creating package script '/home/xiaoming/桌面/MOON/Electronic/CleanBot_ws/install/cleanbot_description/share/cleanbot_description/package.zsh'
[0.495s] Level 1:colcon.colcon_core.environment:create_file_with_runtime_dependencies(/home/xiaoming/桌面/MOON/Electronic/CleanBot_ws/install/cleanbot_description/share/colcon-core/packages/cleanbot_description)
[0.495s] Level 1:colcon.colcon_core.environment:create_environment_scripts_only(cleanbot_description)
[0.495s] Level 1:colcon.colcon_core.environment:checking '/home/xiaoming/桌面/MOON/Electronic/CleanBot_ws/install/cleanbot_description' for CMake module files
[0.496s] Level 1:colcon.colcon_core.environment:checking '/home/xiaoming/桌面/MOON/Electronic/CleanBot_ws/install/cleanbot_description' for CMake config files
[0.496s] Level 1:colcon.colcon_core.shell:create_environment_hook('cleanbot_description', 'cmake_prefix_path')
[0.496s] INFO:colcon.colcon_core.shell:Creating environment hook '/home/xiaoming/桌面/MOON/Electronic/CleanBot_ws/install/cleanbot_description/share/cleanbot_description/hook/cmake_prefix_path.ps1'
[0.496s] INFO:colcon.colcon_core.shell:Creating environment descriptor '/home/xiaoming/桌面/MOON/Electronic/CleanBot_ws/install/cleanbot_description/share/cleanbot_description/hook/cmake_prefix_path.dsv'
[0.496s] INFO:colcon.colcon_core.shell:Creating environment hook '/home/xiaoming/桌面/MOON/Electronic/CleanBot_ws/install/cleanbot_description/share/cleanbot_description/hook/cmake_prefix_path.sh'
[0.497s] Level 1:colcon.colcon_core.environment:checking '/home/xiaoming/桌面/MOON/Electronic/CleanBot_ws/install/cleanbot_description/bin'
[0.497s] Level 1:colcon.colcon_core.environment:checking '/home/xiaoming/桌面/MOON/Electronic/CleanBot_ws/install/cleanbot_description/lib/pkgconfig/cleanbot_description.pc'
[0.497s] Level 1:colcon.colcon_core.environment:checking '/home/xiaoming/桌面/MOON/Electronic/CleanBot_ws/install/cleanbot_description/lib/python3.12/site-packages'
[0.497s] Level 1:colcon.colcon_core.environment:checking '/home/xiaoming/桌面/MOON/Electronic/CleanBot_ws/install/cleanbot_description/bin'
[0.497s] INFO:colcon.colcon_core.shell:Creating package script '/home/xiaoming/桌面/MOON/Electronic/CleanBot_ws/install/cleanbot_description/share/cleanbot_description/package.ps1'
[0.498s] INFO:colcon.colcon_core.shell:Creating package descriptor '/home/xiaoming/桌面/MOON/Electronic/CleanBot_ws/install/cleanbot_description/share/cleanbot_description/package.dsv'
[0.498s] INFO:colcon.colcon_core.shell:Creating package script '/home/xiaoming/桌面/MOON/Electronic/CleanBot_ws/install/cleanbot_description/share/cleanbot_description/package.sh'
[0.498s] INFO:colcon.colcon_core.shell:Creating package script '/home/xiaoming/桌面/MOON/Electronic/CleanBot_ws/install/cleanbot_description/share/cleanbot_description/package.bash'
[0.499s] INFO:colcon.colcon_core.shell:Creating package script '/home/xiaoming/桌面/MOON/Electronic/CleanBot_ws/install/cleanbot_description/share/cleanbot_description/package.zsh'
[0.499s] Level 1:colcon.colcon_core.environment:create_file_with_runtime_dependencies(/home/xiaoming/桌面/MOON/Electronic/CleanBot_ws/install/cleanbot_description/share/colcon-core/packages/cleanbot_description)
[1.014s] DEBUG:colcon.colcon_core.event_handler.log_command:Invoked command in '/home/xiaoming/桌面/MOON/Electronic/CleanBot_ws/build/cleanbot_control' returned '0': CMAKE_PREFIX_PATH=${CMAKE_PREFIX_PATH}:/opt/ros/jazzy DEBUGINFOD_URLS=https://debuginfod.ubuntu.com /usr/bin/cmake /home/xiaoming/桌面/MOON/Electronic/CleanBot_ws/src/cleanbot_control -DCMAKE_INSTALL_PREFIX=/home/xiaoming/桌面/MOON/Electronic/CleanBot_ws/install/cleanbot_control
[1.015s] DEBUG:colcon.colcon_core.event_handler.log_command:Invoking command in '/home/xiaoming/桌面/MOON/Electronic/CleanBot_ws/build/cleanbot_control': CMAKE_PREFIX_PATH=${CMAKE_PREFIX_PATH}:/opt/ros/jazzy DEBUGINFOD_URLS=https://debuginfod.ubuntu.com /usr/bin/cmake --build /home/xiaoming/桌面/MOON/Electronic/CleanBot_ws/build/cleanbot_control -- -j20 -l20
[7.686s] DEBUG:colcon.colcon_core.event_handler.log_command:Invoked command in '/home/xiaoming/桌面/MOON/Electronic/CleanBot_ws/build/cleanbot_control' returned '0': CMAKE_PREFIX_PATH=${CMAKE_PREFIX_PATH}:/opt/ros/jazzy DEBUGINFOD_URLS=https://debuginfod.ubuntu.com /usr/bin/cmake --build /home/xiaoming/桌面/MOON/Electronic/CleanBot_ws/build/cleanbot_control -- -j20 -l20
[7.687s] DEBUG:colcon.colcon_core.event_handler.log_command:Invoking command in '/home/xiaoming/桌面/MOON/Electronic/CleanBot_ws/build/cleanbot_control': CMAKE_PREFIX_PATH=${CMAKE_PREFIX_PATH}:/opt/ros/jazzy DEBUGINFOD_URLS=https://debuginfod.ubuntu.com /usr/bin/cmake --install /home/xiaoming/桌面/MOON/Electronic/CleanBot_ws/build/cleanbot_control
[7.703s] Level 1:colcon.colcon_core.environment:create_environment_scripts_only(cleanbot_control)
[7.703s] Level 1:colcon.colcon_core.environment:checking '/home/xiaoming/桌面/MOON/Electronic/CleanBot_ws/install/cleanbot_control' for CMake module files
[7.704s] DEBUG:colcon.colcon_core.event_handler.log_command:Invoked command in '/home/xiaoming/桌面/MOON/Electronic/CleanBot_ws/build/cleanbot_control' returned '0': CMAKE_PREFIX_PATH=${CMAKE_PREFIX_PATH}:/opt/ros/jazzy DEBUGINFOD_URLS=https://debuginfod.ubuntu.com /usr/bin/cmake --install /home/xiaoming/桌面/MOON/Electronic/CleanBot_ws/build/cleanbot_control
[7.704s] Level 1:colcon.colcon_core.environment:checking '/home/xiaoming/桌面/MOON/Electronic/CleanBot_ws/install/cleanbot_control' for CMake config files
[7.704s] Level 1:colcon.colcon_core.shell:create_environment_hook('cleanbot_control', 'cmake_prefix_path')
[7.704s] INFO:colcon.colcon_core.shell:Creating environment hook '/home/xiaoming/桌面/MOON/Electronic/CleanBot_ws/install/cleanbot_control/share/cleanbot_control/hook/cmake_prefix_path.ps1'
[7.705s] INFO:colcon.colcon_core.shell:Creating environment descriptor '/home/xiaoming/桌面/MOON/Electronic/CleanBot_ws/install/cleanbot_control/share/cleanbot_control/hook/cmake_prefix_path.dsv'
[7.705s] INFO:colcon.colcon_core.shell:Creating environment hook '/home/xiaoming/桌面/MOON/Electronic/CleanBot_ws/install/cleanbot_control/share/cleanbot_control/hook/cmake_prefix_path.sh'
[7.705s] Level 1:colcon.colcon_core.environment:checking '/home/xiaoming/桌面/MOON/Electronic/CleanBot_ws/install/cleanbot_control/lib'
[7.705s] Level 1:colcon.colcon_core.shell:create_environment_hook('cleanbot_control', 'ld_library_path_lib')
[7.705s] INFO:colcon.colcon_core.shell:Creating environment hook '/home/xiaoming/桌面/MOON/Electronic/CleanBot_ws/install/cleanbot_control/share/cleanbot_control/hook/ld_library_path_lib.ps1'
[7.706s] INFO:colcon.colcon_core.shell:Creating environment descriptor '/home/xiaoming/桌面/MOON/Electronic/CleanBot_ws/install/cleanbot_control/share/cleanbot_control/hook/ld_library_path_lib.dsv'
[7.706s] INFO:colcon.colcon_core.shell:Creating environment hook '/home/xiaoming/桌面/MOON/Electronic/CleanBot_ws/install/cleanbot_control/share/cleanbot_control/hook/ld_library_path_lib.sh'
[7.706s] Level 1:colcon.colcon_core.environment:checking '/home/xiaoming/桌面/MOON/Electronic/CleanBot_ws/install/cleanbot_control/bin'
[7.706s] Level 1:colcon.colcon_core.environment:checking '/home/xiaoming/桌面/MOON/Electronic/CleanBot_ws/install/cleanbot_control/lib/pkgconfig/cleanbot_control.pc'
[7.706s] Level 1:colcon.colcon_core.environment:checking '/home/xiaoming/桌面/MOON/Electronic/CleanBot_ws/install/cleanbot_control/lib/python3.12/site-packages'
[7.706s] Level 1:colcon.colcon_core.environment:checking '/home/xiaoming/桌面/MOON/Electronic/CleanBot_ws/install/cleanbot_control/bin'
[7.707s] INFO:colcon.colcon_core.shell:Creating package script '/home/xiaoming/桌面/MOON/Electronic/CleanBot_ws/install/cleanbot_control/share/cleanbot_control/package.ps1'
[7.707s] INFO:colcon.colcon_core.shell:Creating package descriptor '/home/xiaoming/桌面/MOON/Electronic/CleanBot_ws/install/cleanbot_control/share/cleanbot_control/package.dsv'
[7.707s] INFO:colcon.colcon_core.shell:Creating package script '/home/xiaoming/桌面/MOON/Electronic/CleanBot_ws/install/cleanbot_control/share/cleanbot_control/package.sh'
[7.707s] INFO:colcon.colcon_core.shell:Creating package script '/home/xiaoming/桌面/MOON/Electronic/CleanBot_ws/install/cleanbot_control/share/cleanbot_control/package.bash'
[7.708s] INFO:colcon.colcon_core.shell:Creating package script '/home/xiaoming/桌面/MOON/Electronic/CleanBot_ws/install/cleanbot_control/share/cleanbot_control/package.zsh'
[7.708s] Level 1:colcon.colcon_core.environment:create_file_with_runtime_dependencies(/home/xiaoming/桌面/MOON/Electronic/CleanBot_ws/install/cleanbot_control/share/colcon-core/packages/cleanbot_control)
[7.708s] Level 1:colcon.colcon_core.environment:create_environment_scripts_only(cleanbot_control)
[7.708s] Level 1:colcon.colcon_core.environment:checking '/home/xiaoming/桌面/MOON/Electronic/CleanBot_ws/install/cleanbot_control' for CMake module files
[7.708s] Level 1:colcon.colcon_core.environment:checking '/home/xiaoming/桌面/MOON/Electronic/CleanBot_ws/install/cleanbot_control' for CMake config files
[7.709s] Level 1:colcon.colcon_core.shell:create_environment_hook('cleanbot_control', 'cmake_prefix_path')
[7.709s] INFO:colcon.colcon_core.shell:Creating environment hook '/home/xiaoming/桌面/MOON/Electronic/CleanBot_ws/install/cleanbot_control/share/cleanbot_control/hook/cmake_prefix_path.ps1'
[7.709s] INFO:colcon.colcon_core.shell:Creating environment descriptor '/home/xiaoming/桌面/MOON/Electronic/CleanBot_ws/install/cleanbot_control/share/cleanbot_control/hook/cmake_prefix_path.dsv'
[7.709s] INFO:colcon.colcon_core.shell:Creating environment hook '/home/xiaoming/桌面/MOON/Electronic/CleanBot_ws/install/cleanbot_control/share/cleanbot_control/hook/cmake_prefix_path.sh'
[7.710s] Level 1:colcon.colcon_core.environment:checking '/home/xiaoming/桌面/MOON/Electronic/CleanBot_ws/install/cleanbot_control/lib'
[7.710s] Level 1:colcon.colcon_core.shell:create_environment_hook('cleanbot_control', 'ld_library_path_lib')
[7.710s] INFO:colcon.colcon_core.shell:Creating environment hook '/home/xiaoming/桌面/MOON/Electronic/CleanBot_ws/install/cleanbot_control/share/cleanbot_control/hook/ld_library_path_lib.ps1'
[7.710s] INFO:colcon.colcon_core.shell:Creating environment descriptor '/home/xiaoming/桌面/MOON/Electronic/CleanBot_ws/install/cleanbot_control/share/cleanbot_control/hook/ld_library_path_lib.dsv'
[7.711s] INFO:colcon.colcon_core.shell:Creating environment hook '/home/xiaoming/桌面/MOON/Electronic/CleanBot_ws/install/cleanbot_control/share/cleanbot_control/hook/ld_library_path_lib.sh'
[7.711s] Level 1:colcon.colcon_core.environment:checking '/home/xiaoming/桌面/MOON/Electronic/CleanBot_ws/install/cleanbot_control/bin'
[7.711s] Level 1:colcon.colcon_core.environment:checking '/home/xiaoming/桌面/MOON/Electronic/CleanBot_ws/install/cleanbot_control/lib/pkgconfig/cleanbot_control.pc'
[7.711s] Level 1:colcon.colcon_core.environment:checking '/home/xiaoming/桌面/MOON/Electronic/CleanBot_ws/install/cleanbot_control/lib/python3.12/site-packages'
[7.712s] Level 1:colcon.colcon_core.environment:checking '/home/xiaoming/桌面/MOON/Electronic/CleanBot_ws/install/cleanbot_control/bin'
[7.712s] INFO:colcon.colcon_core.shell:Creating package script '/home/xiaoming/桌面/MOON/Electronic/CleanBot_ws/install/cleanbot_control/share/cleanbot_control/package.ps1'
[7.712s] INFO:colcon.colcon_core.shell:Creating package descriptor '/home/xiaoming/桌面/MOON/Electronic/CleanBot_ws/install/cleanbot_control/share/cleanbot_control/package.dsv'
[7.713s] INFO:colcon.colcon_core.shell:Creating package script '/home/xiaoming/桌面/MOON/Electronic/CleanBot_ws/install/cleanbot_control/share/cleanbot_control/package.sh'
[7.713s] INFO:colcon.colcon_core.shell:Creating package script '/home/xiaoming/桌面/MOON/Electronic/CleanBot_ws/install/cleanbot_control/share/cleanbot_control/package.bash'
[7.713s] INFO:colcon.colcon_core.shell:Creating package script '/home/xiaoming/桌面/MOON/Electronic/CleanBot_ws/install/cleanbot_control/share/cleanbot_control/package.zsh'
[7.713s] Level 1:colcon.colcon_core.environment:create_file_with_runtime_dependencies(/home/xiaoming/桌面/MOON/Electronic/CleanBot_ws/install/cleanbot_control/share/colcon-core/packages/cleanbot_control)
[7.713s] DEBUG:colcon.colcon_parallel_executor.executor.parallel:closing loop
[7.713s] DEBUG:colcon.colcon_parallel_executor.executor.parallel:loop closed
[7.714s] DEBUG:colcon.colcon_parallel_executor.executor.parallel:run_until_complete finished with '0'
[7.714s] DEBUG:colcon.colcon_core.event_reactor:joining thread
[7.718s] INFO:colcon.colcon_core.plugin_system:Skipping extension 'colcon_notification.desktop_notification.terminal_notifier': Not used on non-Darwin systems
[7.718s] INFO:colcon.colcon_core.plugin_system:Skipping extension 'colcon_notification.desktop_notification.win32': Not used on non-Windows systems
[7.718s] INFO:colcon.colcon_notification.desktop_notification:Sending desktop notification using 'notify2'
[7.728s] DEBUG:colcon.colcon_core.event_reactor:joined thread
[7.728s] INFO:colcon.colcon_core.shell:Creating prefix script '/home/xiaoming/桌面/MOON/Electronic/CleanBot_ws/install/local_setup.ps1'
[7.729s] INFO:colcon.colcon_core.shell:Creating prefix util module '/home/xiaoming/桌面/MOON/Electronic/CleanBot_ws/install/_local_setup_util_ps1.py'
[7.730s] INFO:colcon.colcon_core.shell:Creating prefix chain script '/home/xiaoming/桌面/MOON/Electronic/CleanBot_ws/install/setup.ps1'
[7.731s] INFO:colcon.colcon_core.shell:Creating prefix script '/home/xiaoming/桌面/MOON/Electronic/CleanBot_ws/install/local_setup.sh'
[7.731s] INFO:colcon.colcon_core.shell:Creating prefix util module '/home/xiaoming/桌面/MOON/Electronic/CleanBot_ws/install/_local_setup_util_sh.py'
[7.732s] INFO:colcon.colcon_core.shell:Creating prefix chain script '/home/xiaoming/桌面/MOON/Electronic/CleanBot_ws/install/setup.sh'
[7.732s] INFO:colcon.colcon_core.shell:Creating prefix script '/home/xiaoming/桌面/MOON/Electronic/CleanBot_ws/install/local_setup.bash'
[7.732s] INFO:colcon.colcon_core.shell:Creating prefix chain script '/home/xiaoming/桌面/MOON/Electronic/CleanBot_ws/install/setup.bash'
[7.733s] INFO:colcon.colcon_core.shell:Creating prefix script '/home/xiaoming/桌面/MOON/Electronic/CleanBot_ws/install/local_setup.zsh'
[7.733s] INFO:colcon.colcon_core.shell:Creating prefix chain script '/home/xiaoming/桌面/MOON/Electronic/CleanBot_ws/install/setup.zsh'
